-------------------------------------------------------------------------------
Test set: com.example.ordermanagement.controller.OrderControllerTest
-------------------------------------------------------------------------------
Tests run: 8, Failures: 5, Errors: 3, Skipped: 0, Time elapsed: 7.294 s <<< FAILURE! -- in com.example.ordermanagement.controller.OrderControllerTest
com.example.ordermanagement.controller.OrderControllerTest.cancelOrder_WhenOrderIsPending_ShouldCancelOrder -- Time elapsed: 1.008 s <<< FAILURE!
java.lang.AssertionError: No value at JSON path "$.id"
	at org.springframework.test.util.JsonPathExpectationsHelper.evaluateJsonPath(JsonPathExpectationsHelper.java:302)
	at org.springframework.test.util.JsonPathExpectationsHelper.assertValue(JsonPathExpectationsHelper.java:99)
	at org.springframework.test.web.servlet.result.JsonPathResultMatchers.lambda$value$2(JsonPathResultMatchers.java:111)
	at org.springframework.test.web.servlet.MockMvc$1.andExpect(MockMvc.java:214)
	at com.example.ordermanagement.controller.OrderControllerTest.cancelOrder_WhenOrderIsPending_ShouldCancelOrder(OrderControllerTest.java:128)
	at java.base/java.lang.reflect.Method.invoke(Method.java:569)
	at java.base/java.util.ArrayList.forEach(ArrayList.java:1511)
	at java.base/java.util.ArrayList.forEach(ArrayList.java:1511)
Caused by: com.jayway.jsonpath.InvalidJsonException: net.minidev.json.parser.ParseException: Malicious payload, having non natural depths, parsing stoped on [ at position 27666.
	at com.jayway.jsonpath.spi.json.JsonSmartJsonProvider.parse(JsonSmartJsonProvider.java:64)
	at com.jayway.jsonpath.JsonPath.read(JsonPath.java:393)
	at com.jayway.jsonpath.JsonPath.read(JsonPath.java:377)
	at org.springframework.test.util.JsonPathExpectationsHelper.evaluateJsonPath(JsonPathExpectationsHelper.java:299)
	... 7 more
Caused by: net.minidev.json.parser.ParseException: Malicious payload, having non natural depths, parsing stoped on [ at position 27666.
	at net.minidev.json.parser.JSONParserBase.readArray(JSONParserBase.java:302)
	at net.minidev.json.parser.JSONParserBase.readMain(JSONParserBase.java:470)
	at net.minidev.json.parser.JSONParserBase.readObject(JSONParserBase.java:614)
	at net.minidev.json.parser.JSONParserBase.readMain(JSONParserBase.java:467)
	at net.minidev.json.parser.JSONParserBase.readObject(JSONParserBase.java:614)
	at net.minidev.json.parser.JSONParserBase.readMain(JSONParserBase.java:467)
	at net.minidev.json.parser.JSONParserBase.readArray(JSONParserBase.java:337)
	at net.minidev.json.parser.JSONParserBase.readMain(JSONParserBase.java:470)
	at net.minidev.json.parser.JSONParserBase.readObject(JSONParserBase.java:614)
	at net.minidev.json.parser.JSONParserBase.readMain(JSONParserBase.java:467)
	at net.minidev.json.parser.JSONParserBase.readObject(JSONParserBase.java:614)
	at net.minidev.json.parser.JSONParserBase.readMain(JSONParserBase.java:467)
	at net.minidev.json.parser.JSONParserBase.readArray(JSONParserBase.java:337)
	at net.minidev.json.parser.JSONParserBase.readMain(JSONParserBase.java:470)
	at net.minidev.json.parser.JSONParserBase.readObject(JSONParserBase.java:614)
	at net.minidev.json.parser.JSONParserBase.readMain(JSONParserBase.java:467)
	at net.minidev.json.parser.JSONParserBase.readObject(JSONParserBase.java:614)
	at net.minidev.json.parser.JSONParserBase.readMain(JSONParserBase.java:467)
	at net.minidev.json.parser.JSONParserBase.readArray(JSONParserBase.java:337)
	at net.minidev.json.parser.JSONParserBase.readMain(JSONParserBase.java:470)
	at net.minidev.json.parser.JSONParserBase.readObject(JSONParserBase.java:614)
	at net.minidev.json.parser.JSONParserBase.readMain(JSONParserBase.java:467)
	at net.minidev.json.parser.JSONParserBase.readObject(JSONParserBase.java:614)
	at net.minidev.json.parser.JSONParserBase.readMain(JSONParserBase.java:467)
	at net.minidev.json.parser.JSONParserBase.readArray(JSONParserBase.java:337)
	at net.minidev.json.parser.JSONParserBase.readMain(JSONParserBase.java:470)
	at net.minidev.json.parser.JSONParserBase.readObject(JSONParserBase.java:614)
	at net.minidev.json.parser.JSONParserBase.readMain(JSONParserBase.java:467)
	at net.minidev.json.parser.JSONParserBase.readObject(JSONParserBase.java:614)
	at net.minidev.json.parser.JSONParserBase.readMain(JSONParserBase.java:467)
	at net.minidev.json.parser.JSONParserBase.readArray(JSONParserBase.java:337)
	at net.minidev.json.parser.JSONParserBase.readMain(JSONParserBase.java:470)
	at net.minidev.json.parser.JSONParserBase.readObject(JSONParserBase.java:614)
	at net.minidev.json.parser.JSONParserBase.readMain(JSONParserBase.java:467)
	at net.minidev.json.parser.JSONParserBase.readObject(JSONParserBase.java:614)
	at net.minidev.json.parser.JSONParserBase.readMain(JSONParserBase.java:467)
	at net.minidev.json.parser.JSONParserBase.readArray(JSONParserBase.java:337)
	at net.minidev.json.parser.JSONParserBase.readMain(JSONParserBase.java:470)
	at net.minidev.json.parser.JSONParserBase.readObject(JSONParserBase.java:614)
	at net.minidev.json.parser.JSONParserBase.readMain(JSONParserBase.java:467)
	at net.minidev.json.parser.JSONParserBase.readObject(JSONParserBase.java:614)
	at net.minidev.json.parser.JSONParserBase.readMain(JSONParserBase.java:467)
	at net.minidev.json.parser.JSONParserBase.readArray(JSONParserBase.java:337)
	at net.minidev.json.parser.JSONParserBase.readMain(JSONParserBase.java:470)
	at net.minidev.json.parser.JSONParserBase.readObject(JSONParserBase.java:614)
	at net.minidev.json.parser.JSONParserBase.readMain(JSONParserBase.java:467)
	at net.minidev.json.parser.JSONParserBase.readObject(JSONParserBase.java:614)
	at net.minidev.json.parser.JSONParserBase.readMain(JSONParserBase.java:467)
	at net.minidev.json.parser.JSONParserBase.readArray(JSONParserBase.java:337)
	at net.minidev.json.parser.JSONParserBase.readMain(JSONParserBase.java:470)
	at net.minidev.json.parser.JSONParserBase.readObject(JSONParserBase.java:614)
	at net.minidev.json.parser.JSONParserBase.readMain(JSONParserBase.java:467)
	at net.minidev.json.parser.JSONParserBase.readObject(JSONParserBase.java:614)
	at net.minidev.json.parser.JSONParserBase.readMain(JSONParserBase.java:467)
	at net.minidev.json.parser.JSONParserBase.readArray(JSONParserBase.java:337)
	at net.minidev.json.parser.JSONParserBase.readMain(JSONParserBase.java:470)
	at net.minidev.json.parser.JSONParserBase.readObject(JSONParserBase.java:614)
	at net.minidev.json.parser.JSONParserBase.readMain(JSONParserBase.java:467)
	at net.minidev.json.parser.JSONParserBase.readObject(JSONParserBase.java:614)
	at net.minidev.json.parser.JSONParserBase.readMain(JSONParserBase.java:467)
	at net.minidev.json.parser.JSONParserBase.readArray(JSONParserBase.java:337)
	at net.minidev.json.parser.JSONParserBase.readMain(JSONParserBase.java:470)
	at net.minidev.json.parser.JSONParserBase.readObject(JSONParserBase.java:614)
	at net.minidev.json.parser.JSONParserBase.readMain(JSONParserBase.java:467)
	at net.minidev.json.parser.JSONParserBase.readObject(JSONParserBase.java:614)
	at net.minidev.json.parser.JSONParserBase.readMain(JSONParserBase.java:467)
	at net.minidev.json.parser.JSONParserBase.readArray(JSONParserBase.java:337)
	at net.minidev.json.parser.JSONParserBase.readMain(JSONParserBase.java:470)
	at net.minidev.json.parser.JSONParserBase.readObject(JSONParserBase.java:614)
	at net.minidev.json.parser.JSONParserBase.readMain(JSONParserBase.java:467)
	at net.minidev.json.parser.JSONParserBase.readObject(JSONParserBase.java:614)
	at net.minidev.json.parser.JSONParserBase.readMain(JSONParserBase.java:467)
	at net.minidev.json.parser.JSONParserBase.readArray(JSONParserBase.java:337)
	at net.minidev.json.parser.JSONParserBase.readMain(JSONParserBase.java:470)
	at net.minidev.json.parser.JSONParserBase.readObject(JSONParserBase.java:614)
	at net.minidev.json.parser.JSONParserBase.readMain(JSONParserBase.java:467)
	at net.minidev.json.parser.JSONParserBase.readObject(JSONParserBase.java:614)
	at net.minidev.json.parser.JSONParserBase.readMain(JSONParserBase.java:467)
	at net.minidev.json.parser.JSONParserBase.readArray(JSONParserBase.java:337)
	at net.minidev.json.parser.JSONParserBase.readMain(JSONParserBase.java:470)
	at net.minidev.json.parser.JSONParserBase.readObject(JSONParserBase.java:614)
	at net.minidev.json.parser.JSONParserBase.readMain(JSONParserBase.java:467)
	at net.minidev.json.parser.JSONParserBase.readObject(JSONParserBase.java:614)
	at net.minidev.json.parser.JSONParserBase.readMain(JSONParserBase.java:467)
	at net.minidev.json.parser.JSONParserBase.readArray(JSONParserBase.java:337)
	at net.minidev.json.parser.JSONParserBase.readMain(JSONParserBase.java:470)
	at net.minidev.json.parser.JSONParserBase.readObject(JSONParserBase.java:614)
	at net.minidev.json.parser.JSONParserBase.readMain(JSONParserBase.java:467)
	at net.minidev.json.parser.JSONParserBase.readObject(JSONParserBase.java:614)
	at net.minidev.json.parser.JSONParserBase.readMain(JSONParserBase.java:467)
	at net.minidev.json.parser.JSONParserBase.readArray(JSONParserBase.java:337)
	at net.minidev.json.parser.JSONParserBase.readMain(JSONParserBase.java:470)
	at net.minidev.json.parser.JSONParserBase.readObject(JSONParserBase.java:614)
	at net.minidev.json.parser.JSONParserBase.readMain(JSONParserBase.java:467)
	at net.minidev.json.parser.JSONParserBase.readObject(JSONParserBase.java:614)
	at net.minidev.json.parser.JSONParserBase.readMain(JSONParserBase.java:467)
	at net.minidev.json.parser.JSONParserBase.readArray(JSONParserBase.java:337)
	at net.minidev.json.parser.JSONParserBase.readMain(JSONParserBase.java:470)
	at net.minidev.json.parser.JSONParserBase.readObject(JSONParserBase.java:614)
	at net.minidev.json.parser.JSONParserBase.readMain(JSONParserBase.java:467)
	at net.minidev.json.parser.JSONParserBase.readObject(JSONParserBase.java:614)
	at net.minidev.json.parser.JSONParserBase.readMain(JSONParserBase.java:467)
	at net.minidev.json.parser.JSONParserBase.readArray(JSONParserBase.java:337)
	at net.minidev.json.parser.JSONParserBase.readMain(JSONParserBase.java:470)
	at net.minidev.json.parser.JSONParserBase.readObject(JSONParserBase.java:614)
	at net.minidev.json.parser.JSONParserBase.readMain(JSONParserBase.java:467)
	at net.minidev.json.parser.JSONParserBase.readObject(JSONParserBase.java:614)
	at net.minidev.json.parser.JSONParserBase.readMain(JSONParserBase.java:467)
	at net.minidev.json.parser.JSONParserBase.readArray(JSONParserBase.java:337)
	at net.minidev.json.parser.JSONParserBase.readMain(JSONParserBase.java:470)
	at net.minidev.json.parser.JSONParserBase.readObject(JSONParserBase.java:614)
	at net.minidev.json.parser.JSONParserBase.readMain(JSONParserBase.java:467)
	at net.minidev.json.parser.JSONParserBase.readObject(JSONParserBase.java:614)
	at net.minidev.json.parser.JSONParserBase.readMain(JSONParserBase.java:467)
	at net.minidev.json.parser.JSONParserBase.readArray(JSONParserBase.java:337)
	at net.minidev.json.parser.JSONParserBase.readMain(JSONParserBase.java:470)
	at net.minidev.json.parser.JSONParserBase.readObject(JSONParserBase.java:614)
	at net.minidev.json.parser.JSONParserBase.readMain(JSONParserBase.java:467)
	at net.minidev.json.parser.JSONParserBase.readObject(JSONParserBase.java:614)
	at net.minidev.json.parser.JSONParserBase.readMain(JSONParserBase.java:467)
	at net.minidev.json.parser.JSONParserBase.readArray(JSONParserBase.java:337)
	at net.minidev.json.parser.JSONParserBase.readMain(JSONParserBase.java:470)
	at net.minidev.json.parser.JSONParserBase.readObject(JSONParserBase.java:614)
	at net.minidev.json.parser.JSONParserBase.readMain(JSONParserBase.java:467)
	at net.minidev.json.parser.JSONParserBase.readObject(JSONParserBase.java:614)
	at net.minidev.json.parser.JSONParserBase.readMain(JSONParserBase.java:467)
	at net.minidev.json.parser.JSONParserBase.readArray(JSONParserBase.java:337)
	at net.minidev.json.parser.JSONParserBase.readMain(JSONParserBase.java:470)
	at net.minidev.json.parser.JSONParserBase.readObject(JSONParserBase.java:614)
	at net.minidev.json.parser.JSONParserBase.readMain(JSONParserBase.java:467)
	at net.minidev.json.parser.JSONParserBase.readObject(JSONParserBase.java:614)
	at net.minidev.json.parser.JSONParserBase.readMain(JSONParserBase.java:467)
	at net.minidev.json.parser.JSONParserBase.readArray(JSONParserBase.java:337)
	at net.minidev.json.parser.JSONParserBase.readMain(JSONParserBase.java:470)
	at net.minidev.json.parser.JSONParserBase.readObject(JSONParserBase.java:614)
	at net.minidev.json.parser.JSONParserBase.readMain(JSONParserBase.java:467)
	at net.minidev.json.parser.JSONParserBase.readObject(JSONParserBase.java:614)
	at net.minidev.json.parser.JSONParserBase.readMain(JSONParserBase.java:467)
	at net.minidev.json.parser.JSONParserBase.readArray(JSONParserBase.java:337)
	at net.minidev.json.parser.JSONParserBase.readMain(JSONParserBase.java:470)
	at net.minidev.json.parser.JSONParserBase.readObject(JSONParserBase.java:614)
	at net.minidev.json.parser.JSONParserBase.readMain(JSONParserBase.java:467)
	at net.minidev.json.parser.JSONParserBase.readObject(JSONParserBase.java:614)
	at net.minidev.json.parser.JSONParserBase.readMain(JSONParserBase.java:467)
	at net.minidev.json.parser.JSONParserBase.readArray(JSONParserBase.java:337)
	at net.minidev.json.parser.JSONParserBase.readMain(JSONParserBase.java:470)
	at net.minidev.json.parser.JSONParserBase.readObject(JSONParserBase.java:614)
	at net.minidev.json.parser.JSONParserBase.readMain(JSONParserBase.java:467)
	at net.minidev.json.parser.JSONParserBase.readObject(JSONParserBase.java:614)
	at net.minidev.json.parser.JSONParserBase.readMain(JSONParserBase.java:467)
	at net.minidev.json.parser.JSONParserBase.readArray(JSONParserBase.java:337)
	at net.minidev.json.parser.JSONParserBase.readMain(JSONParserBase.java:470)
	at net.minidev.json.parser.JSONParserBase.readObject(JSONParserBase.java:614)
	at net.minidev.json.parser.JSONParserBase.readMain(JSONParserBase.java:467)
	at net.minidev.json.parser.JSONParserBase.readObject(JSONParserBase.java:614)
	at net.minidev.json.parser.JSONParserBase.readMain(JSONParserBase.java:467)
	at net.minidev.json.parser.JSONParserBase.readArray(JSONParserBase.java:337)
	at net.minidev.json.parser.JSONParserBase.readMain(JSONParserBase.java:470)
	at net.minidev.json.parser.JSONParserBase.readObject(JSONParserBase.java:614)
	at net.minidev.json.parser.JSONParserBase.readMain(JSONParserBase.java:467)
	at net.minidev.json.parser.JSONParserBase.readObject(JSONParserBase.java:614)
	at net.minidev.json.parser.JSONParserBase.readMain(JSONParserBase.java:467)
	at net.minidev.json.parser.JSONParserBase.readArray(JSONParserBase.java:337)
	at net.minidev.json.parser.JSONParserBase.readMain(JSONParserBase.java:470)
	at net.minidev.json.parser.JSONParserBase.readObject(JSONParserBase.java:614)
	at net.minidev.json.parser.JSONParserBase.readMain(JSONParserBase.java:467)
	at net.minidev.json.parser.JSONParserBase.readObject(JSONParserBase.java:614)
	at net.minidev.json.parser.JSONParserBase.readMain(JSONParserBase.java:467)
	at net.minidev.json.parser.JSONParserBase.readArray(JSONParserBase.java:337)
	at net.minidev.json.parser.JSONParserBase.readMain(JSONParserBase.java:470)
	at net.minidev.json.parser.JSONParserBase.readObject(JSONParserBase.java:614)
	at net.minidev.json.parser.JSONParserBase.readMain(JSONParserBase.java:467)
	at net.minidev.json.parser.JSONParserBase.readObject(JSONParserBase.java:614)
	at net.minidev.json.parser.JSONParserBase.readMain(JSONParserBase.java:467)
	at net.minidev.json.parser.JSONParserBase.readArray(JSONParserBase.java:337)
	at net.minidev.json.parser.JSONParserBase.readMain(JSONParserBase.java:470)
	at net.minidev.json.parser.JSONParserBase.readObject(JSONParserBase.java:614)
	at net.minidev.json.parser.JSONParserBase.readMain(JSONParserBase.java:467)
	at net.minidev.json.parser.JSONParserBase.readObject(JSONParserBase.java:614)
	at net.minidev.json.parser.JSONParserBase.readMain(JSONParserBase.java:467)
	at net.minidev.json.parser.JSONParserBase.readArray(JSONParserBase.java:337)
	at net.minidev.json.parser.JSONParserBase.readMain(JSONParserBase.java:470)
	at net.minidev.json.parser.JSONParserBase.readObject(JSONParserBase.java:614)
	at net.minidev.json.parser.JSONParserBase.readMain(JSONParserBase.java:467)
	at net.minidev.json.parser.JSONParserBase.readObject(JSONParserBase.java:614)
	at net.minidev.json.parser.JSONParserBase.readMain(JSONParserBase.java:467)
	at net.minidev.json.parser.JSONParserBase.readArray(JSONParserBase.java:337)
	at net.minidev.json.parser.JSONParserBase.readMain(JSONParserBase.java:470)
	at net.minidev.json.parser.JSONParserBase.readObject(JSONParserBase.java:614)
	at net.minidev.json.parser.JSONParserBase.readMain(JSONParserBase.java:467)
	at net.minidev.json.parser.JSONParserBase.readObject(JSONParserBase.java:614)
	at net.minidev.json.parser.JSONParserBase.readMain(JSONParserBase.java:467)
	at net.minidev.json.parser.JSONParserBase.readArray(JSONParserBase.java:337)
	at net.minidev.json.parser.JSONParserBase.readMain(JSONParserBase.java:470)
	at net.minidev.json.parser.JSONParserBase.readObject(JSONParserBase.java:614)
	at net.minidev.json.parser.JSONParserBase.readMain(JSONParserBase.java:467)
	at net.minidev.json.parser.JSONParserBase.readObject(JSONParserBase.java:614)
	at net.minidev.json.parser.JSONParserBase.readMain(JSONParserBase.java:467)
	at net.minidev.json.parser.JSONParserBase.readArray(JSONParserBase.java:337)
	at net.minidev.json.parser.JSONParserBase.readMain(JSONParserBase.java:470)
	at net.minidev.json.parser.JSONParserBase.readObject(JSONParserBase.java:614)
	at net.minidev.json.parser.JSONParserBase.readMain(JSONParserBase.java:467)
	at net.minidev.json.parser.JSONParserBase.readObject(JSONParserBase.java:614)
	at net.minidev.json.parser.JSONParserBase.readMain(JSONParserBase.java:467)
	at net.minidev.json.parser.JSONParserBase.readArray(JSONParserBase.java:337)
	at net.minidev.json.parser.JSONParserBase.readMain(JSONParserBase.java:470)
	at net.minidev.json.parser.JSONParserBase.readObject(JSONParserBase.java:614)
	at net.minidev.json.parser.JSONParserBase.readMain(JSONParserBase.java:467)
	at net.minidev.json.parser.JSONParserBase.readObject(JSONParserBase.java:614)
	at net.minidev.json.parser.JSONParserBase.readMain(JSONParserBase.java:467)
	at net.minidev.json.parser.JSONParserBase.readArray(JSONParserBase.java:337)
	at net.minidev.json.parser.JSONParserBase.readMain(JSONParserBase.java:470)
	at net.minidev.json.parser.JSONParserBase.readObject(JSONParserBase.java:614)
	at net.minidev.json.parser.JSONParserBase.readMain(JSONParserBase.java:467)
	at net.minidev.json.parser.JSONParserBase.readObject(JSONParserBase.java:614)
	at net.minidev.json.parser.JSONParserBase.readMain(JSONParserBase.java:467)
	at net.minidev.json.parser.JSONParserBase.readArray(JSONParserBase.java:337)
	at net.minidev.json.parser.JSONParserBase.readMain(JSONParserBase.java:470)
	at net.minidev.json.parser.JSONParserBase.readObject(JSONParserBase.java:614)
	at net.minidev.json.parser.JSONParserBase.readMain(JSONParserBase.java:467)
	at net.minidev.json.parser.JSONParserBase.readObject(JSONParserBase.java:614)
	at net.minidev.json.parser.JSONParserBase.readMain(JSONParserBase.java:467)
	at net.minidev.json.parser.JSONParserBase.readArray(JSONParserBase.java:337)
	at net.minidev.json.parser.JSONParserBase.readMain(JSONParserBase.java:470)
	at net.minidev.json.parser.JSONParserBase.readObject(JSONParserBase.java:614)
	at net.minidev.json.parser.JSONParserBase.readMain(JSONParserBase.java:467)
	at net.minidev.json.parser.JSONParserBase.readObject(JSONParserBase.java:614)
	at net.minidev.json.parser.JSONParserBase.readMain(JSONParserBase.java:467)
	at net.minidev.json.parser.JSONParserBase.readArray(JSONParserBase.java:337)
	at net.minidev.json.parser.JSONParserBase.readMain(JSONParserBase.java:470)
	at net.minidev.json.parser.JSONParserBase.readObject(JSONParserBase.java:614)
	at net.minidev.json.parser.JSONParserBase.readMain(JSONParserBase.java:467)
	at net.minidev.json.parser.JSONParserBase.readObject(JSONParserBase.java:614)
	at net.minidev.json.parser.JSONParserBase.readMain(JSONParserBase.java:467)
	at net.minidev.json.parser.JSONParserBase.readArray(JSONParserBase.java:337)
	at net.minidev.json.parser.JSONParserBase.readMain(JSONParserBase.java:470)
	at net.minidev.json.parser.JSONParserBase.readObject(JSONParserBase.java:614)
	at net.minidev.json.parser.JSONParserBase.readMain(JSONParserBase.java:467)
	at net.minidev.json.parser.JSONParserBase.readObject(JSONParserBase.java:614)
	at net.minidev.json.parser.JSONParserBase.readMain(JSONParserBase.java:467)
	at net.minidev.json.parser.JSONParserBase.readArray(JSONParserBase.java:337)
	at net.minidev.json.parser.JSONParserBase.readMain(JSONParserBase.java:470)
	at net.minidev.json.parser.JSONParserBase.readObject(JSONParserBase.java:614)
	at net.minidev.json.parser.JSONParserBase.readMain(JSONParserBase.java:467)
	at net.minidev.json.parser.JSONParserBase.readObject(JSONParserBase.java:614)
	at net.minidev.json.parser.JSONParserBase.readMain(JSONParserBase.java:467)
	at net.minidev.json.parser.JSONParserBase.readArray(JSONParserBase.java:337)
	at net.minidev.json.parser.JSONParserBase.readMain(JSONParserBase.java:470)
	at net.minidev.json.parser.JSONParserBase.readObject(JSONParserBase.java:614)
	at net.minidev.json.parser.JSONParserBase.readMain(JSONParserBase.java:467)
	at net.minidev.json.parser.JSONParserBase.readObject(JSONParserBase.java:614)
	at net.minidev.json.parser.JSONParserBase.readMain(JSONParserBase.java:467)
	at net.minidev.json.parser.JSONParserBase.readArray(JSONParserBase.java:337)
	at net.minidev.json.parser.JSONParserBase.readMain(JSONParserBase.java:470)
	at net.minidev.json.parser.JSONParserBase.readObject(JSONParserBase.java:614)
	at net.minidev.json.parser.JSONParserBase.readMain(JSONParserBase.java:467)
	at net.minidev.json.parser.JSONParserBase.readObject(JSONParserBase.java:614)
	at net.minidev.json.parser.JSONParserBase.readMain(JSONParserBase.java:467)
	at net.minidev.json.parser.JSONParserBase.readArray(JSONParserBase.java:337)
	at net.minidev.json.parser.JSONParserBase.readMain(JSONParserBase.java:470)
	at net.minidev.json.parser.JSONParserBase.readObject(JSONParserBase.java:614)
	at net.minidev.json.parser.JSONParserBase.readMain(JSONParserBase.java:467)
	at net.minidev.json.parser.JSONParserBase.readObject(JSONParserBase.java:614)
	at net.minidev.json.parser.JSONParserBase.readMain(JSONParserBase.java:467)
	at net.minidev.json.parser.JSONParserBase.readArray(JSONParserBase.java:337)
	at net.minidev.json.parser.JSONParserBase.readMain(JSONParserBase.java:470)
	at net.minidev.json.parser.JSONParserBase.readObject(JSONParserBase.java:614)
	at net.minidev.json.parser.JSONParserBase.readMain(JSONParserBase.java:467)
	at net.minidev.json.parser.JSONParserBase.readObject(JSONParserBase.java:614)
	at net.minidev.json.parser.JSONParserBase.readMain(JSONParserBase.java:467)
	at net.minidev.json.parser.JSONParserBase.readArray(JSONParserBase.java:337)
	at net.minidev.json.parser.JSONParserBase.readMain(JSONParserBase.java:470)
	at net.minidev.json.parser.JSONParserBase.readObject(JSONParserBase.java:614)
	at net.minidev.json.parser.JSONParserBase.readMain(JSONParserBase.java:467)
	at net.minidev.json.parser.JSONParserBase.readObject(JSONParserBase.java:614)
	at net.minidev.json.parser.JSONParserBase.readMain(JSONParserBase.java:467)
	at net.minidev.json.parser.JSONParserBase.readArray(JSONParserBase.java:337)
	at net.minidev.json.parser.JSONParserBase.readMain(JSONParserBase.java:470)
	at net.minidev.json.parser.JSONParserBase.readObject(JSONParserBase.java:614)
	at net.minidev.json.parser.JSONParserBase.readMain(JSONParserBase.java:467)
	at net.minidev.json.parser.JSONParserBase.readObject(JSONParserBase.java:614)
	at net.minidev.json.parser.JSONParserBase.readMain(JSONParserBase.java:467)
	at net.minidev.json.parser.JSONParserBase.readArray(JSONParserBase.java:337)
	at net.minidev.json.parser.JSONParserBase.readMain(JSONParserBase.java:470)
	at net.minidev.json.parser.JSONParserBase.readObject(JSONParserBase.java:614)
	at net.minidev.json.parser.JSONParserBase.readMain(JSONParserBase.java:467)
	at net.minidev.json.parser.JSONParserBase.readObject(JSONParserBase.java:614)
	at net.minidev.json.parser.JSONParserBase.readMain(JSONParserBase.java:467)
	at net.minidev.json.parser.JSONParserBase.readArray(JSONParserBase.java:337)
	at net.minidev.json.parser.JSONParserBase.readMain(JSONParserBase.java:470)
	at net.minidev.json.parser.JSONParserBase.readObject(JSONParserBase.java:614)
	at net.minidev.json.parser.JSONParserBase.readMain(JSONParserBase.java:467)
	at net.minidev.json.parser.JSONParserBase.readObject(JSONParserBase.java:614)
	at net.minidev.json.parser.JSONParserBase.readMain(JSONParserBase.java:467)
	at net.minidev.json.parser.JSONParserBase.readArray(JSONParserBase.java:337)
	at net.minidev.json.parser.JSONParserBase.readMain(JSONParserBase.java:470)
	at net.minidev.json.parser.JSONParserBase.readObject(JSONParserBase.java:614)
	at net.minidev.json.parser.JSONParserBase.readMain(JSONParserBase.java:467)
	at net.minidev.json.parser.JSONParserBase.readObject(JSONParserBase.java:614)
	at net.minidev.json.parser.JSONParserBase.readMain(JSONParserBase.java:467)
	at net.minidev.json.parser.JSONParserBase.readArray(JSONParserBase.java:337)
	at net.minidev.json.parser.JSONParserBase.readMain(JSONParserBase.java:470)
	at net.minidev.json.parser.JSONParserBase.readObject(JSONParserBase.java:614)
	at net.minidev.json.parser.JSONParserBase.readMain(JSONParserBase.java:467)
	at net.minidev.json.parser.JSONParserBase.readObject(JSONParserBase.java:614)
	at net.minidev.json.parser.JSONParserBase.readMain(JSONParserBase.java:467)
	at net.minidev.json.parser.JSONParserBase.readArray(JSONParserBase.java:337)
	at net.minidev.json.parser.JSONParserBase.readMain(JSONParserBase.java:470)
	at net.minidev.json.parser.JSONParserBase.readObject(JSONParserBase.java:614)
	at net.minidev.json.parser.JSONParserBase.readMain(JSONParserBase.java:467)
	at net.minidev.json.parser.JSONParserBase.readObject(JSONParserBase.java:614)
	at net.minidev.json.parser.JSONParserBase.readMain(JSONParserBase.java:467)
	at net.minidev.json.parser.JSONParserBase.readArray(JSONParserBase.java:337)
	at net.minidev.json.parser.JSONParserBase.readMain(JSONParserBase.java:470)
	at net.minidev.json.parser.JSONParserBase.readObject(JSONParserBase.java:614)
	at net.minidev.json.parser.JSONParserBase.readMain(JSONParserBase.java:467)
	at net.minidev.json.parser.JSONParserBase.readObject(JSONParserBase.java:614)
	at net.minidev.json.parser.JSONParserBase.readMain(JSONParserBase.java:467)
	at net.minidev.json.parser.JSONParserBase.readArray(JSONParserBase.java:337)
	at net.minidev.json.parser.JSONParserBase.readMain(JSONParserBase.java:470)
	at net.minidev.json.parser.JSONParserBase.readObject(JSONParserBase.java:614)
	at net.minidev.json.parser.JSONParserBase.readMain(JSONParserBase.java:467)
	at net.minidev.json.parser.JSONParserBase.readObject(JSONParserBase.java:614)
	at net.minidev.json.parser.JSONParserBase.readMain(JSONParserBase.java:467)
	at net.minidev.json.parser.JSONParserBase.readArray(JSONParserBase.java:337)
	at net.minidev.json.parser.JSONParserBase.readMain(JSONParserBase.java:470)
	at net.minidev.json.parser.JSONParserBase.readObject(JSONParserBase.java:614)
	at net.minidev.json.parser.JSONParserBase.readMain(JSONParserBase.java:467)
	at net.minidev.json.parser.JSONParserBase.readObject(JSONParserBase.java:614)
	at net.minidev.json.parser.JSONParserBase.readMain(JSONParserBase.java:467)
	at net.minidev.json.parser.JSONParserBase.readArray(JSONParserBase.java:337)
	at net.minidev.json.parser.JSONParserBase.readMain(JSONParserBase.java:470)
	at net.minidev.json.parser.JSONParserBase.readObject(JSONParserBase.java:614)
	at net.minidev.json.parser.JSONParserBase.readMain(JSONParserBase.java:467)
	at net.minidev.json.parser.JSONParserBase.readObject(JSONParserBase.java:614)
	at net.minidev.json.parser.JSONParserBase.readMain(JSONParserBase.java:467)
	at net.minidev.json.parser.JSONParserBase.readArray(JSONParserBase.java:337)
	at net.minidev.json.parser.JSONParserBase.readMain(JSONParserBase.java:470)
	at net.minidev.json.parser.JSONParserBase.readObject(JSONParserBase.java:614)
	at net.minidev.json.parser.JSONParserBase.readMain(JSONParserBase.java:467)
	at net.minidev.json.parser.JSONParserBase.readObject(JSONParserBase.java:614)
	at net.minidev.json.parser.JSONParserBase.readMain(JSONParserBase.java:467)
	at net.minidev.json.parser.JSONParserBase.readArray(JSONParserBase.java:337)
	at net.minidev.json.parser.JSONParserBase.readMain(JSONParserBase.java:470)
	at net.minidev.json.parser.JSONParserBase.readObject(JSONParserBase.java:614)
	at net.minidev.json.parser.JSONParserBase.readMain(JSONParserBase.java:467)
	at net.minidev.json.parser.JSONParserBase.readObject(JSONParserBase.java:614)
	at net.minidev.json.parser.JSONParserBase.readMain(JSONParserBase.java:467)
	at net.minidev.json.parser.JSONParserBase.readArray(JSONParserBase.java:337)
	at net.minidev.json.parser.JSONParserBase.readMain(JSONParserBase.java:470)
	at net.minidev.json.parser.JSONParserBase.readObject(JSONParserBase.java:614)
	at net.minidev.json.parser.JSONParserBase.readMain(JSONParserBase.java:467)
	at net.minidev.json.parser.JSONParserBase.readObject(JSONParserBase.java:614)
	at net.minidev.json.parser.JSONParserBase.readMain(JSONParserBase.java:467)
	at net.minidev.json.parser.JSONParserBase.readArray(JSONParserBase.java:337)
	at net.minidev.json.parser.JSONParserBase.readMain(JSONParserBase.java:470)
	at net.minidev.json.parser.JSONParserBase.readObject(JSONParserBase.java:614)
	at net.minidev.json.parser.JSONParserBase.readMain(JSONParserBase.java:467)
	at net.minidev.json.parser.JSONParserBase.readObject(JSONParserBase.java:614)
	at net.minidev.json.parser.JSONParserBase.readMain(JSONParserBase.java:467)
	at net.minidev.json.parser.JSONParserBase.readArray(JSONParserBase.java:337)
	at net.minidev.json.parser.JSONParserBase.readMain(JSONParserBase.java:470)
	at net.minidev.json.parser.JSONParserBase.readObject(JSONParserBase.java:614)
	at net.minidev.json.parser.JSONParserBase.readMain(JSONParserBase.java:467)
	at net.minidev.json.parser.JSONParserBase.readObject(JSONParserBase.java:614)
	at net.minidev.json.parser.JSONParserBase.readMain(JSONParserBase.java:467)
	at net.minidev.json.parser.JSONParserBase.readArray(JSONParserBase.java:337)
	at net.minidev.json.parser.JSONParserBase.readMain(JSONParserBase.java:470)
	at net.minidev.json.parser.JSONParserBase.readObject(JSONParserBase.java:614)
	at net.minidev.json.parser.JSONParserBase.readMain(JSONParserBase.java:467)
	at net.minidev.json.parser.JSONParserBase.readObject(JSONParserBase.java:614)
	at net.minidev.json.parser.JSONParserBase.readMain(JSONParserBase.java:467)
	at net.minidev.json.parser.JSONParserBase.readArray(JSONParserBase.java:337)
	at net.minidev.json.parser.JSONParserBase.readMain(JSONParserBase.java:470)
	at net.minidev.json.parser.JSONParserBase.readObject(JSONParserBase.java:614)
	at net.minidev.json.parser.JSONParserBase.readMain(JSONParserBase.java:467)
	at net.minidev.json.parser.JSONParserBase.readObject(JSONParserBase.java:614)
	at net.minidev.json.parser.JSONParserBase.readMain(JSONParserBase.java:467)
	at net.minidev.json.parser.JSONParserBase.readArray(JSONParserBase.java:337)
	at net.minidev.json.parser.JSONParserBase.readMain(JSONParserBase.java:470)
	at net.minidev.json.parser.JSONParserBase.readObject(JSONParserBase.java:614)
	at net.minidev.json.parser.JSONParserBase.readMain(JSONParserBase.java:467)
	at net.minidev.json.parser.JSONParserBase.readObject(JSONParserBase.java:614)
	at net.minidev.json.parser.JSONParserBase.readMain(JSONParserBase.java:467)
	at net.minidev.json.parser.JSONParserBase.readArray(JSONParserBase.java:337)
	at net.minidev.json.parser.JSONParserBase.readMain(JSONParserBase.java:470)
	at net.minidev.json.parser.JSONParserBase.readObject(JSONParserBase.java:614)
	at net.minidev.json.parser.JSONParserBase.readMain(JSONParserBase.java:467)
	at net.minidev.json.parser.JSONParserBase.readObject(JSONParserBase.java:614)
	at net.minidev.json.parser.JSONParserBase.readMain(JSONParserBase.java:467)
	at net.minidev.json.parser.JSONParserBase.readArray(JSONParserBase.java:337)
	at net.minidev.json.parser.JSONParserBase.readMain(JSONParserBase.java:470)
	at net.minidev.json.parser.JSONParserBase.readObject(JSONParserBase.java:614)
	at net.minidev.json.parser.JSONParserBase.readMain(JSONParserBase.java:467)
	at net.minidev.json.parser.JSONParserBase.readObject(JSONParserBase.java:614)
	at net.minidev.json.parser.JSONParserBase.readMain(JSONParserBase.java:467)
	at net.minidev.json.parser.JSONParserBase.readArray(JSONParserBase.java:337)
	at net.minidev.json.parser.JSONParserBase.readMain(JSONParserBase.java:470)
	at net.minidev.json.parser.JSONParserBase.readObject(JSONParserBase.java:614)
	at net.minidev.json.parser.JSONParserBase.readMain(JSONParserBase.java:467)
	at net.minidev.json.parser.JSONParserBase.readObject(JSONParserBase.java:614)
	at net.minidev.json.parser.JSONParserBase.readMain(JSONParserBase.java:467)
	at net.minidev.json.parser.JSONParserBase.readArray(JSONParserBase.java:337)
	at net.minidev.json.parser.JSONParserBase.readMain(JSONParserBase.java:470)
	at net.minidev.json.parser.JSONParserBase.readObject(JSONParserBase.java:614)
	at net.minidev.json.parser.JSONParserBase.readMain(JSONParserBase.java:467)
	at net.minidev.json.parser.JSONParserBase.readObject(JSONParserBase.java:614)
	at net.minidev.json.parser.JSONParserBase.readMain(JSONParserBase.java:467)
	at net.minidev.json.parser.JSONParserBase.readArray(JSONParserBase.java:337)
	at net.minidev.json.parser.JSONParserBase.readMain(JSONParserBase.java:470)
	at net.minidev.json.parser.JSONParserBase.readObject(JSONParserBase.java:614)
	at net.minidev.json.parser.JSONParserBase.readMain(JSONParserBase.java:467)
	at net.minidev.json.parser.JSONParserBase.readObject(JSONParserBase.java:614)
	at net.minidev.json.parser.JSONParserBase.readMain(JSONParserBase.java:467)
	at net.minidev.json.parser.JSONParserBase.readArray(JSONParserBase.java:337)
	at net.minidev.json.parser.JSONParserBase.readMain(JSONParserBase.java:470)
	at net.minidev.json.parser.JSONParserBase.readObject(JSONParserBase.java:614)
	at net.minidev.json.parser.JSONParserBase.readMain(JSONParserBase.java:467)
	at net.minidev.json.parser.JSONParserBase.readObject(JSONParserBase.java:614)
	at net.minidev.json.parser.JSONParserBase.readMain(JSONParserBase.java:467)
	at net.minidev.json.parser.JSONParserBase.readArray(JSONParserBase.java:337)
	at net.minidev.json.parser.JSONParserBase.readMain(JSONParserBase.java:470)
	at net.minidev.json.parser.JSONParserBase.readObject(JSONParserBase.java:614)
	at net.minidev.json.parser.JSONParserBase.readMain(JSONParserBase.java:467)
	at net.minidev.json.parser.JSONParserBase.readObject(JSONParserBase.java:614)
	at net.minidev.json.parser.JSONParserBase.readMain(JSONParserBase.java:467)
	at net.minidev.json.parser.JSONParserBase.readArray(JSONParserBase.java:337)
	at net.minidev.json.parser.JSONParserBase.readMain(JSONParserBase.java:470)
	at net.minidev.json.parser.JSONParserBase.readObject(JSONParserBase.java:614)
	at net.minidev.json.parser.JSONParserBase.readMain(JSONParserBase.java:467)
	at net.minidev.json.parser.JSONParserBase.readObject(JSONParserBase.java:614)
	at net.minidev.json.parser.JSONParserBase.readMain(JSONParserBase.java:467)
	at net.minidev.json.parser.JSONParserBase.readArray(JSONParserBase.java:337)
	at net.minidev.json.parser.JSONParserBase.readMain(JSONParserBase.java:470)
	at net.minidev.json.parser.JSONParserBase.readObject(JSONParserBase.java:614)
	at net.minidev.json.parser.JSONParserBase.readMain(JSONParserBase.java:467)
	at net.minidev.json.parser.JSONParserBase.readObject(JSONParserBase.java:614)
	at net.minidev.json.parser.JSONParserBase.readMain(JSONParserBase.java:467)
	at net.minidev.json.parser.JSONParserBase.readArray(JSONParserBase.java:337)
	at net.minidev.json.parser.JSONParserBase.readMain(JSONParserBase.java:470)
	at net.minidev.json.parser.JSONParserBase.readObject(JSONParserBase.java:614)
	at net.minidev.json.parser.JSONParserBase.readMain(JSONParserBase.java:467)
	at net.minidev.json.parser.JSONParserBase.readObject(JSONParserBase.java:614)
	at net.minidev.json.parser.JSONParserBase.readMain(JSONParserBase.java:467)
	at net.minidev.json.parser.JSONParserBase.readArray(JSONParserBase.java:337)
	at net.minidev.json.parser.JSONParserBase.readMain(JSONParserBase.java:470)
	at net.minidev.json.parser.JSONParserBase.readObject(JSONParserBase.java:614)
	at net.minidev.json.parser.JSONParserBase.readMain(JSONParserBase.java:467)
	at net.minidev.json.parser.JSONParserBase.readObject(JSONParserBase.java:614)
	at net.minidev.json.parser.JSONParserBase.readMain(JSONParserBase.java:467)
	at net.minidev.json.parser.JSONParserBase.readArray(JSONParserBase.java:337)
	at net.minidev.json.parser.JSONParserBase.readMain(JSONParserBase.java:470)
	at net.minidev.json.parser.JSONParserBase.readObject(JSONParserBase.java:614)
	at net.minidev.json.parser.JSONParserBase.readMain(JSONParserBase.java:467)
	at net.minidev.json.parser.JSONParserBase.readObject(JSONParserBase.java:614)
	at net.minidev.json.parser.JSONParserBase.readMain(JSONParserBase.java:467)
	at net.minidev.json.parser.JSONParserBase.readArray(JSONParserBase.java:337)
	at net.minidev.json.parser.JSONParserBase.readMain(JSONParserBase.java:470)
	at net.minidev.json.parser.JSONParserBase.readObject(JSONParserBase.java:614)
	at net.minidev.json.parser.JSONParserBase.readMain(JSONParserBase.java:467)
	at net.minidev.json.parser.JSONParserBase.readObject(JSONParserBase.java:614)
	at net.minidev.json.parser.JSONParserBase.readMain(JSONParserBase.java:467)
	at net.minidev.json.parser.JSONParserBase.readArray(JSONParserBase.java:337)
	at net.minidev.json.parser.JSONParserBase.readMain(JSONParserBase.java:470)
	at net.minidev.json.parser.JSONParserBase.readObject(JSONParserBase.java:614)
	at net.minidev.json.parser.JSONParserBase.readMain(JSONParserBase.java:467)
	at net.minidev.json.parser.JSONParserBase.readObject(JSONParserBase.java:614)
	at net.minidev.json.parser.JSONParserBase.readMain(JSONParserBase.java:467)
	at net.minidev.json.parser.JSONParserBase.readArray(JSONParserBase.java:337)
	at net.minidev.json.parser.JSONParserBase.readMain(JSONParserBase.java:470)
	at net.minidev.json.parser.JSONParserBase.readObject(JSONParserBase.java:614)
	at net.minidev.json.parser.JSONParserBase.readMain(JSONParserBase.java:467)
	at net.minidev.json.parser.JSONParserBase.readObject(JSONParserBase.java:614)
	at net.minidev.json.parser.JSONParserBase.readMain(JSONParserBase.java:467)
	at net.minidev.json.parser.JSONParserBase.readArray(JSONParserBase.java:337)
	at net.minidev.json.parser.JSONParserBase.readMain(JSONParserBase.java:470)
	at net.minidev.json.parser.JSONParserBase.readObject(JSONParserBase.java:614)
	at net.minidev.json.parser.JSONParserBase.readMain(JSONParserBase.java:467)
	at net.minidev.json.parser.JSONParserBase.readObject(JSONParserBase.java:614)
	at net.minidev.json.parser.JSONParserBase.readMain(JSONParserBase.java:467)
	at net.minidev.json.parser.JSONParserBase.readArray(JSONParserBase.java:337)
	at net.minidev.json.parser.JSONParserBase.readMain(JSONParserBase.java:470)
	at net.minidev.json.parser.JSONParserBase.readObject(JSONParserBase.java:614)
	at net.minidev.json.parser.JSONParserBase.readMain(JSONParserBase.java:467)
	at net.minidev.json.parser.JSONParserBase.readObject(JSONParserBase.java:614)
	at net.minidev.json.parser.JSONParserBase.readMain(JSONParserBase.java:467)
	at net.minidev.json.parser.JSONParserBase.readArray(JSONParserBase.java:337)
	at net.minidev.json.parser.JSONParserBase.readMain(JSONParserBase.java:470)
	at net.minidev.json.parser.JSONParserBase.readObject(JSONParserBase.java:614)
	at net.minidev.json.parser.JSONParserBase.readMain(JSONParserBase.java:467)
	at net.minidev.json.parser.JSONParserBase.readObject(JSONParserBase.java:614)
	at net.minidev.json.parser.JSONParserBase.readMain(JSONParserBase.java:467)
	at net.minidev.json.parser.JSONParserBase.readArray(JSONParserBase.java:337)
	at net.minidev.json.parser.JSONParserBase.readMain(JSONParserBase.java:470)
	at net.minidev.json.parser.JSONParserBase.readObject(JSONParserBase.java:614)
	at net.minidev.json.parser.JSONParserBase.readMain(JSONParserBase.java:467)
	at net.minidev.json.parser.JSONParserBase.readObject(JSONParserBase.java:614)
	at net.minidev.json.parser.JSONParserBase.readMain(JSONParserBase.java:467)
	at net.minidev.json.parser.JSONParserBase.readArray(JSONParserBase.java:337)
	at net.minidev.json.parser.JSONParserBase.readMain(JSONParserBase.java:470)
	at net.minidev.json.parser.JSONParserBase.readObject(JSONParserBase.java:614)
	at net.minidev.json.parser.JSONParserBase.readMain(JSONParserBase.java:467)
	at net.minidev.json.parser.JSONParserBase.readObject(JSONParserBase.java:614)
	at net.minidev.json.parser.JSONParserBase.readMain(JSONParserBase.java:467)
	at net.minidev.json.parser.JSONParserBase.readArray(JSONParserBase.java:337)
	at net.minidev.json.parser.JSONParserBase.readMain(JSONParserBase.java:470)
	at net.minidev.json.parser.JSONParserBase.readObject(JSONParserBase.java:614)
	at net.minidev.json.parser.JSONParserBase.readMain(JSONParserBase.java:467)
	at net.minidev.json.parser.JSONParserBase.readObject(JSONParserBase.java:614)
	at net.minidev.json.parser.JSONParserBase.readMain(JSONParserBase.java:467)
	at net.minidev.json.parser.JSONParserBase.readArray(JSONParserBase.java:337)
	at net.minidev.json.parser.JSONParserBase.readMain(JSONParserBase.java:470)
	at net.minidev.json.parser.JSONParserBase.readObject(JSONParserBase.java:614)
	at net.minidev.json.parser.JSONParserBase.readMain(JSONParserBase.java:467)
	at net.minidev.json.parser.JSONParserBase.readObject(JSONParserBase.java:614)
	at net.minidev.json.parser.JSONParserBase.readMain(JSONParserBase.java:467)
	at net.minidev.json.parser.JSONParserBase.readArray(JSONParserBase.java:337)
	at net.minidev.json.parser.JSONParserBase.readMain(JSONParserBase.java:470)
	at net.minidev.json.parser.JSONParserBase.readObject(JSONParserBase.java:614)
	at net.minidev.json.parser.JSONParserBase.readMain(JSONParserBase.java:467)
	at net.minidev.json.parser.JSONParserBase.readObject(JSONParserBase.java:614)
	at net.minidev.json.parser.JSONParserBase.readMain(JSONParserBase.java:467)
	at net.minidev.json.parser.JSONParserBase.readArray(JSONParserBase.java:337)
	at net.minidev.json.parser.JSONParserBase.readMain(JSONParserBase.java:470)
	at net.minidev.json.parser.JSONParserBase.readObject(JSONParserBase.java:614)
	at net.minidev.json.parser.JSONParserBase.readMain(JSONParserBase.java:467)
	at net.minidev.json.parser.JSONParserBase.readObject(JSONParserBase.java:614)
	at net.minidev.json.parser.JSONParserBase.readMain(JSONParserBase.java:467)
	at net.minidev.json.parser.JSONParserBase.readArray(JSONParserBase.java:337)
	at net.minidev.json.parser.JSONParserBase.readMain(JSONParserBase.java:470)
	at net.minidev.json.parser.JSONParserBase.readObject(JSONParserBase.java:614)
	at net.minidev.json.parser.JSONParserBase.readMain(JSONParserBase.java:467)
	at net.minidev.json.parser.JSONParserBase.readObject(JSONParserBase.java:614)
	at net.minidev.json.parser.JSONParserBase.readMain(JSONParserBase.java:467)
	at net.minidev.json.parser.JSONParserBase.readArray(JSONParserBase.java:337)
	at net.minidev.json.parser.JSONParserBase.readMain(JSONParserBase.java:470)
	at net.minidev.json.parser.JSONParserBase.readObject(JSONParserBase.java:614)
	at net.minidev.json.parser.JSONParserBase.readMain(JSONParserBase.java:467)
	at net.minidev.json.parser.JSONParserBase.readObject(JSONParserBase.java:614)
	at net.minidev.json.parser.JSONParserBase.readMain(JSONParserBase.java:467)
	at net.minidev.json.parser.JSONParserBase.readArray(JSONParserBase.java:337)
	at net.minidev.json.parser.JSONParserBase.readMain(JSONParserBase.java:470)
	at net.minidev.json.parser.JSONParserBase.readObject(JSONParserBase.java:614)
	at net.minidev.json.parser.JSONParserBase.readMain(JSONParserBase.java:467)
	at net.minidev.json.parser.JSONParserBase.readObject(JSONParserBase.java:614)
	at net.minidev.json.parser.JSONParserBase.readMain(JSONParserBase.java:467)
	at net.minidev.json.parser.JSONParserBase.readArray(JSONParserBase.java:337)
	at net.minidev.json.parser.JSONParserBase.readMain(JSONParserBase.java:470)
	at net.minidev.json.parser.JSONParserBase.readObject(JSONParserBase.java:614)
	at net.minidev.json.parser.JSONParserBase.readMain(JSONParserBase.java:467)
	at net.minidev.json.parser.JSONParserBase.readObject(JSONParserBase.java:614)
	at net.minidev.json.parser.JSONParserBase.readMain(JSONParserBase.java:467)
	at net.minidev.json.parser.JSONParserBase.readArray(JSONParserBase.java:337)
	at net.minidev.json.parser.JSONParserBase.readMain(JSONParserBase.java:470)
	at net.minidev.json.parser.JSONParserBase.readObject(JSONParserBase.java:614)
	at net.minidev.json.parser.JSONParserBase.readMain(JSONParserBase.java:467)
	at net.minidev.json.parser.JSONParserBase.readObject(JSONParserBase.java:614)
	at net.minidev.json.parser.JSONParserBase.readMain(JSONParserBase.java:467)
	at net.minidev.json.parser.JSONParserBase.readArray(JSONParserBase.java:337)
	at net.minidev.json.parser.JSONParserBase.readMain(JSONParserBase.java:470)
	at net.minidev.json.parser.JSONParserBase.readObject(JSONParserBase.java:614)
	at net.minidev.json.parser.JSONParserBase.readMain(JSONParserBase.java:467)
	at net.minidev.json.parser.JSONParserBase.readObject(JSONParserBase.java:614)
	at net.minidev.json.parser.JSONParserBase.readMain(JSONParserBase.java:467)
	at net.minidev.json.parser.JSONParserBase.readArray(JSONParserBase.java:337)
	at net.minidev.json.parser.JSONParserBase.readMain(JSONParserBase.java:470)
	at net.minidev.json.parser.JSONParserBase.readObject(JSONParserBase.java:614)
	at net.minidev.json.parser.JSONParserBase.readMain(JSONParserBase.java:467)
	at net.minidev.json.parser.JSONParserBase.readObject(JSONParserBase.java:614)
	at net.minidev.json.parser.JSONParserBase.readMain(JSONParserBase.java:467)
	at net.minidev.json.parser.JSONParserBase.readArray(JSONParserBase.java:337)
	at net.minidev.json.parser.JSONParserBase.readMain(JSONParserBase.java:470)
	at net.minidev.json.parser.JSONParserBase.readObject(JSONParserBase.java:614)
	at net.minidev.json.parser.JSONParserBase.readMain(JSONParserBase.java:467)
	at net.minidev.json.parser.JSONParserBase.readObject(JSONParserBase.java:614)
	at net.minidev.json.parser.JSONParserBase.readMain(JSONParserBase.java:467)
	at net.minidev.json.parser.JSONParserBase.readArray(JSONParserBase.java:337)
	at net.minidev.json.parser.JSONParserBase.readMain(JSONParserBase.java:470)
	at net.minidev.json.parser.JSONParserBase.readObject(JSONParserBase.java:614)
	at net.minidev.json.parser.JSONParserBase.readMain(JSONParserBase.java:467)
	at net.minidev.json.parser.JSONParserBase.readObject(JSONParserBase.java:614)
	at net.minidev.json.parser.JSONParserBase.readMain(JSONParserBase.java:467)
	at net.minidev.json.parser.JSONParserBase.readArray(JSONParserBase.java:337)
	at net.minidev.json.parser.JSONParserBase.readMain(JSONParserBase.java:470)
	at net.minidev.json.parser.JSONParserBase.readObject(JSONParserBase.java:614)
	at net.minidev.json.parser.JSONParserBase.readMain(JSONParserBase.java:467)
	at net.minidev.json.parser.JSONParserBase.readObject(JSONParserBase.java:614)
	at net.minidev.json.parser.JSONParserBase.readMain(JSONParserBase.java:467)
	at net.minidev.json.parser.JSONParserBase.readArray(JSONParserBase.java:337)
	at net.minidev.json.parser.JSONParserBase.readMain(JSONParserBase.java:470)
	at net.minidev.json.parser.JSONParserBase.readObject(JSONParserBase.java:614)
	at net.minidev.json.parser.JSONParserBase.readMain(JSONParserBase.java:467)
	at net.minidev.json.parser.JSONParserBase.readObject(JSONParserBase.java:614)
	at net.minidev.json.parser.JSONParserBase.readMain(JSONParserBase.java:467)
	at net.minidev.json.parser.JSONParserBase.readArray(JSONParserBase.java:337)
	at net.minidev.json.parser.JSONParserBase.readMain(JSONParserBase.java:470)
	at net.minidev.json.parser.JSONParserBase.readObject(JSONParserBase.java:614)
	at net.minidev.json.parser.JSONParserBase.readMain(JSONParserBase.java:467)
	at net.minidev.json.parser.JSONParserBase.readObject(JSONParserBase.java:614)
	at net.minidev.json.parser.JSONParserBase.readMain(JSONParserBase.java:467)
	at net.minidev.json.parser.JSONParserBase.readArray(JSONParserBase.java:337)
	at net.minidev.json.parser.JSONParserBase.readMain(JSONParserBase.java:470)
	at net.minidev.json.parser.JSONParserBase.readObject(JSONParserBase.java:614)
	at net.minidev.json.parser.JSONParserBase.readMain(JSONParserBase.java:467)
	at net.minidev.json.parser.JSONParserBase.readObject(JSONParserBase.java:614)
	at net.minidev.json.parser.JSONParserBase.readMain(JSONParserBase.java:467)
	at net.minidev.json.parser.JSONParserBase.readArray(JSONParserBase.java:337)
	at net.minidev.json.parser.JSONParserBase.readMain(JSONParserBase.java:470)
	at net.minidev.json.parser.JSONParserBase.readObject(JSONParserBase.java:614)
	at net.minidev.json.parser.JSONParserBase.readMain(JSONParserBase.java:467)
	at net.minidev.json.parser.JSONParserBase.readObject(JSONParserBase.java:614)
	at net.minidev.json.parser.JSONParserBase.readMain(JSONParserBase.java:467)
	at net.minidev.json.parser.JSONParserBase.readArray(JSONParserBase.java:337)
	at net.minidev.json.parser.JSONParserBase.readMain(JSONParserBase.java:470)
	at net.minidev.json.parser.JSONParserBase.readObject(JSONParserBase.java:614)
	at net.minidev.json.parser.JSONParserBase.readMain(JSONParserBase.java:467)
	at net.minidev.json.parser.JSONParserBase.readObject(JSONParserBase.java:614)
	at net.minidev.json.parser.JSONParserBase.readMain(JSONParserBase.java:467)
	at net.minidev.json.parser.JSONParserBase.readArray(JSONParserBase.java:337)
	at net.minidev.json.parser.JSONParserBase.readMain(JSONParserBase.java:470)
	at net.minidev.json.parser.JSONParserBase.readObject(JSONParserBase.java:614)
	at net.minidev.json.parser.JSONParserBase.readMain(JSONParserBase.java:467)
	at net.minidev.json.parser.JSONParserBase.readObject(JSONParserBase.java:614)
	at net.minidev.json.parser.JSONParserBase.readMain(JSONParserBase.java:467)
	at net.minidev.json.parser.JSONParserBase.readArray(JSONParserBase.java:337)
	at net.minidev.json.parser.JSONParserBase.readMain(JSONParserBase.java:470)
	at net.minidev.json.parser.JSONParserBase.readObject(JSONParserBase.java:614)
	at net.minidev.json.parser.JSONParserBase.readMain(JSONParserBase.java:467)
	at net.minidev.json.parser.JSONParserBase.readObject(JSONParserBase.java:614)
	at net.minidev.json.parser.JSONParserBase.readMain(JSONParserBase.java:467)
	at net.minidev.json.parser.JSONParserBase.readArray(JSONParserBase.java:337)
	at net.minidev.json.parser.JSONParserBase.readMain(JSONParserBase.java:470)
	at net.minidev.json.parser.JSONParserBase.readObject(JSONParserBase.java:614)
	at net.minidev.json.parser.JSONParserBase.readMain(JSONParserBase.java:467)
	at net.minidev.json.parser.JSONParserBase.readObject(JSONParserBase.java:614)
	at net.minidev.json.parser.JSONParserBase.readMain(JSONParserBase.java:467)
	at net.minidev.json.parser.JSONParserBase.readArray(JSONParserBase.java:337)
	at net.minidev.json.parser.JSONParserBase.readMain(JSONParserBase.java:470)
	at net.minidev.json.parser.JSONParserBase.readObject(JSONParserBase.java:614)
	at net.minidev.json.parser.JSONParserBase.readMain(JSONParserBase.java:467)
	at net.minidev.json.parser.JSONParserBase.readObject(JSONParserBase.java:614)
	at net.minidev.json.parser.JSONParserBase.readMain(JSONParserBase.java:467)
	at net.minidev.json.parser.JSONParserBase.readArray(JSONParserBase.java:337)
	at net.minidev.json.parser.JSONParserBase.readMain(JSONParserBase.java:470)
	at net.minidev.json.parser.JSONParserBase.readObject(JSONParserBase.java:614)
	at net.minidev.json.parser.JSONParserBase.readMain(JSONParserBase.java:467)
	at net.minidev.json.parser.JSONParserBase.readObject(JSONParserBase.java:614)
	at net.minidev.json.parser.JSONParserBase.readMain(JSONParserBase.java:467)
	at net.minidev.json.parser.JSONParserBase.readArray(JSONParserBase.java:337)
	at net.minidev.json.parser.JSONParserBase.readMain(JSONParserBase.java:470)
	at net.minidev.json.parser.JSONParserBase.readObject(JSONParserBase.java:614)
	at net.minidev.json.parser.JSONParserBase.readMain(JSONParserBase.java:467)
	at net.minidev.json.parser.JSONParserBase.readObject(JSONParserBase.java:614)
	at net.minidev.json.parser.JSONParserBase.readMain(JSONParserBase.java:467)
	at net.minidev.json.parser.JSONParserBase.readArray(JSONParserBase.java:337)
	at net.minidev.json.parser.JSONParserBase.readMain(JSONParserBase.java:470)
	at net.minidev.json.parser.JSONParserBase.readObject(JSONParserBase.java:614)
	at net.minidev.json.parser.JSONParserBase.readMain(JSONParserBase.java:467)
	at net.minidev.json.parser.JSONParserBase.readObject(JSONParserBase.java:614)
	at net.minidev.json.parser.JSONParserBase.readMain(JSONParserBase.java:467)
	at net.minidev.json.parser.JSONParserBase.readArray(JSONParserBase.java:337)
	at net.minidev.json.parser.JSONParserBase.readMain(JSONParserBase.java:470)
	at net.minidev.json.parser.JSONParserBase.readObject(JSONParserBase.java:614)
	at net.minidev.json.parser.JSONParserBase.readMain(JSONParserBase.java:467)
	at net.minidev.json.parser.JSONParserBase.readObject(JSONParserBase.java:614)
	at net.minidev.json.parser.JSONParserBase.readMain(JSONParserBase.java:467)
	at net.minidev.json.parser.JSONParserBase.readArray(JSONParserBase.java:337)
	at net.minidev.json.parser.JSONParserBase.readMain(JSONParserBase.java:470)
	at net.minidev.json.parser.JSONParserBase.readObject(JSONParserBase.java:614)
	at net.minidev.json.parser.JSONParserBase.readMain(JSONParserBase.java:467)
	at net.minidev.json.parser.JSONParserBase.readObject(JSONParserBase.java:614)
	at net.minidev.json.parser.JSONParserBase.readMain(JSONParserBase.java:467)
	at net.minidev.json.parser.JSONParserBase.readArray(JSONParserBase.java:337)
	at net.minidev.json.parser.JSONParserBase.readMain(JSONParserBase.java:470)
	at net.minidev.json.parser.JSONParserBase.readObject(JSONParserBase.java:614)
	at net.minidev.json.parser.JSONParserBase.readMain(JSONParserBase.java:467)
	at net.minidev.json.parser.JSONParserBase.readObject(JSONParserBase.java:614)
	at net.minidev.json.parser.JSONParserBase.readMain(JSONParserBase.java:467)
	at net.minidev.json.parser.JSONParserBase.readArray(JSONParserBase.java:337)
	at net.minidev.json.parser.JSONParserBase.readMain(JSONParserBase.java:470)
	at net.minidev.json.parser.JSONParserBase.readObject(JSONParserBase.java:614)
	at net.minidev.json.parser.JSONParserBase.readMain(JSONParserBase.java:467)
	at net.minidev.json.parser.JSONParserBase.readObject(JSONParserBase.java:614)
	at net.minidev.json.parser.JSONParserBase.readMain(JSONParserBase.java:467)
	at net.minidev.json.parser.JSONParserBase.readArray(JSONParserBase.java:337)
	at net.minidev.json.parser.JSONParserBase.readMain(JSONParserBase.java:470)
	at net.minidev.json.parser.JSONParserBase.readObject(JSONParserBase.java:614)
	at net.minidev.json.parser.JSONParserBase.readMain(JSONParserBase.java:467)
	at net.minidev.json.parser.JSONParserBase.readObject(JSONParserBase.java:614)
	at net.minidev.json.parser.JSONParserBase.readMain(JSONParserBase.java:467)
	at net.minidev.json.parser.JSONParserBase.readArray(JSONParserBase.java:337)
	at net.minidev.json.parser.JSONParserBase.readMain(JSONParserBase.java:470)
	at net.minidev.json.parser.JSONParserBase.readObject(JSONParserBase.java:614)
	at net.minidev.json.parser.JSONParserBase.readMain(JSONParserBase.java:467)
	at net.minidev.json.parser.JSONParserBase.readObject(JSONParserBase.java:614)
	at net.minidev.json.parser.JSONParserBase.readMain(JSONParserBase.java:467)
	at net.minidev.json.parser.JSONParserBase.readArray(JSONParserBase.java:337)
	at net.minidev.json.parser.JSONParserBase.readMain(JSONParserBase.java:470)
	at net.minidev.json.parser.JSONParserBase.readObject(JSONParserBase.java:614)
	at net.minidev.json.parser.JSONParserBase.readMain(JSONParserBase.java:467)
	at net.minidev.json.parser.JSONParserBase.readObject(JSONParserBase.java:614)
	at net.minidev.json.parser.JSONParserBase.readMain(JSONParserBase.java:467)
	at net.minidev.json.parser.JSONParserBase.readArray(JSONParserBase.java:337)
	at net.minidev.json.parser.JSONParserBase.readMain(JSONParserBase.java:470)
	at net.minidev.json.parser.JSONParserBase.readObject(JSONParserBase.java:614)
	at net.minidev.json.parser.JSONParserBase.readMain(JSONParserBase.java:467)
	at net.minidev.json.parser.JSONParserBase.readObject(JSONParserBase.java:614)
	at net.minidev.json.parser.JSONParserBase.readMain(JSONParserBase.java:467)
	at net.minidev.json.parser.JSONParserBase.readArray(JSONParserBase.java:337)
	at net.minidev.json.parser.JSONParserBase.readMain(JSONParserBase.java:470)
	at net.minidev.json.parser.JSONParserBase.readObject(JSONParserBase.java:614)
	at net.minidev.json.parser.JSONParserBase.readMain(JSONParserBase.java:467)
	at net.minidev.json.parser.JSONParserBase.readObject(JSONParserBase.java:614)
	at net.minidev.json.parser.JSONParserBase.readMain(JSONParserBase.java:467)
	at net.minidev.json.parser.JSONParserBase.readArray(JSONParserBase.java:337)
	at net.minidev.json.parser.JSONParserBase.readMain(JSONParserBase.java:470)
	at net.minidev.json.parser.JSONParserBase.readObject(JSONParserBase.java:614)
	at net.minidev.json.parser.JSONParserBase.readMain(JSONParserBase.java:467)
	at net.minidev.json.parser.JSONParserBase.readObject(JSONParserBase.java:614)
	at net.minidev.json.parser.JSONParserBase.readMain(JSONParserBase.java:467)
	at net.minidev.json.parser.JSONParserBase.readArray(JSONParserBase.java:337)
	at net.minidev.json.parser.JSONParserBase.readMain(JSONParserBase.java:470)
	at net.minidev.json.parser.JSONParserBase.readObject(JSONParserBase.java:614)
	at net.minidev.json.parser.JSONParserBase.readMain(JSONParserBase.java:467)
	at net.minidev.json.parser.JSONParserBase.readObject(JSONParserBase.java:614)
	at net.minidev.json.parser.JSONParserBase.readMain(JSONParserBase.java:467)
	at net.minidev.json.parser.JSONParserBase.readArray(JSONParserBase.java:337)
	at net.minidev.json.parser.JSONParserBase.readMain(JSONParserBase.java:470)
	at net.minidev.json.parser.JSONParserBase.readObject(JSONParserBase.java:614)
	at net.minidev.json.parser.JSONParserBase.readMain(JSONParserBase.java:467)
	at net.minidev.json.parser.JSONParserBase.readObject(JSONParserBase.java:614)
	at net.minidev.json.parser.JSONParserBase.readMain(JSONParserBase.java:467)
	at net.minidev.json.parser.JSONParserBase.readArray(JSONParserBase.java:337)
	at net.minidev.json.parser.JSONParserBase.readMain(JSONParserBase.java:470)
	at net.minidev.json.parser.JSONParserBase.readObject(JSONParserBase.java:614)
	at net.minidev.json.parser.JSONParserBase.readMain(JSONParserBase.java:467)
	at net.minidev.json.parser.JSONParserBase.readObject(JSONParserBase.java:614)
	at net.minidev.json.parser.JSONParserBase.readMain(JSONParserBase.java:467)
	at net.minidev.json.parser.JSONParserBase.readArray(JSONParserBase.java:337)
	at net.minidev.json.parser.JSONParserBase.readMain(JSONParserBase.java:470)
	at net.minidev.json.parser.JSONParserBase.readObject(JSONParserBase.java:614)
	at net.minidev.json.parser.JSONParserBase.readMain(JSONParserBase.java:467)
	at net.minidev.json.parser.JSONParserBase.readObject(JSONParserBase.java:614)
	at net.minidev.json.parser.JSONParserBase.readMain(JSONParserBase.java:467)
	at net.minidev.json.parser.JSONParserBase.readArray(JSONParserBase.java:337)
	at net.minidev.json.parser.JSONParserBase.readMain(JSONParserBase.java:470)
	at net.minidev.json.parser.JSONParserBase.readObject(JSONParserBase.java:614)
	at net.minidev.json.parser.JSONParserBase.readMain(JSONParserBase.java:467)
	at net.minidev.json.parser.JSONParserBase.readObject(JSONParserBase.java:614)
	at net.minidev.json.parser.JSONParserBase.readMain(JSONParserBase.java:467)
	at net.minidev.json.parser.JSONParserBase.readArray(JSONParserBase.java:337)
	at net.minidev.json.parser.JSONParserBase.readMain(JSONParserBase.java:470)
	at net.minidev.json.parser.JSONParserBase.readObject(JSONParserBase.java:614)
	at net.minidev.json.parser.JSONParserBase.readMain(JSONParserBase.java:467)
	at net.minidev.json.parser.JSONParserBase.readObject(JSONParserBase.java:614)
	at net.minidev.json.parser.JSONParserBase.readMain(JSONParserBase.java:467)
	at net.minidev.json.parser.JSONParserBase.readArray(JSONParserBase.java:337)
	at net.minidev.json.parser.JSONParserBase.readMain(JSONParserBase.java:470)
	at net.minidev.json.parser.JSONParserBase.readObject(JSONParserBase.java:614)
	at net.minidev.json.parser.JSONParserBase.readMain(JSONParserBase.java:467)
	at net.minidev.json.parser.JSONParserBase.readObject(JSONParserBase.java:614)
	at net.minidev.json.parser.JSONParserBase.readMain(JSONParserBase.java:467)
	at net.minidev.json.parser.JSONParserBase.readArray(JSONParserBase.java:337)
	at net.minidev.json.parser.JSONParserBase.readMain(JSONParserBase.java:470)
	at net.minidev.json.parser.JSONParserBase.readObject(JSONParserBase.java:614)
	at net.minidev.json.parser.JSONParserBase.readMain(JSONParserBase.java:467)
	at net.minidev.json.parser.JSONParserBase.readObject(JSONParserBase.java:614)
	at net.minidev.json.parser.JSONParserBase.readMain(JSONParserBase.java:467)
	at net.minidev.json.parser.JSONParserBase.readArray(JSONParserBase.java:337)
	at net.minidev.json.parser.JSONParserBase.readMain(JSONParserBase.java:470)
	at net.minidev.json.parser.JSONParserBase.readObject(JSONParserBase.java:614)
	at net.minidev.json.parser.JSONParserBase.readMain(JSONParserBase.java:467)
	at net.minidev.json.parser.JSONParserBase.readObject(JSONParserBase.java:614)
	at net.minidev.json.parser.JSONParserBase.readMain(JSONParserBase.java:467)
	at net.minidev.json.parser.JSONParserBase.readArray(JSONParserBase.java:337)
	at net.minidev.json.parser.JSONParserBase.readMain(JSONParserBase.java:470)
	at net.minidev.json.parser.JSONParserBase.readObject(JSONParserBase.java:614)
	at net.minidev.json.parser.JSONParserBase.readMain(JSONParserBase.java:467)
	at net.minidev.json.parser.JSONParserBase.readObject(JSONParserBase.java:614)
	at net.minidev.json.parser.JSONParserBase.readMain(JSONParserBase.java:467)
	at net.minidev.json.parser.JSONParserBase.readArray(JSONParserBase.java:337)
	at net.minidev.json.parser.JSONParserBase.readMain(JSONParserBase.java:470)
	at net.minidev.json.parser.JSONParserBase.readObject(JSONParserBase.java:614)
	at net.minidev.json.parser.JSONParserBase.readMain(JSONParserBase.java:467)
	at net.minidev.json.parser.JSONParserBase.readObject(JSONParserBase.java:614)
	at net.minidev.json.parser.JSONParserBase.readMain(JSONParserBase.java:467)
	at net.minidev.json.parser.JSONParserBase.readArray(JSONParserBase.java:337)
	at net.minidev.json.parser.JSONParserBase.readMain(JSONParserBase.java:470)
	at net.minidev.json.parser.JSONParserBase.readObject(JSONParserBase.java:614)
	at net.minidev.json.parser.JSONParserBase.readMain(JSONParserBase.java:467)
	at net.minidev.json.parser.JSONParserBase.readObject(JSONParserBase.java:614)
	at net.minidev.json.parser.JSONParserBase.readMain(JSONParserBase.java:467)
	at net.minidev.json.parser.JSONParserBase.readArray(JSONParserBase.java:337)
	at net.minidev.json.parser.JSONParserBase.readMain(JSONParserBase.java:470)
	at net.minidev.json.parser.JSONParserBase.readObject(JSONParserBase.java:614)
	at net.minidev.json.parser.JSONParserBase.readMain(JSONParserBase.java:467)
	at net.minidev.json.parser.JSONParserBase.readObject(JSONParserBase.java:614)
	at net.minidev.json.parser.JSONParserBase.readMain(JSONParserBase.java:467)
	at net.minidev.json.parser.JSONParserBase.readArray(JSONParserBase.java:337)
	at net.minidev.json.parser.JSONParserBase.readMain(JSONParserBase.java:470)
	at net.minidev.json.parser.JSONParserBase.readObject(JSONParserBase.java:614)
	at net.minidev.json.parser.JSONParserBase.readFirst(JSONParserBase.java:365)
	at net.minidev.json.parser.JSONParserBase.parse(JSONParserBase.java:218)
	at net.minidev.json.parser.JSONParserString.parse(JSONParserString.java:58)
	at net.minidev.json.parser.JSONParser.parse(JSONParser.java:285)
	at com.jayway.jsonpath.spi.json.JsonSmartJsonProvider.parse(JsonSmartJsonProvider.java:62)
	... 10 more

com.example.ordermanagement.controller.OrderControllerTest.getAllOrders_ShouldReturnListOfOrders -- Time elapsed: 0.099 s <<< FAILURE!
java.lang.AssertionError: No value at JSON path "$[0].id"
	at org.springframework.test.util.JsonPathExpectationsHelper.evaluateJsonPath(JsonPathExpectationsHelper.java:302)
	at org.springframework.test.util.JsonPathExpectationsHelper.assertValue(JsonPathExpectationsHelper.java:99)
	at org.springframework.test.web.servlet.result.JsonPathResultMatchers.lambda$value$2(JsonPathResultMatchers.java:111)
	at org.springframework.test.web.servlet.MockMvc$1.andExpect(MockMvc.java:214)
	at com.example.ordermanagement.controller.OrderControllerTest.getAllOrders_ShouldReturnListOfOrders(OrderControllerTest.java:94)
	at java.base/java.lang.reflect.Method.invoke(Method.java:569)
	at java.base/java.util.ArrayList.forEach(ArrayList.java:1511)
	at java.base/java.util.ArrayList.forEach(ArrayList.java:1511)
Caused by: com.jayway.jsonpath.InvalidJsonException: net.minidev.json.parser.ParseException: Malicious payload, having non natural depths, parsing stoped on { at position 27532.
	at com.jayway.jsonpath.spi.json.JsonSmartJsonProvider.parse(JsonSmartJsonProvider.java:64)
	at com.jayway.jsonpath.JsonPath.read(JsonPath.java:393)
	at com.jayway.jsonpath.JsonPath.read(JsonPath.java:377)
	at org.springframework.test.util.JsonPathExpectationsHelper.evaluateJsonPath(JsonPathExpectationsHelper.java:299)
	... 7 more
Caused by: net.minidev.json.parser.ParseException: Malicious payload, having non natural depths, parsing stoped on { at position 27532.
	at net.minidev.json.parser.JSONParserBase.readObject(JSONParserBase.java:559)
	at net.minidev.json.parser.JSONParserBase.readMain(JSONParserBase.java:467)
	at net.minidev.json.parser.JSONParserBase.readObject(JSONParserBase.java:614)
	at net.minidev.json.parser.JSONParserBase.readMain(JSONParserBase.java:467)
	at net.minidev.json.parser.JSONParserBase.readArray(JSONParserBase.java:337)
	at net.minidev.json.parser.JSONParserBase.readMain(JSONParserBase.java:470)
	at net.minidev.json.parser.JSONParserBase.readObject(JSONParserBase.java:614)
	at net.minidev.json.parser.JSONParserBase.readMain(JSONParserBase.java:467)
	at net.minidev.json.parser.JSONParserBase.readObject(JSONParserBase.java:614)
	at net.minidev.json.parser.JSONParserBase.readMain(JSONParserBase.java:467)
	at net.minidev.json.parser.JSONParserBase.readArray(JSONParserBase.java:337)
	at net.minidev.json.parser.JSONParserBase.readMain(JSONParserBase.java:470)
	at net.minidev.json.parser.JSONParserBase.readObject(JSONParserBase.java:614)
	at net.minidev.json.parser.JSONParserBase.readMain(JSONParserBase.java:467)
	at net.minidev.json.parser.JSONParserBase.readObject(JSONParserBase.java:614)
	at net.minidev.json.parser.JSONParserBase.readMain(JSONParserBase.java:467)
	at net.minidev.json.parser.JSONParserBase.readArray(JSONParserBase.java:337)
	at net.minidev.json.parser.JSONParserBase.readMain(JSONParserBase.java:470)
	at net.minidev.json.parser.JSONParserBase.readObject(JSONParserBase.java:614)
	at net.minidev.json.parser.JSONParserBase.readMain(JSONParserBase.java:467)
	at net.minidev.json.parser.JSONParserBase.readObject(JSONParserBase.java:614)
	at net.minidev.json.parser.JSONParserBase.readMain(JSONParserBase.java:467)
	at net.minidev.json.parser.JSONParserBase.readArray(JSONParserBase.java:337)
	at net.minidev.json.parser.JSONParserBase.readMain(JSONParserBase.java:470)
	at net.minidev.json.parser.JSONParserBase.readObject(JSONParserBase.java:614)
	at net.minidev.json.parser.JSONParserBase.readMain(JSONParserBase.java:467)
	at net.minidev.json.parser.JSONParserBase.readObject(JSONParserBase.java:614)
	at net.minidev.json.parser.JSONParserBase.readMain(JSONParserBase.java:467)
	at net.minidev.json.parser.JSONParserBase.readArray(JSONParserBase.java:337)
	at net.minidev.json.parser.JSONParserBase.readMain(JSONParserBase.java:470)
	at net.minidev.json.parser.JSONParserBase.readObject(JSONParserBase.java:614)
	at net.minidev.json.parser.JSONParserBase.readMain(JSONParserBase.java:467)
	at net.minidev.json.parser.JSONParserBase.readObject(JSONParserBase.java:614)
	at net.minidev.json.parser.JSONParserBase.readMain(JSONParserBase.java:467)
	at net.minidev.json.parser.JSONParserBase.readArray(JSONParserBase.java:337)
	at net.minidev.json.parser.JSONParserBase.readMain(JSONParserBase.java:470)
	at net.minidev.json.parser.JSONParserBase.readObject(JSONParserBase.java:614)
	at net.minidev.json.parser.JSONParserBase.readMain(JSONParserBase.java:467)
	at net.minidev.json.parser.JSONParserBase.readObject(JSONParserBase.java:614)
	at net.minidev.json.parser.JSONParserBase.readMain(JSONParserBase.java:467)
	at net.minidev.json.parser.JSONParserBase.readArray(JSONParserBase.java:337)
	at net.minidev.json.parser.JSONParserBase.readMain(JSONParserBase.java:470)
	at net.minidev.json.parser.JSONParserBase.readObject(JSONParserBase.java:614)
	at net.minidev.json.parser.JSONParserBase.readMain(JSONParserBase.java:467)
	at net.minidev.json.parser.JSONParserBase.readObject(JSONParserBase.java:614)
	at net.minidev.json.parser.JSONParserBase.readMain(JSONParserBase.java:467)
	at net.minidev.json.parser.JSONParserBase.readArray(JSONParserBase.java:337)
	at net.minidev.json.parser.JSONParserBase.readMain(JSONParserBase.java:470)
	at net.minidev.json.parser.JSONParserBase.readObject(JSONParserBase.java:614)
	at net.minidev.json.parser.JSONParserBase.readMain(JSONParserBase.java:467)
	at net.minidev.json.parser.JSONParserBase.readObject(JSONParserBase.java:614)
	at net.minidev.json.parser.JSONParserBase.readMain(JSONParserBase.java:467)
	at net.minidev.json.parser.JSONParserBase.readArray(JSONParserBase.java:337)
	at net.minidev.json.parser.JSONParserBase.readMain(JSONParserBase.java:470)
	at net.minidev.json.parser.JSONParserBase.readObject(JSONParserBase.java:614)
	at net.minidev.json.parser.JSONParserBase.readMain(JSONParserBase.java:467)
	at net.minidev.json.parser.JSONParserBase.readObject(JSONParserBase.java:614)
	at net.minidev.json.parser.JSONParserBase.readMain(JSONParserBase.java:467)
	at net.minidev.json.parser.JSONParserBase.readArray(JSONParserBase.java:337)
	at net.minidev.json.parser.JSONParserBase.readMain(JSONParserBase.java:470)
	at net.minidev.json.parser.JSONParserBase.readObject(JSONParserBase.java:614)
	at net.minidev.json.parser.JSONParserBase.readMain(JSONParserBase.java:467)
	at net.minidev.json.parser.JSONParserBase.readObject(JSONParserBase.java:614)
	at net.minidev.json.parser.JSONParserBase.readMain(JSONParserBase.java:467)
	at net.minidev.json.parser.JSONParserBase.readArray(JSONParserBase.java:337)
	at net.minidev.json.parser.JSONParserBase.readMain(JSONParserBase.java:470)
	at net.minidev.json.parser.JSONParserBase.readObject(JSONParserBase.java:614)
	at net.minidev.json.parser.JSONParserBase.readMain(JSONParserBase.java:467)
	at net.minidev.json.parser.JSONParserBase.readObject(JSONParserBase.java:614)
	at net.minidev.json.parser.JSONParserBase.readMain(JSONParserBase.java:467)
	at net.minidev.json.parser.JSONParserBase.readArray(JSONParserBase.java:337)
	at net.minidev.json.parser.JSONParserBase.readMain(JSONParserBase.java:470)
	at net.minidev.json.parser.JSONParserBase.readObject(JSONParserBase.java:614)
	at net.minidev.json.parser.JSONParserBase.readMain(JSONParserBase.java:467)
	at net.minidev.json.parser.JSONParserBase.readObject(JSONParserBase.java:614)
	at net.minidev.json.parser.JSONParserBase.readMain(JSONParserBase.java:467)
	at net.minidev.json.parser.JSONParserBase.readArray(JSONParserBase.java:337)
	at net.minidev.json.parser.JSONParserBase.readMain(JSONParserBase.java:470)
	at net.minidev.json.parser.JSONParserBase.readObject(JSONParserBase.java:614)
	at net.minidev.json.parser.JSONParserBase.readMain(JSONParserBase.java:467)
	at net.minidev.json.parser.JSONParserBase.readObject(JSONParserBase.java:614)
	at net.minidev.json.parser.JSONParserBase.readMain(JSONParserBase.java:467)
	at net.minidev.json.parser.JSONParserBase.readArray(JSONParserBase.java:337)
	at net.minidev.json.parser.JSONParserBase.readMain(JSONParserBase.java:470)
	at net.minidev.json.parser.JSONParserBase.readObject(JSONParserBase.java:614)
	at net.minidev.json.parser.JSONParserBase.readMain(JSONParserBase.java:467)
	at net.minidev.json.parser.JSONParserBase.readObject(JSONParserBase.java:614)
	at net.minidev.json.parser.JSONParserBase.readMain(JSONParserBase.java:467)
	at net.minidev.json.parser.JSONParserBase.readArray(JSONParserBase.java:337)
	at net.minidev.json.parser.JSONParserBase.readMain(JSONParserBase.java:470)
	at net.minidev.json.parser.JSONParserBase.readObject(JSONParserBase.java:614)
	at net.minidev.json.parser.JSONParserBase.readMain(JSONParserBase.java:467)
	at net.minidev.json.parser.JSONParserBase.readObject(JSONParserBase.java:614)
	at net.minidev.json.parser.JSONParserBase.readMain(JSONParserBase.java:467)
	at net.minidev.json.parser.JSONParserBase.readArray(JSONParserBase.java:337)
	at net.minidev.json.parser.JSONParserBase.readMain(JSONParserBase.java:470)
	at net.minidev.json.parser.JSONParserBase.readObject(JSONParserBase.java:614)
	at net.minidev.json.parser.JSONParserBase.readMain(JSONParserBase.java:467)
	at net.minidev.json.parser.JSONParserBase.readObject(JSONParserBase.java:614)
	at net.minidev.json.parser.JSONParserBase.readMain(JSONParserBase.java:467)
	at net.minidev.json.parser.JSONParserBase.readArray(JSONParserBase.java:337)
	at net.minidev.json.parser.JSONParserBase.readMain(JSONParserBase.java:470)
	at net.minidev.json.parser.JSONParserBase.readObject(JSONParserBase.java:614)
	at net.minidev.json.parser.JSONParserBase.readMain(JSONParserBase.java:467)
	at net.minidev.json.parser.JSONParserBase.readObject(JSONParserBase.java:614)
	at net.minidev.json.parser.JSONParserBase.readMain(JSONParserBase.java:467)
	at net.minidev.json.parser.JSONParserBase.readArray(JSONParserBase.java:337)
	at net.minidev.json.parser.JSONParserBase.readMain(JSONParserBase.java:470)
	at net.minidev.json.parser.JSONParserBase.readObject(JSONParserBase.java:614)
	at net.minidev.json.parser.JSONParserBase.readMain(JSONParserBase.java:467)
	at net.minidev.json.parser.JSONParserBase.readObject(JSONParserBase.java:614)
	at net.minidev.json.parser.JSONParserBase.readMain(JSONParserBase.java:467)
	at net.minidev.json.parser.JSONParserBase.readArray(JSONParserBase.java:337)
	at net.minidev.json.parser.JSONParserBase.readMain(JSONParserBase.java:470)
	at net.minidev.json.parser.JSONParserBase.readObject(JSONParserBase.java:614)
	at net.minidev.json.parser.JSONParserBase.readMain(JSONParserBase.java:467)
	at net.minidev.json.parser.JSONParserBase.readObject(JSONParserBase.java:614)
	at net.minidev.json.parser.JSONParserBase.readMain(JSONParserBase.java:467)
	at net.minidev.json.parser.JSONParserBase.readArray(JSONParserBase.java:337)
	at net.minidev.json.parser.JSONParserBase.readMain(JSONParserBase.java:470)
	at net.minidev.json.parser.JSONParserBase.readObject(JSONParserBase.java:614)
	at net.minidev.json.parser.JSONParserBase.readMain(JSONParserBase.java:467)
	at net.minidev.json.parser.JSONParserBase.readObject(JSONParserBase.java:614)
	at net.minidev.json.parser.JSONParserBase.readMain(JSONParserBase.java:467)
	at net.minidev.json.parser.JSONParserBase.readArray(JSONParserBase.java:337)
	at net.minidev.json.parser.JSONParserBase.readMain(JSONParserBase.java:470)
	at net.minidev.json.parser.JSONParserBase.readObject(JSONParserBase.java:614)
	at net.minidev.json.parser.JSONParserBase.readMain(JSONParserBase.java:467)
	at net.minidev.json.parser.JSONParserBase.readObject(JSONParserBase.java:614)
	at net.minidev.json.parser.JSONParserBase.readMain(JSONParserBase.java:467)
	at net.minidev.json.parser.JSONParserBase.readArray(JSONParserBase.java:337)
	at net.minidev.json.parser.JSONParserBase.readMain(JSONParserBase.java:470)
	at net.minidev.json.parser.JSONParserBase.readObject(JSONParserBase.java:614)
	at net.minidev.json.parser.JSONParserBase.readMain(JSONParserBase.java:467)
	at net.minidev.json.parser.JSONParserBase.readObject(JSONParserBase.java:614)
	at net.minidev.json.parser.JSONParserBase.readMain(JSONParserBase.java:467)
	at net.minidev.json.parser.JSONParserBase.readArray(JSONParserBase.java:337)
	at net.minidev.json.parser.JSONParserBase.readMain(JSONParserBase.java:470)
	at net.minidev.json.parser.JSONParserBase.readObject(JSONParserBase.java:614)
	at net.minidev.json.parser.JSONParserBase.readMain(JSONParserBase.java:467)
	at net.minidev.json.parser.JSONParserBase.readObject(JSONParserBase.java:614)
	at net.minidev.json.parser.JSONParserBase.readMain(JSONParserBase.java:467)
	at net.minidev.json.parser.JSONParserBase.readArray(JSONParserBase.java:337)
	at net.minidev.json.parser.JSONParserBase.readMain(JSONParserBase.java:470)
	at net.minidev.json.parser.JSONParserBase.readObject(JSONParserBase.java:614)
	at net.minidev.json.parser.JSONParserBase.readMain(JSONParserBase.java:467)
	at net.minidev.json.parser.JSONParserBase.readObject(JSONParserBase.java:614)
	at net.minidev.json.parser.JSONParserBase.readMain(JSONParserBase.java:467)
	at net.minidev.json.parser.JSONParserBase.readArray(JSONParserBase.java:337)
	at net.minidev.json.parser.JSONParserBase.readMain(JSONParserBase.java:470)
	at net.minidev.json.parser.JSONParserBase.readObject(JSONParserBase.java:614)
	at net.minidev.json.parser.JSONParserBase.readMain(JSONParserBase.java:467)
	at net.minidev.json.parser.JSONParserBase.readObject(JSONParserBase.java:614)
	at net.minidev.json.parser.JSONParserBase.readMain(JSONParserBase.java:467)
	at net.minidev.json.parser.JSONParserBase.readArray(JSONParserBase.java:337)
	at net.minidev.json.parser.JSONParserBase.readMain(JSONParserBase.java:470)
	at net.minidev.json.parser.JSONParserBase.readObject(JSONParserBase.java:614)
	at net.minidev.json.parser.JSONParserBase.readMain(JSONParserBase.java:467)
	at net.minidev.json.parser.JSONParserBase.readObject(JSONParserBase.java:614)
	at net.minidev.json.parser.JSONParserBase.readMain(JSONParserBase.java:467)
	at net.minidev.json.parser.JSONParserBase.readArray(JSONParserBase.java:337)
	at net.minidev.json.parser.JSONParserBase.readMain(JSONParserBase.java:470)
	at net.minidev.json.parser.JSONParserBase.readObject(JSONParserBase.java:614)
	at net.minidev.json.parser.JSONParserBase.readMain(JSONParserBase.java:467)
	at net.minidev.json.parser.JSONParserBase.readObject(JSONParserBase.java:614)
	at net.minidev.json.parser.JSONParserBase.readMain(JSONParserBase.java:467)
	at net.minidev.json.parser.JSONParserBase.readArray(JSONParserBase.java:337)
	at net.minidev.json.parser.JSONParserBase.readMain(JSONParserBase.java:470)
	at net.minidev.json.parser.JSONParserBase.readObject(JSONParserBase.java:614)
	at net.minidev.json.parser.JSONParserBase.readMain(JSONParserBase.java:467)
	at net.minidev.json.parser.JSONParserBase.readObject(JSONParserBase.java:614)
	at net.minidev.json.parser.JSONParserBase.readMain(JSONParserBase.java:467)
	at net.minidev.json.parser.JSONParserBase.readArray(JSONParserBase.java:337)
	at net.minidev.json.parser.JSONParserBase.readMain(JSONParserBase.java:470)
	at net.minidev.json.parser.JSONParserBase.readObject(JSONParserBase.java:614)
[...]
	at com.fasterxml.jackson.databind.ser.BeanSerializer.serialize(BeanSerializer.java:178)
	at com.fasterxml.jackson.databind.ser.BeanPropertyWriter.serializeAsField(BeanPropertyWriter.java:732)
	at com.fasterxml.jackson.databind.ser.std.BeanSerializerBase.serializeFields(BeanSerializerBase.java:772)
	at com.fasterxml.jackson.databind.ser.BeanSerializer.serialize(BeanSerializer.java:178)
	at com.fasterxml.jackson.databind.ser.impl.IndexedListSerializer.serializeContents(IndexedListSerializer.java:119)
	at com.fasterxml.jackson.databind.ser.impl.IndexedListSerializer.serialize(IndexedListSerializer.java:79)
	at com.fasterxml.jackson.databind.ser.impl.IndexedListSerializer.serialize(IndexedListSerializer.java:18)
	at com.fasterxml.jackson.databind.ser.BeanPropertyWriter.serializeAsField(BeanPropertyWriter.java:732)
	at com.fasterxml.jackson.databind.ser.std.BeanSerializerBase.serializeFields(BeanSerializerBase.java:772)
	at com.fasterxml.jackson.databind.ser.BeanSerializer.serialize(BeanSerializer.java:178)
	at com.fasterxml.jackson.databind.ser.BeanPropertyWriter.serializeAsField(BeanPropertyWriter.java:732)
	at com.fasterxml.jackson.databind.ser.std.BeanSerializerBase.serializeFields(BeanSerializerBase.java:772)
	at com.fasterxml.jackson.databind.ser.BeanSerializer.serialize(BeanSerializer.java:178)
	at com.fasterxml.jackson.databind.ser.impl.IndexedListSerializer.serializeContents(IndexedListSerializer.java:119)
	at com.fasterxml.jackson.databind.ser.impl.IndexedListSerializer.serialize(IndexedListSerializer.java:79)
	at com.fasterxml.jackson.databind.ser.impl.IndexedListSerializer.serialize(IndexedListSerializer.java:18)
	at com.fasterxml.jackson.databind.ser.BeanPropertyWriter.serializeAsField(BeanPropertyWriter.java:732)
	at com.fasterxml.jackson.databind.ser.std.BeanSerializerBase.serializeFields(BeanSerializerBase.java:772)
	at com.fasterxml.jackson.databind.ser.BeanSerializer.serialize(BeanSerializer.java:178)
	at com.fasterxml.jackson.databind.ser.BeanPropertyWriter.serializeAsField(BeanPropertyWriter.java:732)
	at com.fasterxml.jackson.databind.ser.std.BeanSerializerBase.serializeFields(BeanSerializerBase.java:772)
	at com.fasterxml.jackson.databind.ser.BeanSerializer.serialize(BeanSerializer.java:178)
	at com.fasterxml.jackson.databind.ser.impl.IndexedListSerializer.serializeContents(IndexedListSerializer.java:119)
	at com.fasterxml.jackson.databind.ser.impl.IndexedListSerializer.serialize(IndexedListSerializer.java:79)
	at com.fasterxml.jackson.databind.ser.impl.IndexedListSerializer.serialize(IndexedListSerializer.java:18)
	at com.fasterxml.jackson.databind.ser.BeanPropertyWriter.serializeAsField(BeanPropertyWriter.java:732)
	at com.fasterxml.jackson.databind.ser.std.BeanSerializerBase.serializeFields(BeanSerializerBase.java:772)
	at com.fasterxml.jackson.databind.ser.BeanSerializer.serialize(BeanSerializer.java:178)
	at com.fasterxml.jackson.databind.ser.BeanPropertyWriter.serializeAsField(BeanPropertyWriter.java:732)
	at com.fasterxml.jackson.databind.ser.std.BeanSerializerBase.serializeFields(BeanSerializerBase.java:772)
	at com.fasterxml.jackson.databind.ser.BeanSerializer.serialize(BeanSerializer.java:178)
	at com.fasterxml.jackson.databind.ser.impl.IndexedListSerializer.serializeContents(IndexedListSerializer.java:119)
	at com.fasterxml.jackson.databind.ser.impl.IndexedListSerializer.serialize(IndexedListSerializer.java:79)
	at com.fasterxml.jackson.databind.ser.impl.IndexedListSerializer.serialize(IndexedListSerializer.java:18)
	at com.fasterxml.jackson.databind.ser.BeanPropertyWriter.serializeAsField(BeanPropertyWriter.java:732)
	at com.fasterxml.jackson.databind.ser.std.BeanSerializerBase.serializeFields(BeanSerializerBase.java:772)
	at com.fasterxml.jackson.databind.ser.BeanSerializer.serialize(BeanSerializer.java:178)
	at com.fasterxml.jackson.databind.ser.BeanPropertyWriter.serializeAsField(BeanPropertyWriter.java:732)
	at com.fasterxml.jackson.databind.ser.std.BeanSerializerBase.serializeFields(BeanSerializerBase.java:772)
	at com.fasterxml.jackson.databind.ser.BeanSerializer.serialize(BeanSerializer.java:178)
	at com.fasterxml.jackson.databind.ser.impl.IndexedListSerializer.serializeContents(IndexedListSerializer.java:119)
	at com.fasterxml.jackson.databind.ser.impl.IndexedListSerializer.serialize(IndexedListSerializer.java:79)
	at com.fasterxml.jackson.databind.ser.impl.IndexedListSerializer.serialize(IndexedListSerializer.java:18)
	at com.fasterxml.jackson.databind.ser.BeanPropertyWriter.serializeAsField(BeanPropertyWriter.java:732)
	at com.fasterxml.jackson.databind.ser.std.BeanSerializerBase.serializeFields(BeanSerializerBase.java:772)
	at com.fasterxml.jackson.databind.ser.BeanSerializer.serialize(BeanSerializer.java:178)
	at com.fasterxml.jackson.databind.ser.BeanPropertyWriter.serializeAsField(BeanPropertyWriter.java:732)
	at com.fasterxml.jackson.databind.ser.std.BeanSerializerBase.serializeFields(BeanSerializerBase.java:772)
	at com.fasterxml.jackson.databind.ser.BeanSerializer.serialize(BeanSerializer.java:178)
	at com.fasterxml.jackson.databind.ser.impl.IndexedListSerializer.serializeContents(IndexedListSerializer.java:119)
	at com.fasterxml.jackson.databind.ser.impl.IndexedListSerializer.serialize(IndexedListSerializer.java:79)
	at com.fasterxml.jackson.databind.ser.impl.IndexedListSerializer.serialize(IndexedListSerializer.java:18)
	at com.fasterxml.jackson.databind.ser.BeanPropertyWriter.serializeAsField(BeanPropertyWriter.java:732)
	at com.fasterxml.jackson.databind.ser.std.BeanSerializerBase.serializeFields(BeanSerializerBase.java:772)
	at com.fasterxml.jackson.databind.ser.BeanSerializer.serialize(BeanSerializer.java:178)
	at com.fasterxml.jackson.databind.ser.BeanPropertyWriter.serializeAsField(BeanPropertyWriter.java:732)
	at com.fasterxml.jackson.databind.ser.std.BeanSerializerBase.serializeFields(BeanSerializerBase.java:772)
	at com.fasterxml.jackson.databind.ser.BeanSerializer.serialize(BeanSerializer.java:178)
	at com.fasterxml.jackson.databind.ser.impl.IndexedListSerializer.serializeContents(IndexedListSerializer.java:119)
	at com.fasterxml.jackson.databind.ser.impl.IndexedListSerializer.serialize(IndexedListSerializer.java:79)
	at com.fasterxml.jackson.databind.ser.impl.IndexedListSerializer.serialize(IndexedListSerializer.java:18)
	at com.fasterxml.jackson.databind.ser.BeanPropertyWriter.serializeAsField(BeanPropertyWriter.java:732)
	at com.fasterxml.jackson.databind.ser.std.BeanSerializerBase.serializeFields(BeanSerializerBase.java:772)
	at com.fasterxml.jackson.databind.ser.BeanSerializer.serialize(BeanSerializer.java:178)
	at com.fasterxml.jackson.databind.ser.BeanPropertyWriter.serializeAsField(BeanPropertyWriter.java:732)
	at com.fasterxml.jackson.databind.ser.std.BeanSerializerBase.serializeFields(BeanSerializerBase.java:772)
	at com.fasterxml.jackson.databind.ser.BeanSerializer.serialize(BeanSerializer.java:178)
	at com.fasterxml.jackson.databind.ser.impl.IndexedListSerializer.serializeContents(IndexedListSerializer.java:119)
	at com.fasterxml.jackson.databind.ser.impl.IndexedListSerializer.serialize(IndexedListSerializer.java:79)
	at com.fasterxml.jackson.databind.ser.impl.IndexedListSerializer.serialize(IndexedListSerializer.java:18)
	at com.fasterxml.jackson.databind.ser.BeanPropertyWriter.serializeAsField(BeanPropertyWriter.java:732)
	at com.fasterxml.jackson.databind.ser.std.BeanSerializerBase.serializeFields(BeanSerializerBase.java:772)
	at com.fasterxml.jackson.databind.ser.BeanSerializer.serialize(BeanSerializer.java:178)
	at com.fasterxml.jackson.databind.ser.BeanPropertyWriter.serializeAsField(BeanPropertyWriter.java:732)
	at com.fasterxml.jackson.databind.ser.std.BeanSerializerBase.serializeFields(BeanSerializerBase.java:772)
	at com.fasterxml.jackson.databind.ser.BeanSerializer.serialize(BeanSerializer.java:178)
	at com.fasterxml.jackson.databind.ser.impl.IndexedListSerializer.serializeContents(IndexedListSerializer.java:119)
	at com.fasterxml.jackson.databind.ser.impl.IndexedListSerializer.serialize(IndexedListSerializer.java:79)
	at com.fasterxml.jackson.databind.ser.impl.IndexedListSerializer.serialize(IndexedListSerializer.java:18)
	at com.fasterxml.jackson.databind.ser.BeanPropertyWriter.serializeAsField(BeanPropertyWriter.java:732)
	at com.fasterxml.jackson.databind.ser.std.BeanSerializerBase.serializeFields(BeanSerializerBase.java:772)
	at com.fasterxml.jackson.databind.ser.BeanSerializer.serialize(BeanSerializer.java:178)
	at com.fasterxml.jackson.databind.ser.BeanPropertyWriter.serializeAsField(BeanPropertyWriter.java:732)
	at com.fasterxml.jackson.databind.ser.std.BeanSerializerBase.serializeFields(BeanSerializerBase.java:772)
	at com.fasterxml.jackson.databind.ser.BeanSerializer.serialize(BeanSerializer.java:178)
	at com.fasterxml.jackson.databind.ser.impl.IndexedListSerializer.serializeContents(IndexedListSerializer.java:119)
	at com.fasterxml.jackson.databind.ser.impl.IndexedListSerializer.serialize(IndexedListSerializer.java:79)
	at com.fasterxml.jackson.databind.ser.impl.IndexedListSerializer.serialize(IndexedListSerializer.java:18)
	at com.fasterxml.jackson.databind.ser.BeanPropertyWriter.serializeAsField(BeanPropertyWriter.java:732)
	at com.fasterxml.jackson.databind.ser.std.BeanSerializerBase.serializeFields(BeanSerializerBase.java:772)
	at com.fasterxml.jackson.databind.ser.BeanSerializer.serialize(BeanSerializer.java:178)
	at com.fasterxml.jackson.databind.ser.BeanPropertyWriter.serializeAsField(BeanPropertyWriter.java:732)
	at com.fasterxml.jackson.databind.ser.std.BeanSerializerBase.serializeFields(BeanSerializerBase.java:772)
	at com.fasterxml.jackson.databind.ser.BeanSerializer.serialize(BeanSerializer.java:178)
	at com.fasterxml.jackson.databind.ser.impl.IndexedListSerializer.serializeContents(IndexedListSerializer.java:119)
	at com.fasterxml.jackson.databind.ser.impl.IndexedListSerializer.serialize(IndexedListSerializer.java:79)
	at com.fasterxml.jackson.databind.ser.impl.IndexedListSerializer.serialize(IndexedListSerializer.java:18)
	at com.fasterxml.jackson.databind.ser.BeanPropertyWriter.serializeAsField(BeanPropertyWriter.java:732)
	at com.fasterxml.jackson.databind.ser.std.BeanSerializerBase.serializeFields(BeanSerializerBase.java:772)
	at com.fasterxml.jackson.databind.ser.BeanSerializer.serialize(BeanSerializer.java:178)
	at com.fasterxml.jackson.databind.ser.BeanPropertyWriter.serializeAsField(BeanPropertyWriter.java:732)
	at com.fasterxml.jackson.databind.ser.std.BeanSerializerBase.serializeFields(BeanSerializerBase.java:772)
	at com.fasterxml.jackson.databind.ser.BeanSerializer.serialize(BeanSerializer.java:178)
	at com.fasterxml.jackson.databind.ser.impl.IndexedListSerializer.serializeContents(IndexedListSerializer.java:119)
	at com.fasterxml.jackson.databind.ser.impl.IndexedListSerializer.serialize(IndexedListSerializer.java:79)
	at com.fasterxml.jackson.databind.ser.impl.IndexedListSerializer.serialize(IndexedListSerializer.java:18)
	at com.fasterxml.jackson.databind.ser.BeanPropertyWriter.serializeAsField(BeanPropertyWriter.java:732)
	at com.fasterxml.jackson.databind.ser.std.BeanSerializerBase.serializeFields(BeanSerializerBase.java:772)
	at com.fasterxml.jackson.databind.ser.BeanSerializer.serialize(BeanSerializer.java:178)
	at com.fasterxml.jackson.databind.ser.BeanPropertyWriter.serializeAsField(BeanPropertyWriter.java:732)
	at com.fasterxml.jackson.databind.ser.std.BeanSerializerBase.serializeFields(BeanSerializerBase.java:772)
	at com.fasterxml.jackson.databind.ser.BeanSerializer.serialize(BeanSerializer.java:178)
	at com.fasterxml.jackson.databind.ser.impl.IndexedListSerializer.serializeContents(IndexedListSerializer.java:119)
	at com.fasterxml.jackson.databind.ser.impl.IndexedListSerializer.serialize(IndexedListSerializer.java:79)
	at com.fasterxml.jackson.databind.ser.impl.IndexedListSerializer.serialize(IndexedListSerializer.java:18)
	at com.fasterxml.jackson.databind.ser.BeanPropertyWriter.serializeAsField(BeanPropertyWriter.java:732)
	at com.fasterxml.jackson.databind.ser.std.BeanSerializerBase.serializeFields(BeanSerializerBase.java:772)
	at com.fasterxml.jackson.databind.ser.BeanSerializer.serialize(BeanSerializer.java:178)
	at com.fasterxml.jackson.databind.ser.BeanPropertyWriter.serializeAsField(BeanPropertyWriter.java:732)
	at com.fasterxml.jackson.databind.ser.std.BeanSerializerBase.serializeFields(BeanSerializerBase.java:772)
	at com.fasterxml.jackson.databind.ser.BeanSerializer.serialize(BeanSerializer.java:178)
	at com.fasterxml.jackson.databind.ser.impl.IndexedListSerializer.serializeContents(IndexedListSerializer.java:119)
	at com.fasterxml.jackson.databind.ser.impl.IndexedListSerializer.serialize(IndexedListSerializer.java:79)
	at com.fasterxml.jackson.databind.ser.impl.IndexedListSerializer.serialize(IndexedListSerializer.java:18)
	at com.fasterxml.jackson.databind.ser.BeanPropertyWriter.serializeAsField(BeanPropertyWriter.java:732)
	at com.fasterxml.jackson.databind.ser.std.BeanSerializerBase.serializeFields(BeanSerializerBase.java:772)
	at com.fasterxml.jackson.databind.ser.BeanSerializer.serialize(BeanSerializer.java:178)
	at com.fasterxml.jackson.databind.ser.BeanPropertyWriter.serializeAsField(BeanPropertyWriter.java:732)
	at com.fasterxml.jackson.databind.ser.std.BeanSerializerBase.serializeFields(BeanSerializerBase.java:772)
	at com.fasterxml.jackson.databind.ser.BeanSerializer.serialize(BeanSerializer.java:178)
	at com.fasterxml.jackson.databind.ser.impl.IndexedListSerializer.serializeContents(IndexedListSerializer.java:119)
	at com.fasterxml.jackson.databind.ser.impl.IndexedListSerializer.serialize(IndexedListSerializer.java:79)
	at com.fasterxml.jackson.databind.ser.impl.IndexedListSerializer.serialize(IndexedListSerializer.java:18)
	at com.fasterxml.jackson.databind.ser.BeanPropertyWriter.serializeAsField(BeanPropertyWriter.java:732)
	at com.fasterxml.jackson.databind.ser.std.BeanSerializerBase.serializeFields(BeanSerializerBase.java:772)
	at com.fasterxml.jackson.databind.ser.BeanSerializer.serialize(BeanSerializer.java:178)
	at com.fasterxml.jackson.databind.ser.BeanPropertyWriter.serializeAsField(BeanPropertyWriter.java:732)
	at com.fasterxml.jackson.databind.ser.std.BeanSerializerBase.serializeFields(BeanSerializerBase.java:772)
	at com.fasterxml.jackson.databind.ser.BeanSerializer.serialize(BeanSerializer.java:178)
	at com.fasterxml.jackson.databind.ser.impl.IndexedListSerializer.serializeContents(IndexedListSerializer.java:119)
	at com.fasterxml.jackson.databind.ser.impl.IndexedListSerializer.serialize(IndexedListSerializer.java:79)
	at com.fasterxml.jackson.databind.ser.impl.IndexedListSerializer.serialize(IndexedListSerializer.java:18)
	at com.fasterxml.jackson.databind.ser.BeanPropertyWriter.serializeAsField(BeanPropertyWriter.java:732)
	at com.fasterxml.jackson.databind.ser.std.BeanSerializerBase.serializeFields(BeanSerializerBase.java:772)
	at com.fasterxml.jackson.databind.ser.BeanSerializer.serialize(BeanSerializer.java:178)
	at com.fasterxml.jackson.databind.ser.BeanPropertyWriter.serializeAsField(BeanPropertyWriter.java:732)
	at com.fasterxml.jackson.databind.ser.std.BeanSerializerBase.serializeFields(BeanSerializerBase.java:772)
	at com.fasterxml.jackson.databind.ser.BeanSerializer.serialize(BeanSerializer.java:178)
	at com.fasterxml.jackson.databind.ser.impl.IndexedListSerializer.serializeContents(IndexedListSerializer.java:119)
	at com.fasterxml.jackson.databind.ser.impl.IndexedListSerializer.serialize(IndexedListSerializer.java:79)
	at com.fasterxml.jackson.databind.ser.impl.IndexedListSerializer.serialize(IndexedListSerializer.java:18)
	at com.fasterxml.jackson.databind.ser.BeanPropertyWriter.serializeAsField(BeanPropertyWriter.java:732)

com.example.ordermanagement.controller.OrderControllerTest.getOrderById_WhenOrderDoesNotExist_ShouldReturn404 -- Time elapsed: 0.016 s <<< ERROR!
jakarta.servlet.ServletException: Request processing failed: java.lang.RuntimeException: Order not found
	at org.springframework.web.servlet.FrameworkServlet.processRequest(FrameworkServlet.java:1022)
	at org.springframework.web.servlet.FrameworkServlet.doGet(FrameworkServlet.java:903)
	at jakarta.servlet.http.HttpServlet.service(HttpServlet.java:564)
	at org.springframework.web.servlet.FrameworkServlet.service(FrameworkServlet.java:885)
	at org.springframework.test.web.servlet.TestDispatcherServlet.service(TestDispatcherServlet.java:72)
	at jakarta.servlet.http.HttpServlet.service(HttpServlet.java:658)
	at org.springframework.mock.web.MockFilterChain$ServletFilterProxy.doFilter(MockFilterChain.java:165)
	at org.springframework.mock.web.MockFilterChain.doFilter(MockFilterChain.java:132)
	at org.springframework.web.filter.RequestContextFilter.doFilterInternal(RequestContextFilter.java:100)
	at org.springframework.web.filter.OncePerRequestFilter.doFilter(OncePerRequestFilter.java:116)
	at org.springframework.test.web.servlet.setup.MockMvcFilterDecorator.doFilter(MockMvcFilterDecorator.java:151)
	at org.springframework.mock.web.MockFilterChain.doFilter(MockFilterChain.java:132)
	at org.springframework.web.filter.FormContentFilter.doFilterInternal(FormContentFilter.java:93)
	at org.springframework.web.filter.OncePerRequestFilter.doFilter(OncePerRequestFilter.java:116)
	at org.springframework.test.web.servlet.setup.MockMvcFilterDecorator.doFilter(MockMvcFilterDecorator.java:151)
	at org.springframework.mock.web.MockFilterChain.doFilter(MockFilterChain.java:132)
	at org.springframework.web.filter.CharacterEncodingFilter.doFilterInternal(CharacterEncodingFilter.java:201)
	at org.springframework.web.filter.OncePerRequestFilter.doFilter(OncePerRequestFilter.java:116)
	at org.springframework.test.web.servlet.setup.MockMvcFilterDecorator.doFilter(MockMvcFilterDecorator.java:151)
	at org.springframework.mock.web.MockFilterChain.doFilter(MockFilterChain.java:132)
	at org.springframework.test.web.servlet.MockMvc.perform(MockMvc.java:201)
	at com.example.ordermanagement.controller.OrderControllerTest.getOrderById_WhenOrderDoesNotExist_ShouldReturn404(OrderControllerTest.java:83)
	at java.base/java.lang.reflect.Method.invoke(Method.java:569)
	at java.base/java.util.ArrayList.forEach(ArrayList.java:1511)
	at java.base/java.util.ArrayList.forEach(ArrayList.java:1511)
Caused by: java.lang.RuntimeException: Order not found
	at com.example.ordermanagement.service.OrderService.getOrderById(OrderService.java:26)
	at com.example.ordermanagement.controller.OrderController.getOrderById(OrderController.java:26)
	at java.base/jdk.internal.reflect.NativeMethodAccessorImpl.invoke0(Native Method)
	at java.base/jdk.internal.reflect.NativeMethodAccessorImpl.invoke(NativeMethodAccessorImpl.java:77)
	at java.base/jdk.internal.reflect.DelegatingMethodAccessorImpl.invoke(DelegatingMethodAccessorImpl.java:43)
	at java.base/java.lang.reflect.Method.invoke(Method.java:569)
	at org.springframework.web.method.support.InvocableHandlerMethod.doInvoke(InvocableHandlerMethod.java:259)
	at org.springframework.web.method.support.InvocableHandlerMethod.invokeForRequest(InvocableHandlerMethod.java:192)
	at org.springframework.web.servlet.mvc.method.annotation.ServletInvocableHandlerMethod.invokeAndHandle(ServletInvocableHandlerMethod.java:118)
	at org.springframework.web.servlet.mvc.method.annotation.RequestMappingHandlerAdapter.invokeHandlerMethod(RequestMappingHandlerAdapter.java:920)
	at org.springframework.web.servlet.mvc.method.annotation.RequestMappingHandlerAdapter.handleInternal(RequestMappingHandlerAdapter.java:830)
	at org.springframework.web.servlet.mvc.method.AbstractHandlerMethodAdapter.handle(AbstractHandlerMethodAdapter.java:87)
	at org.springframework.web.servlet.DispatcherServlet.doDispatch(DispatcherServlet.java:1089)
	at org.springframework.web.servlet.DispatcherServlet.doService(DispatcherServlet.java:979)
	at org.springframework.web.servlet.FrameworkServlet.processRequest(FrameworkServlet.java:1014)
	... 24 more

