-------------------------------------------------------------------------------
Test set: com.example.ordermanagement.model.OrderTest
-------------------------------------------------------------------------------
Tests run: 7, Failures: 1, Errors: 1, Skipped: 0, Time elapsed: 0.153 s <<< FAILURE! -- in com.example.ordermanagement.model.OrderTest
com.example.ordermanagement.model.OrderTest.createdAtAndUpdatedAt_ShouldBeSetOnCreation -- Time elapsed: 0.008 s <<< FAILURE!
org.opentest4j.AssertionFailedError: expected: not <null>
	at org.junit.jupiter.api.AssertionFailureBuilder.build(AssertionFailureBuilder.java:152)
	at org.junit.jupiter.api.AssertionFailureBuilder.buildAndThrow(AssertionFailureBuilder.java:132)
	at org.junit.jupiter.api.AssertNotNull.failNull(AssertNotNull.java:49)
	at org.junit.jupiter.api.AssertNotNull.assertNotNull(AssertNotNull.java:35)
	at org.junit.jupiter.api.AssertNotNull.assertNotNull(AssertNotNull.java:30)
	at org.junit.jupiter.api.Assertions.assertNotNull(Assertions.java:304)
	at com.example.ordermanagement.model.OrderTest.createdAtAndUpdatedAt_ShouldBeSetOnCreation(OrderTest.java:82)
	at java.base/java.lang.reflect.Method.invoke(Method.java:569)
	at java.base/java.util.ArrayList.forEach(ArrayList.java:1511)
	at java.base/java.util.ArrayList.forEach(ArrayList.java:1511)

com.example.ordermanagement.model.OrderTest.updatedAt_ShouldBeUpdatedOnStatusChange -- Time elapsed: 0.116 s <<< ERROR!
java.lang.NullPointerException: Cannot invoke "java.time.LocalDateTime.isAfter(java.time.chrono.ChronoLocalDateTime)" because the return value of "com.example.ordermanagement.model.Order.getUpdatedAt()" is null
	at com.example.ordermanagement.model.OrderTest.updatedAt_ShouldBeUpdatedOnStatusChange(OrderTest.java:101)
	at java.base/java.lang.reflect.Method.invoke(Method.java:569)
	at java.base/java.util.ArrayList.forEach(ArrayList.java:1511)
	at java.base/java.util.ArrayList.forEach(ArrayList.java:1511)

