<?xml version="1.0" encoding="UTF-8"?>
<testsuite xmlns:xsi="http://www.w3.org/2001/XMLSchema-instance" xsi:noNamespaceSchemaLocation="https://maven.apache.org/surefire/maven-surefire-plugin/xsd/surefire-test-report-3.0.xsd" version="3.0" name="com.example.ordermanagement.controller.OrderControllerTest" time="7.294" tests="8" errors="3" skipped="0" failures="5">
  <properties>
[...]
</properties>
  <testcase name="cancelOrder_WhenOrderIsPending_ShouldCancelOrder" classname="com.example.ordermanagement.controller.OrderControllerTest" time="1.008">
    <failure message="No value at JSON path &quot;$.id&quot;" type="java.lang.AssertionError"><![CDATA[java.lang.AssertionError: No value at JSON path "$.id"
	at org.springframework.test.util.JsonPathExpectationsHelper.evaluateJsonPath(JsonPathExpectationsHelper.java:302)
	at org.springframework.test.util.JsonPathExpectationsHelper.assertValue(JsonPathExpectationsHelper.java:99)
	at org.springframework.test.web.servlet.result.JsonPathResultMatchers.lambda$value$2(JsonPathResultMatchers.java:111)
	at org.springframework.test.web.servlet.MockMvc$1.andExpect(MockMvc.java:214)
	at com.example.ordermanagement.controller.OrderControllerTest.cancelOrder_WhenOrderIsPending_ShouldCancelOrder(OrderControllerTest.java:128)
	at java.base/java.lang.reflect.Method.invoke(Method.java:569)
	at java.base/java.util.ArrayList.forEach(ArrayList.java:1511)
	at java.base/java.util.ArrayList.forEach(ArrayList.java:1511)
Caused by: com.jayway.jsonpath.InvalidJsonException: net.minidev.json.parser.ParseException: Malicious payload, having non natural depths, parsing stoped on [ at position 27666.
	at com.jayway.jsonpath.spi.json.JsonSmartJsonProvider.parse(JsonSmartJsonProvider.java:64)
	at com.jayway.jsonpath.JsonPath.read(JsonPath.java:393)
	at com.jayway.jsonpath.JsonPath.read(JsonPath.java:377)
	at org.springframework.test.util.JsonPathExpectationsHelper.evaluateJsonPath(JsonPathExpectationsHelper.java:299)
	... 7 more
Caused by: net.minidev.json.parser.ParseException: Malicious payload, having non natural depths, parsing stoped on [ at position 27666.
	at net.minidev.json.parser.JSONParserBase.readArray(JSONParserBase.java:302)
	at net.minidev.json.parser.JSONParserBase.readMain(JSONParserBase.java:470)
	at net.minidev.json.parser.JSONParserBase.readObject(JSONParserBase.java:614)
	at net.minidev.json.parser.JSONParserBase.readMain(JSONParserBase.java:467)
	at net.minidev.json.parser.JSONParserBase.readObject(JSONParserBase.java:614)
	at net.minidev.json.parser.JSONParserBase.readMain(JSONParserBase.java:467)
	at net.minidev.json.parser.JSONParserBase.readArray(JSONParserBase.java:337)
	at net.minidev.json.parser.JSONParserBase.readMain(JSONParserBase.java:470)
	at net.minidev.json.parser.JSONParserBase.readObject(JSONParserBase.java:614)
	at net.minidev.json.parser.JSONParserBase.readMain(JSONParserBase.java:467)
	at net.minidev.json.parser.JSONParserBase.readObject(JSONParserBase.java:614)
	at net.minidev.json.parser.JSONParserBase.readMain(JSONParserBase.java:467)
	at net.minidev.json.parser.JSONParserBase.readArray(JSONParserBase.java:337)
	at net.minidev.json.parser.JSONParserBase.readMain(JSONParserBase.java:470)
	at net.minidev.json.parser.JSONParserBase.readObject(JSONParserBase.java:614)
	at net.minidev.json.parser.JSONParserBase.readMain(JSONParserBase.java:467)
	at net.minidev.json.parser.JSONParserBase.readObject(JSONParserBase.java:614)
	at net.minidev.json.parser.JSONParserBase.readMain(JSONParserBase.java:467)
	at net.minidev.json.parser.JSONParserBase.readArray(JSONParserBase.java:337)
	at net.minidev.json.parser.JSONParserBase.readMain(JSONParserBase.java:470)
	at net.minidev.json.parser.JSONParserBase.readObject(JSONParserBase.java:614)
	at net.minidev.json.parser.JSONParserBase.readMain(JSONParserBase.java:467)
	at net.minidev.json.parser.JSONParserBase.readObject(JSONParserBase.java:614)
	at net.minidev.json.parser.JSONParserBase.readMain(JSONParserBase.java:467)
	at net.minidev.json.parser.JSONParserBase.readArray(JSONParserBase.java:337)
	at net.minidev.json.parser.JSONParserBase.readMain(JSONParserBase.java:470)
	at net.minidev.json.parser.JSONParserBase.readObject(JSONParserBase.java:614)
	at net.minidev.json.parser.JSONParserBase.readMain(JSONParserBase.java:467)
	at net.minidev.json.parser.JSONParserBase.readObject(JSONParserBase.java:614)
	at net.minidev.json.parser.JSONParserBase.readMain(JSONParserBase.java:467)
	at net.minidev.json.parser.JSONParserBase.readArray(JSONParserBase.java:337)
	at net.minidev.json.parser.JSONParserBase.readMain(JSONParserBase.java:470)
	at net.minidev.json.parser.JSONParserBase.readObject(JSONParserBase.java:614)
	at net.minidev.json.parser.JSONParserBase.readMain(JSONParserBase.java:467)
	at net.minidev.json.parser.JSONParserBase.readObject(JSONParserBase.java:614)
	at net.minidev.json.parser.JSONParserBase.readMain(JSONParserBase.java:467)
	at net.minidev.json.parser.JSONParserBase.readArray(JSONParserBase.java:337)
	at net.minidev.json.parser.JSONParserBase.readMain(JSONParserBase.java:470)
	at net.minidev.json.parser.JSONParserBase.readObject(JSONParserBase.java:614)
	at net.minidev.json.parser.JSONParserBase.readMain(JSONParserBase.java:467)
	at net.minidev.json.parser.JSONParserBase.readObject(JSONParserBase.java:614)
	at net.minidev.json.parser.JSONParserBase.readMain(JSONParserBase.java:467)
	at net.minidev.json.parser.JSONParserBase.readArray(JSONParserBase.java:337)
	at net.minidev.json.parser.JSONParserBase.readMain(JSONParserBase.java:470)
	at net.minidev.json.parser.JSONParserBase.readObject(JSONParserBase.java:614)
	at net.minidev.json.parser.JSONParserBase.readMain(JSONParserBase.java:467)
	at net.minidev.json.parser.JSONParserBase.readObject(JSONParserBase.java:614)
	at net.minidev.json.parser.JSONParserBase.readMain(JSONParserBase.java:467)
	at net.minidev.json.parser.JSONParserBase.readArray(JSONParserBase.java:337)
	at net.minidev.json.parser.JSONParserBase.readMain(JSONParserBase.java:470)
	at net.minidev.json.parser.JSONParserBase.readObject(JSONParserBase.java:614)
	at net.minidev.json.parser.JSONParserBase.readMain(JSONParserBase.java:467)
	at net.minidev.json.parser.JSONParserBase.readObject(JSONParserBase.java:614)
	at net.minidev.json.parser.JSONParserBase.readMain(JSONParserBase.java:467)
	at net.minidev.json.parser.JSONParserBase.readArray(JSONParserBase.java:337)
	at net.minidev.json.parser.JSONParserBase.readMain(JSONParserBase.java:470)
	at net.minidev.json.parser.JSONParserBase.readObject(JSONParserBase.java:614)
	at net.minidev.json.parser.JSONParserBase.readMain(JSONParserBase.java:467)
	at net.minidev.json.parser.JSONParserBase.readObject(JSONParserBase.java:614)
	at net.minidev.json.parser.JSONParserBase.readMain(JSONParserBase.java:467)
	at net.minidev.json.parser.JSONParserBase.readArray(JSONParserBase.java:337)
	at net.minidev.json.parser.JSONParserBase.readMain(JSONParserBase.java:470)
	at net.minidev.json.parser.JSONParserBase.readObject(JSONParserBase.java:614)
	at net.minidev.json.parser.JSONParserBase.readMain(JSONParserBase.java:467)
	at net.minidev.json.parser.JSONParserBase.readObject(JSONParserBase.java:614)
	at net.minidev.json.parser.JSONParserBase.readMain(JSONParserBase.java:467)
	at net.minidev.json.parser.JSONParserBase.readArray(JSONParserBase.java:337)
	at net.minidev.json.parser.JSONParserBase.readMain(JSONParserBase.java:470)
	at net.minidev.json.parser.JSONParserBase.readObject(JSONParserBase.java:614)
	at net.minidev.json.parser.JSONParserBase.readMain(JSONParserBase.java:467)
	at net.minidev.json.parser.JSONParserBase.readObject(JSONParserBase.java:614)
	at net.minidev.json.parser.JSONParserBase.readMain(JSONParserBase.java:467)
	at net.minidev.json.parser.JSONParserBase.readArray(JSONParserBase.java:337)
	at net.minidev.json.parser.JSONParserBase.readMain(JSONParserBase.java:470)
	at net.minidev.json.parser.JSONParserBase.readObject(JSONParserBase.java:614)
	at net.minidev.json.parser.JSONParserBase.readMain(JSONParserBase.java:467)
	at net.minidev.json.parser.JSONParserBase.readObject(JSONParserBase.java:614)
	at net.minidev.json.parser.JSONParserBase.readMain(JSONParserBase.java:467)
	at net.minidev.json.parser.JSONParserBase.readArray(JSONParserBase.java:337)
	at net.minidev.json.parser.JSONParserBase.readMain(JSONParserBase.java:470)
	at net.minidev.json.parser.JSONParserBase.readObject(JSONParserBase.java:614)
	at net.minidev.json.parser.JSONParserBase.readMain(JSONParserBase.java:467)
	at net.minidev.json.parser.JSONParserBase.readObject(JSONParserBase.java:614)
	at net.minidev.json.parser.JSONParserBase.readMain(JSONParserBase.java:467)
	at net.minidev.json.parser.JSONParserBase.readArray(JSONParserBase.java:337)
	at net.minidev.json.parser.JSONParserBase.readMain(JSONParserBase.java:470)
	at net.minidev.json.parser.JSONParserBase.readObject(JSONParserBase.java:614)
	at net.minidev.json.parser.JSONParserBase.readMain(JSONParserBase.java:467)
	at net.minidev.json.parser.JSONParserBase.readObject(JSONParserBase.java:614)
	at net.minidev.json.parser.JSONParserBase.readMain(JSONParserBase.java:467)
	at net.minidev.json.parser.JSONParserBase.readArray(JSONParserBase.java:337)
	at net.minidev.json.parser.JSONParserBase.readMain(JSONParserBase.java:470)
	at net.minidev.json.parser.JSONParserBase.readObject(JSONParserBase.java:614)
	at net.minidev.json.parser.JSONParserBase.readMain(JSONParserBase.java:467)
	at net.minidev.json.parser.JSONParserBase.readObject(JSONParserBase.java:614)
	at net.minidev.json.parser.JSONParserBase.readMain(JSONParserBase.java:467)
	at net.minidev.json.parser.JSONParserBase.readArray(JSONParserBase.java:337)
	at net.minidev.json.parser.JSONParserBase.readMain(JSONParserBase.java:470)
	at net.minidev.json.parser.JSONParserBase.readObject(JSONParserBase.java:614)
	at net.minidev.json.parser.JSONParserBase.readMain(JSONParserBase.java:467)
	at net.minidev.json.parser.JSONParserBase.readObject(JSONParserBase.java:614)
	at net.minidev.json.parser.JSONParserBase.readMain(JSONParserBase.java:467)
	at net.minidev.json.parser.JSONParserBase.readArray(JSONParserBase.java:337)
	at net.minidev.json.parser.JSONParserBase.readMain(JSONParserBase.java:470)
	at net.minidev.json.parser.JSONParserBase.readObject(JSONParserBase.java:614)
	at net.minidev.json.parser.JSONParserBase.readMain(JSONParserBase.java:467)
	at net.minidev.json.parser.JSONParserBase.readObject(JSONParserBase.java:614)
	at net.minidev.json.parser.JSONParserBase.readMain(JSONParserBase.java:467)
	at net.minidev.json.parser.JSONParserBase.readArray(JSONParserBase.java:337)
	at net.minidev.json.parser.JSONParserBase.readMain(JSONParserBase.java:470)
	at net.minidev.json.parser.JSONParserBase.readObject(JSONParserBase.java:614)
	at net.minidev.json.parser.JSONParserBase.readMain(JSONParserBase.java:467)
	at net.minidev.json.parser.JSONParserBase.readObject(JSONParserBase.java:614)
	at net.minidev.json.parser.JSONParserBase.readMain(JSONParserBase.java:467)
	at net.minidev.json.parser.JSONParserBase.readArray(JSONParserBase.java:337)
	at net.minidev.json.parser.JSONParserBase.readMain(JSONParserBase.java:470)
	at net.minidev.json.parser.JSONParserBase.readObject(JSONParserBase.java:614)
	at net.minidev.json.parser.JSONParserBase.readMain(JSONParserBase.java:467)
	at net.minidev.json.parser.JSONParserBase.readObject(JSONParserBase.java:614)
	at net.minidev.json.parser.JSONParserBase.readMain(JSONParserBase.java:467)
	at net.minidev.json.parser.JSONParserBase.readArray(JSONParserBase.java:337)
	at net.minidev.json.parser.JSONParserBase.readMain(JSONParserBase.java:470)
	at net.minidev.json.parser.JSONParserBase.readObject(JSONParserBase.java:614)
	at net.minidev.json.parser.JSONParserBase.readMain(JSONParserBase.java:467)
	at net.minidev.json.parser.JSONParserBase.readObject(JSONParserBase.java:614)
	at net.minidev.json.parser.JSONParserBase.readMain(JSONParserBase.java:467)
	at net.minidev.json.parser.JSONParserBase.readArray(JSONParserBase.java:337)
	at net.minidev.json.parser.JSONParserBase.readMain(JSONParserBase.java:470)
	at net.minidev.json.parser.JSONParserBase.readObject(JSONParserBase.java:614)
	at net.minidev.json.parser.JSONParserBase.readMain(JSONParserBase.java:467)
	at net.minidev.json.parser.JSONParserBase.readObject(JSONParserBase.java:614)
	at net.minidev.json.parser.JSONParserBase.readMain(JSONParserBase.java:467)
	at net.minidev.json.parser.JSONParserBase.readArray(JSONParserBase.java:337)
	at net.minidev.json.parser.JSONParserBase.readMain(JSONParserBase.java:470)
	at net.minidev.json.parser.JSONParserBase.readObject(JSONParserBase.java:614)
	at net.minidev.json.parser.JSONParserBase.readMain(JSONParserBase.java:467)
	at net.minidev.json.parser.JSONParserBase.readObject(JSONParserBase.java:614)
	at net.minidev.json.parser.JSONParserBase.readMain(JSONParserBase.java:467)
	at net.minidev.json.parser.JSONParserBase.readArray(JSONParserBase.java:337)
	at net.minidev.json.parser.JSONParserBase.readMain(JSONParserBase.java:470)
	at net.minidev.json.parser.JSONParserBase.readObject(JSONParserBase.java:614)
	at net.minidev.json.parser.JSONParserBase.readMain(JSONParserBase.java:467)
	at net.minidev.json.parser.JSONParserBase.readObject(JSONParserBase.java:614)
	at net.minidev.json.parser.JSONParserBase.readMain(JSONParserBase.java:467)
	at net.minidev.json.parser.JSONParserBase.readArray(JSONParserBase.java:337)
	at net.minidev.json.parser.JSONParserBase.readMain(JSONParserBase.java:470)
	at net.minidev.json.parser.JSONParserBase.readObject(JSONParserBase.java:614)
	at net.minidev.json.parser.JSONParserBase.readMain(JSONParserBase.java:467)
	at net.minidev.json.parser.JSONParserBase.readObject(JSONParserBase.java:614)
	at net.minidev.json.parser.JSONParserBase.readMain(JSONParserBase.java:467)
	at net.minidev.json.parser.JSONParserBase.readArray(JSONParserBase.java:337)
	at net.minidev.json.parser.JSONParserBase.readMain(JSONParserBase.java:470)
	at net.minidev.json.parser.JSONParserBase.readObject(JSONParserBase.java:614)
	at net.minidev.json.parser.JSONParserBase.readMain(JSONParserBase.java:467)
	at net.minidev.json.parser.JSONParserBase.readObject(JSONParserBase.java:614)
	at net.minidev.json.parser.JSONParserBase.readMain(JSONParserBase.java:467)
	at net.minidev.json.parser.JSONParserBase.readArray(JSONParserBase.java:337)
	at net.minidev.json.parser.JSONParserBase.readMain(JSONParserBase.java:470)
	at net.minidev.json.parser.JSONParserBase.readObject(JSONParserBase.java:614)
	at net.minidev.json.parser.JSONParserBase.readMain(JSONParserBase.java:467)
	at net.minidev.json.parser.JSONParserBase.readObject(JSONParserBase.java:614)
	at net.minidev.json.parser.JSONParserBase.readMain(JSONParserBase.java:467)
	at net.minidev.json.parser.JSONParserBase.readArray(JSONParserBase.java:337)
	at net.minidev.json.parser.JSONParserBase.readMain(JSONParserBase.java:470)
	at net.minidev.json.parser.JSONParserBase.readObject(JSONParserBase.java:614)
	at net.minidev.json.parser.JSONParserBase.readMain(JSONParserBase.java:467)
	at net.minidev.json.parser.JSONParserBase.readObject(JSONParserBase.java:614)
	at net.minidev.json.parser.JSONParserBase.readMain(JSONParserBase.java:467)
	at net.minidev.json.parser.JSONParserBase.readArray(JSONParserBase.java:337)
	at net.minidev.json.parser.JSONParserBase.readMain(JSONParserBase.java:470)
	at net.minidev.json.parser.JSONParserBase.readObject(JSONParserBase.java:614)
	at net.minidev.json.parser.JSONParserBase.readMain(JSONParserBase.java:467)
	at net.minidev.json.parser.JSONParserBase.readObject(JSONParserBase.java:614)
	at net.minidev.json.parser.JSONParserBase.readMain(JSONParserBase.java:467)
	at net.minidev.json.parser.JSONParserBase.readArray(JSONParserBase.java:337)
	at net.minidev.json.parser.JSONParserBase.readMain(JSONParserBase.java:470)
	at net.minidev.json.parser.JSONParserBase.readObject(JSONParserBase.java:614)
	at net.minidev.json.parser.JSONParserBase.readMain(JSONParserBase.java:467)
	at net.minidev.json.parser.JSONParserBase.readObject(JSONParserBase.java:614)
	at net.minidev.json.parser.JSONParserBase.readMain(JSONParserBase.java:467)
	at net.minidev.json.parser.JSONParserBase.readArray(JSONParserBase.java:337)
	at net.minidev.json.parser.JSONParserBase.readMain(JSONParserBase.java:470)
	at net.minidev.json.parser.JSONParserBase.readObject(JSONParserBase.java:614)
	at net.minidev.json.parser.JSONParserBase.readMain(JSONParserBase.java:467)
	at net.minidev.json.parser.JSONParserBase.readObject(JSONParserBase.java:614)
	at net.minidev.json.parser.JSONParserBase.readMain(JSONParserBase.java:467)
	at net.minidev.json.parser.JSONParserBase.readArray(JSONParserBase.java:337)
	at net.minidev.json.parser.JSONParserBase.readMain(JSONParserBase.java:470)
	at net.minidev.json.parser.JSONParserBase.readObject(JSONParserBase.java:614)
	at net.minidev.json.parser.JSONParserBase.readMain(JSONParserBase.java:467)
	at net.minidev.json.parser.JSONParserBase.readObject(JSONParserBase.java:614)
	at net.minidev.json.parser.JSONParserBase.readMain(JSONParserBase.java:467)
	at net.minidev.json.parser.JSONParserBase.readArray(JSONParserBase.java:337)
	at net.minidev.json.parser.JSONParserBase.readMain(JSONParserBase.java:470)
	at net.minidev.json.parser.JSONParserBase.readObject(JSONParserBase.java:614)
	at net.minidev.json.parser.JSONParserBase.readMain(JSONParserBase.java:467)
	at net.minidev.json.parser.JSONParserBase.readObject(JSONParserBase.java:614)
	at net.minidev.json.parser.JSONParserBase.readMain(JSONParserBase.java:467)
	at net.minidev.json.parser.JSONParserBase.readArray(JSONParserBase.java:337)
	at net.minidev.json.parser.JSONParserBase.readMain(JSONParserBase.java:470)
	at net.minidev.json.parser.JSONParserBase.readObject(JSONParserBase.java:614)
	at net.minidev.json.parser.JSONParserBase.readMain(JSONParserBase.java:467)
	at net.minidev.json.parser.JSONParserBase.readObject(JSONParserBase.java:614)
	at net.minidev.json.parser.JSONParserBase.readMain(JSONParserBase.java:467)
	at net.minidev.json.parser.JSONParserBase.readArray(JSONParserBase.java:337)
	at net.minidev.json.parser.JSONParserBase.readMain(JSONParserBase.java:470)
	at net.minidev.json.parser.JSONParserBase.readObject(JSONParserBase.java:614)
	at net.minidev.json.parser.JSONParserBase.readMain(JSONParserBase.java:467)
	at net.minidev.json.parser.JSONParserBase.readObject(JSONParserBase.java:614)
	at net.minidev.json.parser.JSONParserBase.readMain(JSONParserBase.java:467)
	at net.minidev.json.parser.JSONParserBase.readArray(JSONParserBase.java:337)
	at net.minidev.json.parser.JSONParserBase.readMain(JSONParserBase.java:470)
	at net.minidev.json.parser.JSONParserBase.readObject(JSONParserBase.java:614)
	at net.minidev.json.parser.JSONParserBase.readMain(JSONParserBase.java:467)
	at net.minidev.json.parser.JSONParserBase.readObject(JSONParserBase.java:614)
	at net.minidev.json.parser.JSONParserBase.readMain(JSONParserBase.java:467)
	at net.minidev.json.parser.JSONParserBase.readArray(JSONParserBase.java:337)
	at net.minidev.json.parser.JSONParserBase.readMain(JSONParserBase.java:470)
	at net.minidev.json.parser.JSONParserBase.readObject(JSONParserBase.java:614)
	at net.minidev.json.parser.JSONParserBase.readMain(JSONParserBase.java:467)
	at net.minidev.json.parser.JSONParserBase.readObject(JSONParserBase.java:614)
	at net.minidev.json.parser.JSONParserBase.readMain(JSONParserBase.java:467)
	at net.minidev.json.parser.JSONParserBase.readArray(JSONParserBase.java:337)
	at net.minidev.json.parser.JSONParserBase.readMain(JSONParserBase.java:470)
	at net.minidev.json.parser.JSONParserBase.readObject(JSONParserBase.java:614)
	at net.minidev.json.parser.JSONParserBase.readMain(JSONParserBase.java:467)
	at net.minidev.json.parser.JSONParserBase.readObject(JSONParserBase.java:614)
	at net.minidev.json.parser.JSONParserBase.readMain(JSONParserBase.java:467)
	at net.minidev.json.parser.JSONParserBase.readArray(JSONParserBase.java:337)
	at net.minidev.json.parser.JSONParserBase.readMain(JSONParserBase.java:470)
	at net.minidev.json.parser.JSONParserBase.readObject(JSONParserBase.java:614)
	at net.minidev.json.parser.JSONParserBase.readMain(JSONParserBase.java:467)
	at net.minidev.json.parser.JSONParserBase.readObject(JSONParserBase.java:614)
	at net.minidev.json.parser.JSONParserBase.readMain(JSONParserBase.java:467)
	at net.minidev.json.parser.JSONParserBase.readArray(JSONParserBase.java:337)
	at net.minidev.json.parser.JSONParserBase.readMain(JSONParserBase.java:470)
	at net.minidev.json.parser.JSONParserBase.readObject(JSONParserBase.java:614)
	at net.minidev.json.parser.JSONParserBase.readMain(JSONParserBase.java:467)
	at net.minidev.json.parser.JSONParserBase.readObject(JSONParserBase.java:614)
	at net.minidev.json.parser.JSONParserBase.readMain(JSONParserBase.java:467)
	at net.minidev.json.parser.JSONParserBase.readArray(JSONParserBase.java:337)
	at net.minidev.json.parser.JSONParserBase.readMain(JSONParserBase.java:470)
	at net.minidev.json.parser.JSONParserBase.readObject(JSONParserBase.java:614)
	at net.minidev.json.parser.JSONParserBase.readMain(JSONParserBase.java:467)
	at net.minidev.json.parser.JSONParserBase.readObject(JSONParserBase.java:614)
	at net.minidev.json.parser.JSONParserBase.readMain(JSONParserBase.java:467)
	at net.minidev.json.parser.JSONParserBase.readArray(JSONParserBase.java:337)
	at net.minidev.json.parser.JSONParserBase.readMain(JSONParserBase.java:470)
	at net.minidev.json.parser.JSONParserBase.readObject(JSONParserBase.java:614)
	at net.minidev.json.parser.JSONParserBase.readMain(JSONParserBase.java:467)
	at net.minidev.json.parser.JSONParserBase.readObject(JSONParserBase.java:614)
	at net.minidev.json.parser.JSONParserBase.readMain(JSONParserBase.java:467)
	at net.minidev.json.parser.JSONParserBase.readArray(JSONParserBase.java:337)
	at net.minidev.json.parser.JSONParserBase.readMain(JSONParserBase.java:470)
	at net.minidev.json.parser.JSONParserBase.readObject(JSONParserBase.java:614)
	at net.minidev.json.parser.JSONParserBase.readMain(JSONParserBase.java:467)
	at net.minidev.json.parser.JSONParserBase.readObject(JSONParserBase.java:614)
	at net.minidev.json.parser.JSONParserBase.readMain(JSONParserBase.java:467)
	at net.minidev.json.parser.JSONParserBase.readArray(JSONParserBase.java:337)
	at net.minidev.json.parser.JSONParserBase.readMain(JSONParserBase.java:470)
	at net.minidev.json.parser.JSONParserBase.readObject(JSONParserBase.java:614)
	at net.minidev.json.parser.JSONParserBase.readMain(JSONParserBase.java:467)
	at net.minidev.json.parser.JSONParserBase.readObject(JSONParserBase.java:614)
	at net.minidev.json.parser.JSONParserBase.readMain(JSONParserBase.java:467)
	at net.minidev.json.parser.JSONParserBase.readArray(JSONParserBase.java:337)
	at net.minidev.json.parser.JSONParserBase.readMain(JSONParserBase.java:470)
	at net.minidev.json.parser.JSONParserBase.readObject(JSONParserBase.java:614)
	at net.minidev.json.parser.JSONParserBase.readMain(JSONParserBase.java:467)
	at net.minidev.json.parser.JSONParserBase.readObject(JSONParserBase.java:614)
	at net.minidev.json.parser.JSONParserBase.readMain(JSONParserBase.java:467)
	at net.minidev.json.parser.JSONParserBase.readArray(JSONParserBase.java:337)
	at net.minidev.json.parser.JSONParserBase.readMain(JSONParserBase.java:470)
	at net.minidev.json.parser.JSONParserBase.readObject(JSONParserBase.java:614)
	at net.minidev.json.parser.JSONParserBase.readMain(JSONParserBase.java:467)
	at net.minidev.json.parser.JSONParserBase.readObject(JSONParserBase.java:614)
	at net.minidev.json.parser.JSONParserBase.readMain(JSONParserBase.java:467)
	at net.minidev.json.parser.JSONParserBase.readArray(JSONParserBase.java:337)
	at net.minidev.json.parser.JSONParserBase.readMain(JSONParserBase.java:470)
	at net.minidev.json.parser.JSONParserBase.readObject(JSONParserBase.java:614)
	at net.minidev.json.parser.JSONParserBase.readMain(JSONParserBase.java:467)
	at net.minidev.json.parser.JSONParserBase.readObject(JSONParserBase.java:614)
	at net.minidev.json.parser.JSONParserBase.readMain(JSONParserBase.java:467)
	at net.minidev.json.parser.JSONParserBase.readArray(JSONParserBase.java:337)
	at net.minidev.json.parser.JSONParserBase.readMain(JSONParserBase.java:470)
	at net.minidev.json.parser.JSONParserBase.readObject(JSONParserBase.java:614)
	at net.minidev.json.parser.JSONParserBase.readMain(JSONParserBase.java:467)
	at net.minidev.json.parser.JSONParserBase.readObject(JSONParserBase.java:614)
	at net.minidev.json.parser.JSONParserBase.readMain(JSONParserBase.java:467)
	at net.minidev.json.parser.JSONParserBase.readArray(JSONParserBase.java:337)
	at net.minidev.json.parser.JSONParserBase.readMain(JSONParserBase.java:470)
	at net.minidev.json.parser.JSONParserBase.readObject(JSONParserBase.java:614)
	at net.minidev.json.parser.JSONParserBase.readMain(JSONParserBase.java:467)
	at net.minidev.json.parser.JSONParserBase.readObject(JSONParserBase.java:614)
	at net.minidev.json.parser.JSONParserBase.readMain(JSONParserBase.java:467)
	at net.minidev.json.parser.JSONParserBase.readArray(JSONParserBase.java:337)
	at net.minidev.json.parser.JSONParserBase.readMain(JSONParserBase.java:470)
	at net.minidev.json.parser.JSONParserBase.readObject(JSONParserBase.java:614)
	at net.minidev.json.parser.JSONParserBase.readMain(JSONParserBase.java:467)
	at net.minidev.json.parser.JSONParserBase.readObject(JSONParserBase.java:614)
	at net.minidev.json.parser.JSONParserBase.readMain(JSONParserBase.java:467)
	at net.minidev.json.parser.JSONParserBase.readArray(JSONParserBase.java:337)
	at net.minidev.json.parser.JSONParserBase.readMain(JSONParserBase.java:470)
	at net.minidev.json.parser.JSONParserBase.readObject(JSONParserBase.java:614)
	at net.minidev.json.parser.JSONParserBase.readMain(JSONParserBase.java:467)
	at net.minidev.json.parser.JSONParserBase.readObject(JSONParserBase.java:614)
	at net.minidev.json.parser.JSONParserBase.readMain(JSONParserBase.java:467)
	at net.minidev.json.parser.JSONParserBase.readArray(JSONParserBase.java:337)
	at net.minidev.json.parser.JSONParserBase.readMain(JSONParserBase.java:470)
	at net.minidev.json.parser.JSONParserBase.readObject(JSONParserBase.java:614)
	at net.minidev.json.parser.JSONParserBase.readMain(JSONParserBase.java:467)
	at net.minidev.json.parser.JSONParserBase.readObject(JSONParserBase.java:614)
	at net.minidev.json.parser.JSONParserBase.readMain(JSONParserBase.java:467)
	at net.minidev.json.parser.JSONParserBase.readArray(JSONParserBase.java:337)
	at net.minidev.json.parser.JSONParserBase.readMain(JSONParserBase.java:470)
	at net.minidev.json.parser.JSONParserBase.readObject(JSONParserBase.java:614)
	at net.minidev.json.parser.JSONParserBase.readMain(JSONParserBase.java:467)
	at net.minidev.json.parser.JSONParserBase.readObject(JSONParserBase.java:614)
	at net.minidev.json.parser.JSONParserBase.readMain(JSONParserBase.java:467)
	at net.minidev.json.parser.JSONParserBase.readArray(JSONParserBase.java:337)
	at net.minidev.json.parser.JSONParserBase.readMain(JSONParserBase.java:470)
	at net.minidev.json.parser.JSONParserBase.readObject(JSONParserBase.java:614)
	at net.minidev.json.parser.JSONParserBase.readMain(JSONParserBase.java:467)
	at net.minidev.json.parser.JSONParserBase.readObject(JSONParserBase.java:614)
	at net.minidev.json.parser.JSONParserBase.readMain(JSONParserBase.java:467)
	at net.minidev.json.parser.JSONParserBase.readArray(JSONParserBase.java:337)
	at net.minidev.json.parser.JSONParserBase.readMain(JSONParserBase.java:470)
	at net.minidev.json.parser.JSONParserBase.readObject(JSONParserBase.java:614)
	at net.minidev.json.parser.JSONParserBase.readMain(JSONParserBase.java:467)
	at net.minidev.json.parser.JSONParserBase.readObject(JSONParserBase.java:614)
	at net.minidev.json.parser.JSONParserBase.readMain(JSONParserBase.java:467)
	at net.minidev.json.parser.JSONParserBase.readArray(JSONParserBase.java:337)
	at net.minidev.json.parser.JSONParserBase.readMain(JSONParserBase.java:470)
	at net.minidev.json.parser.JSONParserBase.readObject(JSONParserBase.java:614)
	at net.minidev.json.parser.JSONParserBase.readMain(JSONParserBase.java:467)
	at net.minidev.json.parser.JSONParserBase.readObject(JSONParserBase.java:614)
	at net.minidev.json.parser.JSONParserBase.readMain(JSONParserBase.java:467)
	at net.minidev.json.parser.JSONParserBase.readArray(JSONParserBase.java:337)
	at net.minidev.json.parser.JSONParserBase.readMain(JSONParserBase.java:470)
	at net.minidev.json.parser.JSONParserBase.readObject(JSONParserBase.java:614)
	at net.minidev.json.parser.JSONParserBase.readMain(JSONParserBase.java:467)
	at net.minidev.json.parser.JSONParserBase.readObject(JSONParserBase.java:614)
	at net.minidev.json.parser.JSONParserBase.readMain(JSONParserBase.java:467)
	at net.minidev.json.parser.JSONParserBase.readArray(JSONParserBase.java:337)
	at net.minidev.json.parser.JSONParserBase.readMain(JSONParserBase.java:470)
	at net.minidev.json.parser.JSONParserBase.readObject(JSONParserBase.java:614)
	at net.minidev.json.parser.JSONParserBase.readMain(JSONParserBase.java:467)
	at net.minidev.json.parser.JSONParserBase.readObject(JSONParserBase.java:614)
	at net.minidev.json.parser.JSONParserBase.readMain(JSONParserBase.java:467)
	at net.minidev.json.parser.JSONParserBase.readArray(JSONParserBase.java:337)
	at net.minidev.json.parser.JSONParserBase.readMain(JSONParserBase.java:470)
	at net.minidev.json.parser.JSONParserBase.readObject(JSONParserBase.java:614)
	at net.minidev.json.parser.JSONParserBase.readMain(JSONParserBase.java:467)
	at net.minidev.json.parser.JSONParserBase.readObject(JSONParserBase.java:614)
	at net.minidev.json.parser.JSONParserBase.readMain(JSONParserBase.java:467)
	at net.minidev.json.parser.JSONParserBase.readArray(JSONParserBase.java:337)
	at net.minidev.json.parser.JSONParserBase.readMain(JSONParserBase.java:470)
	at net.minidev.json.parser.JSONParserBase.readObject(JSONParserBase.java:614)
	at net.minidev.json.parser.JSONParserBase.readMain(JSONParserBase.java:467)
	at net.minidev.json.parser.JSONParserBase.readObject(JSONParserBase.java:614)
	at net.minidev.json.parser.JSONParserBase.readMain(JSONParserBase.java:467)
	at net.minidev.json.parser.JSONParserBase.readArray(JSONParserBase.java:337)
	at net.minidev.json.parser.JSONParserBase.readMain(JSONParserBase.java:470)
	at net.minidev.json.parser.JSONParserBase.readObject(JSONParserBase.java:614)
	at net.minidev.json.parser.JSONParserBase.readMain(JSONParserBase.java:467)
	at net.minidev.json.parser.JSONParserBase.readObject(JSONParserBase.java:614)
	at net.minidev.json.parser.JSONParserBase.readMain(JSONParserBase.java:467)
	at net.minidev.json.parser.JSONParserBase.readArray(JSONParserBase.java:337)
	at net.minidev.json.parser.JSONParserBase.readMain(JSONParserBase.java:470)
	at net.minidev.json.parser.JSONParserBase.readObject(JSONParserBase.java:614)
	at net.minidev.json.parser.JSONParserBase.readMain(JSONParserBase.java:467)
	at net.minidev.json.parser.JSONParserBase.readObject(JSONParserBase.java:614)
	at net.minidev.json.parser.JSONParserBase.readMain(JSONParserBase.java:467)
	at net.minidev.json.parser.JSONParserBase.readArray(JSONParserBase.java:337)
	at net.minidev.json.parser.JSONParserBase.readMain(JSONParserBase.java:470)
	at net.minidev.json.parser.JSONParserBase.readObject(JSONParserBase.java:614)
	at net.minidev.json.parser.JSONParserBase.readMain(JSONParserBase.java:467)
	at net.minidev.json.parser.JSONParserBase.readObject(JSONParserBase.java:614)
	at net.minidev.json.parser.JSONParserBase.readMain(JSONParserBase.java:467)
	at net.minidev.json.parser.JSONParserBase.readArray(JSONParserBase.java:337)
	at net.minidev.json.parser.JSONParserBase.readMain(JSONParserBase.java:470)
	at net.minidev.json.parser.JSONParserBase.readObject(JSONParserBase.java:614)
	at net.minidev.json.parser.JSONParserBase.readMain(JSONParserBase.java:467)
	at net.minidev.json.parser.JSONParserBase.readObject(JSONParserBase.java:614)
	at net.minidev.json.parser.JSONParserBase.readMain(JSONParserBase.java:467)
	at net.minidev.json.parser.JSONParserBase.readArray(JSONParserBase.java:337)
	at net.minidev.json.parser.JSONParserBase.readMain(JSONParserBase.java:470)
	at net.minidev.json.parser.JSONParserBase.readObject(JSONParserBase.java:614)
	at net.minidev.json.parser.JSONParserBase.readMain(JSONParserBase.java:467)
	at net.minidev.json.parser.JSONParserBase.readObject(JSONParserBase.java:614)
	at net.minidev.json.parser.JSONParserBase.readMain(JSONParserBase.java:467)
	at net.minidev.json.parser.JSONParserBase.readArray(JSONParserBase.java:337)
	at net.minidev.json.parser.JSONParserBase.readMain(JSONParserBase.java:470)
	at net.minidev.json.parser.JSONParserBase.readObject(JSONParserBase.java:614)
	at net.minidev.json.parser.JSONParserBase.readMain(JSONParserBase.java:467)
	at net.minidev.json.parser.JSONParserBase.readObject(JSONParserBase.java:614)
	at net.minidev.json.parser.JSONParserBase.readMain(JSONParserBase.java:467)
	at net.minidev.json.parser.JSONParserBase.readArray(JSONParserBase.java:337)
	at net.minidev.json.parser.JSONParserBase.readMain(JSONParserBase.java:470)
	at net.minidev.json.parser.JSONParserBase.readObject(JSONParserBase.java:614)
	at net.minidev.json.parser.JSONParserBase.readMain(JSONParserBase.java:467)
	at net.minidev.json.parser.JSONParserBase.readObject(JSONParserBase.java:614)
	at net.minidev.json.parser.JSONParserBase.readMain(JSONParserBase.java:467)
	at net.minidev.json.parser.JSONParserBase.readArray(JSONParserBase.java:337)
	at net.minidev.json.parser.JSONParserBase.readMain(JSONParserBase.java:470)
	at net.minidev.json.parser.JSONParserBase.readObject(JSONParserBase.java:614)
	at net.minidev.json.parser.JSONParserBase.readMain(JSONParserBase.java:467)
	at net.minidev.json.parser.JSONParserBase.readObject(JSONParserBase.java:614)
	at net.minidev.json.parser.JSONParserBase.readMain(JSONParserBase.java:467)
	at net.minidev.json.parser.JSONParserBase.readArray(JSONParserBase.java:337)
	at net.minidev.json.parser.JSONParserBase.readMain(JSONParserBase.java:470)
	at net.minidev.json.parser.JSONParserBase.readObject(JSONParserBase.java:614)
	at net.minidev.json.parser.JSONParserBase.readMain(JSONParserBase.java:467)
	at net.minidev.json.parser.JSONParserBase.readObject(JSONParserBase.java:614)
	at net.minidev.json.parser.JSONParserBase.readMain(JSONParserBase.java:467)
	at net.minidev.json.parser.JSONParserBase.readArray(JSONParserBase.java:337)
	at net.minidev.json.parser.JSONParserBase.readMain(JSONParserBase.java:470)
	at net.minidev.json.parser.JSONParserBase.readObject(JSONParserBase.java:614)
	at net.minidev.json.parser.JSONParserBase.readMain(JSONParserBase.java:467)
	at net.minidev.json.parser.JSONParserBase.readObject(JSONParserBase.java:614)
	at net.minidev.json.parser.JSONParserBase.readMain(JSONParserBase.java:467)
	at net.minidev.json.parser.JSONParserBase.readArray(JSONParserBase.java:337)
	at net.minidev.json.parser.JSONParserBase.readMain(JSONParserBase.java:470)
	at net.minidev.json.parser.JSONParserBase.readObject(JSONParserBase.java:614)
	at net.minidev.json.parser.JSONParserBase.readMain(JSONParserBase.java:467)
	at net.minidev.json.parser.JSONParserBase.readObject(JSONParserBase.java:614)
	at net.minidev.json.parser.JSONParserBase.readMain(JSONParserBase.java:467)
	at net.minidev.json.parser.JSONParserBase.readArray(JSONParserBase.java:337)
	at net.minidev.json.parser.JSONParserBase.readMain(JSONParserBase.java:470)
	at net.minidev.json.parser.JSONParserBase.readObject(JSONParserBase.java:614)
	at net.minidev.json.parser.JSONParserBase.readMain(JSONParserBase.java:467)
	at net.minidev.json.parser.JSONParserBase.readObject(JSONParserBase.java:614)
	at net.minidev.json.parser.JSONParserBase.readMain(JSONParserBase.java:467)
	at net.minidev.json.parser.JSONParserBase.readArray(JSONParserBase.java:337)
	at net.minidev.json.parser.JSONParserBase.readMain(JSONParserBase.java:470)
	at net.minidev.json.parser.JSONParserBase.readObject(JSONParserBase.java:614)
	at net.minidev.json.parser.JSONParserBase.readMain(JSONParserBase.java:467)
	at net.minidev.json.parser.JSONParserBase.readObject(JSONParserBase.java:614)
	at net.minidev.json.parser.JSONParserBase.readMain(JSONParserBase.java:467)
	at net.minidev.json.parser.JSONParserBase.readArray(JSONParserBase.java:337)
	at net.minidev.json.parser.JSONParserBase.readMain(JSONParserBase.java:470)
	at net.minidev.json.parser.JSONParserBase.readObject(JSONParserBase.java:614)
	at net.minidev.json.parser.JSONParserBase.readMain(JSONParserBase.java:467)
	at net.minidev.json.parser.JSONParserBase.readObject(JSONParserBase.java:614)
	at net.minidev.json.parser.JSONParserBase.readMain(JSONParserBase.java:467)
	at net.minidev.json.parser.JSONParserBase.readArray(JSONParserBase.java:337)
	at net.minidev.json.parser.JSONParserBase.readMain(JSONParserBase.java:470)
	at net.minidev.json.parser.JSONParserBase.readObject(JSONParserBase.java:614)
	at net.minidev.json.parser.JSONParserBase.readMain(JSONParserBase.java:467)
	at net.minidev.json.parser.JSONParserBase.readObject(JSONParserBase.java:614)
	at net.minidev.json.parser.JSONParserBase.readMain(JSONParserBase.java:467)
	at net.minidev.json.parser.JSONParserBase.readArray(JSONParserBase.java:337)
	at net.minidev.json.parser.JSONParserBase.readMain(JSONParserBase.java:470)
	at net.minidev.json.parser.JSONParserBase.readObject(JSONParserBase.java:614)
	at net.minidev.json.parser.JSONParserBase.readMain(JSONParserBase.java:467)
	at net.minidev.json.parser.JSONParserBase.readObject(JSONParserBase.java:614)
	at net.minidev.json.parser.JSONParserBase.readMain(JSONParserBase.java:467)
	at net.minidev.json.parser.JSONParserBase.readArray(JSONParserBase.java:337)
	at net.minidev.json.parser.JSONParserBase.readMain(JSONParserBase.java:470)
	at net.minidev.json.parser.JSONParserBase.readObject(JSONParserBase.java:614)
	at net.minidev.json.parser.JSONParserBase.readMain(JSONParserBase.java:467)
	at net.minidev.json.parser.JSONParserBase.readObject(JSONParserBase.java:614)
	at net.minidev.json.parser.JSONParserBase.readMain(JSONParserBase.java:467)
	at net.minidev.json.parser.JSONParserBase.readArray(JSONParserBase.java:337)
	at net.minidev.json.parser.JSONParserBase.readMain(JSONParserBase.java:470)
	at net.minidev.json.parser.JSONParserBase.readObject(JSONParserBase.java:614)
	at net.minidev.json.parser.JSONParserBase.readMain(JSONParserBase.java:467)
	at net.minidev.json.parser.JSONParserBase.readObject(JSONParserBase.java:614)
	at net.minidev.json.parser.JSONParserBase.readMain(JSONParserBase.java:467)
	at net.minidev.json.parser.JSONParserBase.readArray(JSONParserBase.java:337)
	at net.minidev.json.parser.JSONParserBase.readMain(JSONParserBase.java:470)
	at net.minidev.json.parser.JSONParserBase.readObject(JSONParserBase.java:614)
	at net.minidev.json.parser.JSONParserBase.readMain(JSONParserBase.java:467)
	at net.minidev.json.parser.JSONParserBase.readObject(JSONParserBase.java:614)
	at net.minidev.json.parser.JSONParserBase.readMain(JSONParserBase.java:467)
	at net.minidev.json.parser.JSONParserBase.readArray(JSONParserBase.java:337)
	at net.minidev.json.parser.JSONParserBase.readMain(JSONParserBase.java:470)
	at net.minidev.json.parser.JSONParserBase.readObject(JSONParserBase.java:614)
	at net.minidev.json.parser.JSONParserBase.readMain(JSONParserBase.java:467)
	at net.minidev.json.parser.JSONParserBase.readObject(JSONParserBase.java:614)
	at net.minidev.json.parser.JSONParserBase.readMain(JSONParserBase.java:467)
	at net.minidev.json.parser.JSONParserBase.readArray(JSONParserBase.java:337)
	at net.minidev.json.parser.JSONParserBase.readMain(JSONParserBase.java:470)
	at net.minidev.json.parser.JSONParserBase.readObject(JSONParserBase.java:614)
	at net.minidev.json.parser.JSONParserBase.readMain(JSONParserBase.java:467)
	at net.minidev.json.parser.JSONParserBase.readObject(JSONParserBase.java:614)
	at net.minidev.json.parser.JSONParserBase.readMain(JSONParserBase.java:467)
	at net.minidev.json.parser.JSONParserBase.readArray(JSONParserBase.java:337)
	at net.minidev.json.parser.JSONParserBase.readMain(JSONParserBase.java:470)
	at net.minidev.json.parser.JSONParserBase.readObject(JSONParserBase.java:614)
	at net.minidev.json.parser.JSONParserBase.readMain(JSONParserBase.java:467)
	at net.minidev.json.parser.JSONParserBase.readObject(JSONParserBase.java:614)
	at net.minidev.json.parser.JSONParserBase.readMain(JSONParserBase.java:467)
	at net.minidev.json.parser.JSONParserBase.readArray(JSONParserBase.java:337)
	at net.minidev.json.parser.JSONParserBase.readMain(JSONParserBase.java:470)
	at net.minidev.json.parser.JSONParserBase.readObject(JSONParserBase.java:614)
	at net.minidev.json.parser.JSONParserBase.readMain(JSONParserBase.java:467)
	at net.minidev.json.parser.JSONParserBase.readObject(JSONParserBase.java:614)
	at net.minidev.json.parser.JSONParserBase.readMain(JSONParserBase.java:467)
	at net.minidev.json.parser.JSONParserBase.readArray(JSONParserBase.java:337)
	at net.minidev.json.parser.JSONParserBase.readMain(JSONParserBase.java:470)
	at net.minidev.json.parser.JSONParserBase.readObject(JSONParserBase.java:614)
	at net.minidev.json.parser.JSONParserBase.readMain(JSONParserBase.java:467)
	at net.minidev.json.parser.JSONParserBase.readObject(JSONParserBase.java:614)
	at net.minidev.json.parser.JSONParserBase.readMain(JSONParserBase.java:467)
	at net.minidev.json.parser.JSONParserBase.readArray(JSONParserBase.java:337)
	at net.minidev.json.parser.JSONParserBase.readMain(JSONParserBase.java:470)
	at net.minidev.json.parser.JSONParserBase.readObject(JSONParserBase.java:614)
	at net.minidev.json.parser.JSONParserBase.readMain(JSONParserBase.java:467)
	at net.minidev.json.parser.JSONParserBase.readObject(JSONParserBase.java:614)
	at net.minidev.json.parser.JSONParserBase.readMain(JSONParserBase.java:467)
	at net.minidev.json.parser.JSONParserBase.readArray(JSONParserBase.java:337)
	at net.minidev.json.parser.JSONParserBase.readMain(JSONParserBase.java:470)
	at net.minidev.json.parser.JSONParserBase.readObject(JSONParserBase.java:614)
	at net.minidev.json.parser.JSONParserBase.readMain(JSONParserBase.java:467)
	at net.minidev.json.parser.JSONParserBase.readObject(JSONParserBase.java:614)
	at net.minidev.json.parser.JSONParserBase.readMain(JSONParserBase.java:467)
	at net.minidev.json.parser.JSONParserBase.readArray(JSONParserBase.java:337)
	at net.minidev.json.parser.JSONParserBase.readMain(JSONParserBase.java:470)
	at net.minidev.json.parser.JSONParserBase.readObject(JSONParserBase.java:614)
	at net.minidev.json.parser.JSONParserBase.readMain(JSONParserBase.java:467)
	at net.minidev.json.parser.JSONParserBase.readObject(JSONParserBase.java:614)
	at net.minidev.json.parser.JSONParserBase.readMain(JSONParserBase.java:467)
	at net.minidev.json.parser.JSONParserBase.readArray(JSONParserBase.java:337)
	at net.minidev.json.parser.JSONParserBase.readMain(JSONParserBase.java:470)
	at net.minidev.json.parser.JSONParserBase.readObject(JSONParserBase.java:614)
	at net.minidev.json.parser.JSONParserBase.readMain(JSONParserBase.java:467)
	at net.minidev.json.parser.JSONParserBase.readObject(JSONParserBase.java:614)
	at net.minidev.json.parser.JSONParserBase.readMain(JSONParserBase.java:467)
	at net.minidev.json.parser.JSONParserBase.readArray(JSONParserBase.java:337)
	at net.minidev.json.parser.JSONParserBase.readMain(JSONParserBase.java:470)
	at net.minidev.json.parser.JSONParserBase.readObject(JSONParserBase.java:614)
	at net.minidev.json.parser.JSONParserBase.readMain(JSONParserBase.java:467)
	at net.minidev.json.parser.JSONParserBase.readObject(JSONParserBase.java:614)
	at net.minidev.json.parser.JSONParserBase.readMain(JSONParserBase.java:467)
	at net.minidev.json.parser.JSONParserBase.readArray(JSONParserBase.java:337)
	at net.minidev.json.parser.JSONParserBase.readMain(JSONParserBase.java:470)
	at net.minidev.json.parser.JSONParserBase.readObject(JSONParserBase.java:614)
	at net.minidev.json.parser.JSONParserBase.readMain(JSONParserBase.java:467)
	at net.minidev.json.parser.JSONParserBase.readObject(JSONParserBase.java:614)
	at net.minidev.json.parser.JSONParserBase.readMain(JSONParserBase.java:467)
	at net.minidev.json.parser.JSONParserBase.readArray(JSONParserBase.java:337)
	at net.minidev.json.parser.JSONParserBase.readMain(JSONParserBase.java:470)
	at net.minidev.json.parser.JSONParserBase.readObject(JSONParserBase.java:614)
	at net.minidev.json.parser.JSONParserBase.readMain(JSONParserBase.java:467)
	at net.minidev.json.parser.JSONParserBase.readObject(JSONParserBase.java:614)
	at net.minidev.json.parser.JSONParserBase.readMain(JSONParserBase.java:467)
	at net.minidev.json.parser.JSONParserBase.readArray(JSONParserBase.java:337)
	at net.minidev.json.parser.JSONParserBase.readMain(JSONParserBase.java:470)
	at net.minidev.json.parser.JSONParserBase.readObject(JSONParserBase.java:614)
	at net.minidev.json.parser.JSONParserBase.readMain(JSONParserBase.java:467)
	at net.minidev.json.parser.JSONParserBase.readObject(JSONParserBase.java:614)
	at net.minidev.json.parser.JSONParserBase.readMain(JSONParserBase.java:467)
	at net.minidev.json.parser.JSONParserBase.readArray(JSONParserBase.java:337)
	at net.minidev.json.parser.JSONParserBase.readMain(JSONParserBase.java:470)
	at net.minidev.json.parser.JSONParserBase.readObject(JSONParserBase.java:614)
	at net.minidev.json.parser.JSONParserBase.readMain(JSONParserBase.java:467)
	at net.minidev.json.parser.JSONParserBase.readObject(JSONParserBase.java:614)
	at net.minidev.json.parser.JSONParserBase.readMain(JSONParserBase.java:467)
	at net.minidev.json.parser.JSONParserBase.readArray(JSONParserBase.java:337)
	at net.minidev.json.parser.JSONParserBase.readMain(JSONParserBase.java:470)
	at net.minidev.json.parser.JSONParserBase.readObject(JSONParserBase.java:614)
	at net.minidev.json.parser.JSONParserBase.readMain(JSONParserBase.java:467)
	at net.minidev.json.parser.JSONParserBase.readObject(JSONParserBase.java:614)
	at net.minidev.json.parser.JSONParserBase.readMain(JSONParserBase.java:467)
	at net.minidev.json.parser.JSONParserBase.readArray(JSONParserBase.java:337)
	at net.minidev.json.parser.JSONParserBase.readMain(JSONParserBase.java:470)
	at net.minidev.json.parser.JSONParserBase.readObject(JSONParserBase.java:614)
	at net.minidev.json.parser.JSONParserBase.readMain(JSONParserBase.java:467)
	at net.minidev.json.parser.JSONParserBase.readObject(JSONParserBase.java:614)
	at net.minidev.json.parser.JSONParserBase.readMain(JSONParserBase.java:467)
	at net.minidev.json.parser.JSONParserBase.readArray(JSONParserBase.java:337)
	at net.minidev.json.parser.JSONParserBase.readMain(JSONParserBase.java:470)
	at net.minidev.json.parser.JSONParserBase.readObject(JSONParserBase.java:614)
	at net.minidev.json.parser.JSONParserBase.readMain(JSONParserBase.java:467)
	at net.minidev.json.parser.JSONParserBase.readObject(JSONParserBase.java:614)
	at net.minidev.json.parser.JSONParserBase.readMain(JSONParserBase.java:467)
	at net.minidev.json.parser.JSONParserBase.readArray(JSONParserBase.java:337)
	at net.minidev.json.parser.JSONParserBase.readMain(JSONParserBase.java:470)
	at net.minidev.json.parser.JSONParserBase.readObject(JSONParserBase.java:614)
	at net.minidev.json.parser.JSONParserBase.readMain(JSONParserBase.java:467)
	at net.minidev.json.parser.JSONParserBase.readObject(JSONParserBase.java:614)
	at net.minidev.json.parser.JSONParserBase.readMain(JSONParserBase.java:467)
	at net.minidev.json.parser.JSONParserBase.readArray(JSONParserBase.java:337)
	at net.minidev.json.parser.JSONParserBase.readMain(JSONParserBase.java:470)
	at net.minidev.json.parser.JSONParserBase.readObject(JSONParserBase.java:614)
	at net.minidev.json.parser.JSONParserBase.readMain(JSONParserBase.java:467)
	at net.minidev.json.parser.JSONParserBase.readObject(JSONParserBase.java:614)
	at net.minidev.json.parser.JSONParserBase.readMain(JSONParserBase.java:467)
	at net.minidev.json.parser.JSONParserBase.readArray(JSONParserBase.java:337)
	at net.minidev.json.parser.JSONParserBase.readMain(JSONParserBase.java:470)
	at net.minidev.json.parser.JSONParserBase.readObject(JSONParserBase.java:614)
	at net.minidev.json.parser.JSONParserBase.readMain(JSONParserBase.java:467)
	at net.minidev.json.parser.JSONParserBase.readObject(JSONParserBase.java:614)
	at net.minidev.json.parser.JSONParserBase.readMain(JSONParserBase.java:467)
	at net.minidev.json.parser.JSONParserBase.readArray(JSONParserBase.java:337)
	at net.minidev.json.parser.JSONParserBase.readMain(JSONParserBase.java:470)
	at net.minidev.json.parser.JSONParserBase.readObject(JSONParserBase.java:614)
	at net.minidev.json.parser.JSONParserBase.readMain(JSONParserBase.java:467)
	at net.minidev.json.parser.JSONParserBase.readObject(JSONParserBase.java:614)
	at net.minidev.json.parser.JSONParserBase.readMain(JSONParserBase.java:467)
	at net.minidev.json.parser.JSONParserBase.readArray(JSONParserBase.java:337)
	at net.minidev.json.parser.JSONParserBase.readMain(JSONParserBase.java:470)
	at net.minidev.json.parser.JSONParserBase.readObject(JSONParserBase.java:614)
	at net.minidev.json.parser.JSONParserBase.readMain(JSONParserBase.java:467)
	at net.minidev.json.parser.JSONParserBase.readObject(JSONParserBase.java:614)
	at net.minidev.json.parser.JSONParserBase.readMain(JSONParserBase.java:467)
	at net.minidev.json.parser.JSONParserBase.readArray(JSONParserBase.java:337)
	at net.minidev.json.parser.JSONParserBase.readMain(JSONParserBase.java:470)
	at net.minidev.json.parser.JSONParserBase.readObject(JSONParserBase.java:614)
	at net.minidev.json.parser.JSONParserBase.readMain(JSONParserBase.java:467)
	at net.minidev.json.parser.JSONParserBase.readObject(JSONParserBase.java:614)
	at net.minidev.json.parser.JSONParserBase.readMain(JSONParserBase.java:467)
	at net.minidev.json.parser.JSONParserBase.readArray(JSONParserBase.java:337)
	at net.minidev.json.parser.JSONParserBase.readMain(JSONParserBase.java:470)
	at net.minidev.json.parser.JSONParserBase.readObject(JSONParserBase.java:614)
	at net.minidev.json.parser.JSONParserBase.readMain(JSONParserBase.java:467)
	at net.minidev.json.parser.JSONParserBase.readObject(JSONParserBase.java:614)
	at net.minidev.json.parser.JSONParserBase.readMain(JSONParserBase.java:467)
	at net.minidev.json.parser.JSONParserBase.readArray(JSONParserBase.java:337)
	at net.minidev.json.parser.JSONParserBase.readMain(JSONParserBase.java:470)
	at net.minidev.json.parser.JSONParserBase.readObject(JSONParserBase.java:614)
	at net.minidev.json.parser.JSONParserBase.readMain(JSONParserBase.java:467)
	at net.minidev.json.parser.JSONParserBase.readObject(JSONParserBase.java:614)
	at net.minidev.json.parser.JSONParserBase.readMain(JSONParserBase.java:467)
	at net.minidev.json.parser.JSONParserBase.readArray(JSONParserBase.java:337)
	at net.minidev.json.parser.JSONParserBase.readMain(JSONParserBase.java:470)
	at net.minidev.json.parser.JSONParserBase.readObject(JSONParserBase.java:614)
	at net.minidev.json.parser.JSONParserBase.readMain(JSONParserBase.java:467)
	at net.minidev.json.parser.JSONParserBase.readObject(JSONParserBase.java:614)
	at net.minidev.json.parser.JSONParserBase.readMain(JSONParserBase.java:467)
	at net.minidev.json.parser.JSONParserBase.readArray(JSONParserBase.java:337)
	at net.minidev.json.parser.JSONParserBase.readMain(JSONParserBase.java:470)
	at net.minidev.json.parser.JSONParserBase.readObject(JSONParserBase.java:614)
	at net.minidev.json.parser.JSONParserBase.readMain(JSONParserBase.java:467)
	at net.minidev.json.parser.JSONParserBase.readObject(JSONParserBase.java:614)
	at net.minidev.json.parser.JSONParserBase.readMain(JSONParserBase.java:467)
	at net.minidev.json.parser.JSONParserBase.readArray(JSONParserBase.java:337)
	at net.minidev.json.parser.JSONParserBase.readMain(JSONParserBase.java:470)
	at net.minidev.json.parser.JSONParserBase.readObject(JSONParserBase.java:614)
	at net.minidev.json.parser.JSONParserBase.readMain(JSONParserBase.java:467)
	at net.minidev.json.parser.JSONParserBase.readObject(JSONParserBase.java:614)
	at net.minidev.json.parser.JSONParserBase.readMain(JSONParserBase.java:467)
	at net.minidev.json.parser.JSONParserBase.readArray(JSONParserBase.java:337)
	at net.minidev.json.parser.JSONParserBase.readMain(JSONParserBase.java:470)
	at net.minidev.json.parser.JSONParserBase.readObject(JSONParserBase.java:614)
	at net.minidev.json.parser.JSONParserBase.readMain(JSONParserBase.java:467)
	at net.minidev.json.parser.JSONParserBase.readObject(JSONParserBase.java:614)
	at net.minidev.json.parser.JSONParserBase.readMain(JSONParserBase.java:467)
	at net.minidev.json.parser.JSONParserBase.readArray(JSONParserBase.java:337)
	at net.minidev.json.parser.JSONParserBase.readMain(JSONParserBase.java:470)
	at net.minidev.json.parser.JSONParserBase.readObject(JSONParserBase.java:614)
	at net.minidev.json.parser.JSONParserBase.readMain(JSONParserBase.java:467)
	at net.minidev.json.parser.JSONParserBase.readObject(JSONParserBase.java:614)
	at net.minidev.json.parser.JSONParserBase.readMain(JSONParserBase.java:467)
	at net.minidev.json.parser.JSONParserBase.readArray(JSONParserBase.java:337)
	at net.minidev.json.parser.JSONParserBase.readMain(JSONParserBase.java:470)
	at net.minidev.json.parser.JSONParserBase.readObject(JSONParserBase.java:614)
	at net.minidev.json.parser.JSONParserBase.readMain(JSONParserBase.java:467)
	at net.minidev.json.parser.JSONParserBase.readObject(JSONParserBase.java:614)
	at net.minidev.json.parser.JSONParserBase.readMain(JSONParserBase.java:467)
	at net.minidev.json.parser.JSONParserBase.readArray(JSONParserBase.java:337)
	at net.minidev.json.parser.JSONParserBase.readMain(JSONParserBase.java:470)
	at net.minidev.json.parser.JSONParserBase.readObject(JSONParserBase.java:614)
	at net.minidev.json.parser.JSONParserBase.readMain(JSONParserBase.java:467)
	at net.minidev.json.parser.JSONParserBase.readObject(JSONParserBase.java:614)
	at net.minidev.json.parser.JSONParserBase.readMain(JSONParserBase.java:467)
	at net.minidev.json.parser.JSONParserBase.readArray(JSONParserBase.java:337)
	at net.minidev.json.parser.JSONParserBase.readMain(JSONParserBase.java:470)
	at net.minidev.json.parser.JSONParserBase.readObject(JSONParserBase.java:614)
	at net.minidev.json.parser.JSONParserBase.readMain(JSONParserBase.java:467)
	at net.minidev.json.parser.JSONParserBase.readObject(JSONParserBase.java:614)
	at net.minidev.json.parser.JSONParserBase.readMain(JSONParserBase.java:467)
	at net.minidev.json.parser.JSONParserBase.readArray(JSONParserBase.java:337)
	at net.minidev.json.parser.JSONParserBase.readMain(JSONParserBase.java:470)
	at net.minidev.json.parser.JSONParserBase.readObject(JSONParserBase.java:614)
	at net.minidev.json.parser.JSONParserBase.readMain(JSONParserBase.java:467)
	at net.minidev.json.parser.JSONParserBase.readObject(JSONParserBase.java:614)
	at net.minidev.json.parser.JSONParserBase.readMain(JSONParserBase.java:467)
	at net.minidev.json.parser.JSONParserBase.readArray(JSONParserBase.java:337)
	at net.minidev.json.parser.JSONParserBase.readMain(JSONParserBase.java:470)
	at net.minidev.json.parser.JSONParserBase.readObject(JSONParserBase.java:614)
	at net.minidev.json.parser.JSONParserBase.readMain(JSONParserBase.java:467)
	at net.minidev.json.parser.JSONParserBase.readObject(JSONParserBase.java:614)
	at net.minidev.json.parser.JSONParserBase.readMain(JSONParserBase.java:467)
	at net.minidev.json.parser.JSONParserBase.readArray(JSONParserBase.java:337)
	at net.minidev.json.parser.JSONParserBase.readMain(JSONParserBase.java:470)
	at net.minidev.json.parser.JSONParserBase.readObject(JSONParserBase.java:614)
	at net.minidev.json.parser.JSONParserBase.readMain(JSONParserBase.java:467)
	at net.minidev.json.parser.JSONParserBase.readObject(JSONParserBase.java:614)
	at net.minidev.json.parser.JSONParserBase.readMain(JSONParserBase.java:467)
	at net.minidev.json.parser.JSONParserBase.readArray(JSONParserBase.java:337)
	at net.minidev.json.parser.JSONParserBase.readMain(JSONParserBase.java:470)
	at net.minidev.json.parser.JSONParserBase.readObject(JSONParserBase.java:614)
	at net.minidev.json.parser.JSONParserBase.readMain(JSONParserBase.java:467)
	at net.minidev.json.parser.JSONParserBase.readObject(JSONParserBase.java:614)
	at net.minidev.json.parser.JSONParserBase.readMain(JSONParserBase.java:467)
	at net.minidev.json.parser.JSONParserBase.readArray(JSONParserBase.java:337)
	at net.minidev.json.parser.JSONParserBase.readMain(JSONParserBase.java:470)
	at net.minidev.json.parser.JSONParserBase.readObject(JSONParserBase.java:614)
	at net.minidev.json.parser.JSONParserBase.readMain(JSONParserBase.java:467)
	at net.minidev.json.parser.JSONParserBase.readObject(JSONParserBase.java:614)
	at net.minidev.json.parser.JSONParserBase.readMain(JSONParserBase.java:467)
	at net.minidev.json.parser.JSONParserBase.readArray(JSONParserBase.java:337)
	at net.minidev.json.parser.JSONParserBase.readMain(JSONParserBase.java:470)
	at net.minidev.json.parser.JSONParserBase.readObject(JSONParserBase.java:614)
	at net.minidev.json.parser.JSONParserBase.readMain(JSONParserBase.java:467)
	at net.minidev.json.parser.JSONParserBase.readObject(JSONParserBase.java:614)
	at net.minidev.json.parser.JSONParserBase.readMain(JSONParserBase.java:467)
	at net.minidev.json.parser.JSONParserBase.readArray(JSONParserBase.java:337)
	at net.minidev.json.parser.JSONParserBase.readMain(JSONParserBase.java:470)
	at net.minidev.json.parser.JSONParserBase.readObject(JSONParserBase.java:614)
	at net.minidev.json.parser.JSONParserBase.readMain(JSONParserBase.java:467)
	at net.minidev.json.parser.JSONParserBase.readObject(JSONParserBase.java:614)
	at net.minidev.json.parser.JSONParserBase.readMain(JSONParserBase.java:467)
	at net.minidev.json.parser.JSONParserBase.readArray(JSONParserBase.java:337)
	at net.minidev.json.parser.JSONParserBase.readMain(JSONParserBase.java:470)
	at net.minidev.json.parser.JSONParserBase.readObject(JSONParserBase.java:614)
	at net.minidev.json.parser.JSONParserBase.readMain(JSONParserBase.java:467)
	at net.minidev.json.parser.JSONParserBase.readObject(JSONParserBase.java:614)
	at net.minidev.json.parser.JSONParserBase.readMain(JSONParserBase.java:467)
	at net.minidev.json.parser.JSONParserBase.readArray(JSONParserBase.java:337)
	at net.minidev.json.parser.JSONParserBase.readMain(JSONParserBase.java:470)
	at net.minidev.json.parser.JSONParserBase.readObject(JSONParserBase.java:614)
	at net.minidev.json.parser.JSONParserBase.readMain(JSONParserBase.java:467)
	at net.minidev.json.parser.JSONParserBase.readObject(JSONParserBase.java:614)
	at net.minidev.json.parser.JSONParserBase.readMain(JSONParserBase.java:467)
	at net.minidev.json.parser.JSONParserBase.readArray(JSONParserBase.java:337)
	at net.minidev.json.parser.JSONParserBase.readMain(JSONParserBase.java:470)
	at net.minidev.json.parser.JSONParserBase.readObject(JSONParserBase.java:614)
	at net.minidev.json.parser.JSONParserBase.readMain(JSONParserBase.java:467)
	at net.minidev.json.parser.JSONParserBase.readObject(JSONParserBase.java:614)
	at net.minidev.json.parser.JSONParserBase.readMain(JSONParserBase.java:467)
	at net.minidev.json.parser.JSONParserBase.readArray(JSONParserBase.java:337)
	at net.minidev.json.parser.JSONParserBase.readMain(JSONParserBase.java:470)
	at net.minidev.json.parser.JSONParserBase.readObject(JSONParserBase.java:614)
	at net.minidev.json.parser.JSONParserBase.readMain(JSONParserBase.java:467)
	at net.minidev.json.parser.JSONParserBase.readObject(JSONParserBase.java:614)
	at net.minidev.json.parser.JSONParserBase.readMain(JSONParserBase.java:467)
	at net.minidev.json.parser.JSONParserBase.readArray(JSONParserBase.java:337)
	at net.minidev.json.parser.JSONParserBase.readMain(JSONParserBase.java:470)
	at net.minidev.json.parser.JSONParserBase.readObject(JSONParserBase.java:614)
	at net.minidev.json.parser.JSONParserBase.readMain(JSONParserBase.java:467)
	at net.minidev.json.parser.JSONParserBase.readObject(JSONParserBase.java:614)
	at net.minidev.json.parser.JSONParserBase.readMain(JSONParserBase.java:467)
	at net.minidev.json.parser.JSONParserBase.readArray(JSONParserBase.java:337)
	at net.minidev.json.parser.JSONParserBase.readMain(JSONParserBase.java:470)
	at net.minidev.json.parser.JSONParserBase.readObject(JSONParserBase.java:614)
	at net.minidev.json.parser.JSONParserBase.readMain(JSONParserBase.java:467)
	at net.minidev.json.parser.JSONParserBase.readObject(JSONParserBase.java:614)
	at net.minidev.json.parser.JSONParserBase.readMain(JSONParserBase.java:467)
	at net.minidev.json.parser.JSONParserBase.readArray(JSONParserBase.java:337)
	at net.minidev.json.parser.JSONParserBase.readMain(JSONParserBase.java:470)
	at net.minidev.json.parser.JSONParserBase.readObject(JSONParserBase.java:614)
	at net.minidev.json.parser.JSONParserBase.readMain(JSONParserBase.java:467)
	at net.minidev.json.parser.JSONParserBase.readObject(JSONParserBase.java:614)
	at net.minidev.json.parser.JSONParserBase.readMain(JSONParserBase.java:467)
	at net.minidev.json.parser.JSONParserBase.readArray(JSONParserBase.java:337)
	at net.minidev.json.parser.JSONParserBase.readMain(JSONParserBase.java:470)
	at net.minidev.json.parser.JSONParserBase.readObject(JSONParserBase.java:614)
	at net.minidev.json.parser.JSONParserBase.readMain(JSONParserBase.java:467)
	at net.minidev.json.parser.JSONParserBase.readObject(JSONParserBase.java:614)
	at net.minidev.json.parser.JSONParserBase.readMain(JSONParserBase.java:467)
	at net.minidev.json.parser.JSONParserBase.readArray(JSONParserBase.java:337)
	at net.minidev.json.parser.JSONParserBase.readMain(JSONParserBase.java:470)
	at net.minidev.json.parser.JSONParserBase.readObject(JSONParserBase.java:614)
	at net.minidev.json.parser.JSONParserBase.readMain(JSONParserBase.java:467)
	at net.minidev.json.parser.JSONParserBase.readObject(JSONParserBase.java:614)
	at net.minidev.json.parser.JSONParserBase.readMain(JSONParserBase.java:467)
	at net.minidev.json.parser.JSONParserBase.readArray(JSONParserBase.java:337)
	at net.minidev.json.parser.JSONParserBase.readMain(JSONParserBase.java:470)
	at net.minidev.json.parser.JSONParserBase.readObject(JSONParserBase.java:614)
	at net.minidev.json.parser.JSONParserBase.readMain(JSONParserBase.java:467)
	at net.minidev.json.parser.JSONParserBase.readObject(JSONParserBase.java:614)
	at net.minidev.json.parser.JSONParserBase.readMain(JSONParserBase.java:467)
	at net.minidev.json.parser.JSONParserBase.readArray(JSONParserBase.java:337)
	at net.minidev.json.parser.JSONParserBase.readMain(JSONParserBase.java:470)
	at net.minidev.json.parser.JSONParserBase.readObject(JSONParserBase.java:614)
	at net.minidev.json.parser.JSONParserBase.readMain(JSONParserBase.java:467)
	at net.minidev.json.parser.JSONParserBase.readObject(JSONParserBase.java:614)
	at net.minidev.json.parser.JSONParserBase.readMain(JSONParserBase.java:467)
	at net.minidev.json.parser.JSONParserBase.readArray(JSONParserBase.java:337)
	at net.minidev.json.parser.JSONParserBase.readMain(JSONParserBase.java:470)
	at net.minidev.json.parser.JSONParserBase.readObject(JSONParserBase.java:614)
	at net.minidev.json.parser.JSONParserBase.readMain(JSONParserBase.java:467)
	at net.minidev.json.parser.JSONParserBase.readObject(JSONParserBase.java:614)
	at net.minidev.json.parser.JSONParserBase.readMain(JSONParserBase.java:467)
	at net.minidev.json.parser.JSONParserBase.readArray(JSONParserBase.java:337)
	at net.minidev.json.parser.JSONParserBase.readMain(JSONParserBase.java:470)
	at net.minidev.json.parser.JSONParserBase.readObject(JSONParserBase.java:614)
	at net.minidev.json.parser.JSONParserBase.readMain(JSONParserBase.java:467)
	at net.minidev.json.parser.JSONParserBase.readObject(JSONParserBase.java:614)
	at net.minidev.json.parser.JSONParserBase.readMain(JSONParserBase.java:467)
	at net.minidev.json.parser.JSONParserBase.readArray(JSONParserBase.java:337)
	at net.minidev.json.parser.JSONParserBase.readMain(JSONParserBase.java:470)
	at net.minidev.json.parser.JSONParserBase.readObject(JSONParserBase.java:614)
	at net.minidev.json.parser.JSONParserBase.readMain(JSONParserBase.java:467)
	at net.minidev.json.parser.JSONParserBase.readObject(JSONParserBase.java:614)
	at net.minidev.json.parser.JSONParserBase.readMain(JSONParserBase.java:467)
	at net.minidev.json.parser.JSONParserBase.readArray(JSONParserBase.java:337)
	at net.minidev.json.parser.JSONParserBase.readMain(JSONParserBase.java:470)
	at net.minidev.json.parser.JSONParserBase.readObject(JSONParserBase.java:614)
	at net.minidev.json.parser.JSONParserBase.readFirst(JSONParserBase.java:365)
	at net.minidev.json.parser.JSONParserBase.parse(JSONParserBase.java:218)
	at net.minidev.json.parser.JSONParserString.parse(JSONParserString.java:58)
	at net.minidev.json.parser.JSONParser.parse(JSONParser.java:285)
	at com.jayway.jsonpath.spi.json.JsonSmartJsonProvider.parse(JsonSmartJsonProvider.java:62)
	... 10 more
]]></failure>
    <system-out><![CDATA[11:51:28.928 [main] INFO org.springframework.test.context.support.AnnotationConfigContextLoaderUtils -- Could not detect default configuration classes for test class [com.example.ordermanagement.controller.OrderControllerTest]: OrderControllerTest does not declare any static, non-private, non-final, nested classes annotated with @Configuration.
11:51:29.178 [main] INFO org.springframework.boot.test.context.SpringBootTestContextBootstrapper -- Found @SpringBootConfiguration com.example.ordermanagement.OrderManagementApplication for test class com.example.ordermanagement.controller.OrderControllerTest

  .   ____          _            __ _ _
 /\\ / ___'_ __ _ _(_)_ __  __ _ \ \ \ \
( ( )\___ | '_ | '_| | '_ \/ _` | \ \ \ \
 \\/  ___)| |_)| | | | | || (_| |  ) ) ) )
  '  |____| .__|_| |_|_| |_\__, | / / / /
 =========|_|==============|___/=/_/_/_/
 :: Spring Boot ::                (v3.2.3)

2025-04-02T11:51:30.015+05:30  INFO 57852 --- [           main] c.e.o.controller.OrderControllerTest     : Starting OrderControllerTest using Java 17.0.14 with PID 57852 (started by sripu in C:\order-management-system)
2025-04-02T11:51:30.017+05:30 DEBUG 57852 --- [           main] c.e.o.controller.OrderControllerTest     : Running with Spring Boot v3.2.3, Spring v6.1.4
2025-04-02T11:51:30.018+05:30  INFO 57852 --- [           main] c.e.o.controller.OrderControllerTest     : No active profile set, falling back to 1 default profile: "default"
2025-04-02T11:51:34.238+05:30  INFO 57852 --- [           main] o.s.b.t.m.w.SpringBootMockServletContext : Initializing Spring TestDispatcherServlet ''
2025-04-02T11:51:34.239+05:30  INFO 57852 --- [           main] o.s.t.web.servlet.TestDispatcherServlet  : Initializing Servlet ''
2025-04-02T11:51:34.247+05:30  INFO 57852 --- [           main] o.s.t.web.servlet.TestDispatcherServlet  : Completed initialization in 4 ms
2025-04-02T11:51:34.339+05:30  INFO 57852 --- [           main] c.e.o.controller.OrderControllerTest     : Started OrderControllerTest in 4.963 seconds (process running for 8.144)
2025-04-02T11:51:35.153+05:30  WARN 57852 --- [           main] .w.s.m.s.DefaultHandlerExceptionResolver : Ignoring exception, response committed already: org.springframework.http.converter.HttpMessageNotWritableException: Could not write JSON: Infinite recursion (StackOverflowError)
2025-04-02T11:51:35.158+05:30  WARN 57852 --- [           main] .w.s.m.s.DefaultHandlerExceptionResolver : Resolved [org.springframework.http.converter.HttpMessageNotWritableException: Could not write JSON: Infinite recursion (StackOverflowError)]

MockHttpServletRequest:
      HTTP Method = PUT
      Request URI = /api/orders/1/cancel
       Parameters = {}
          Headers = []
             Body = null
    Session Attrs = {}

Handler:
             Type = com.example.ordermanagement.controller.OrderController
           Method = com.example.ordermanagement.controller.OrderController#cancelOrder(Long)

Async:
    Async started = false
     Async result = null

Resolved Exception:
             Type = org.springframework.http.converter.HttpMessageNotWritableException

ModelAndView:
        View name = null
             View = null
            Model = null

FlashMap:
       Attributes = null

MockHttpServletResponse:
           Status = 200
    Error message = null
          Headers = [Content-Type:"application/json"]
     Content type = application/json
             Body = {"id":1,"customerName":"Test Customer","customerEmail":"test@example.com","status":"PENDING","createdAt":null,"updatedAt":null,"items":[{"id":1,"productName":"Test Product","quantity":2,"price":10.0,"order":{"id":1,"customerName":"Test Customer","customerEmail":"test@example.com","status":"PENDING","createdAt":null,"updatedAt":null,"items":[{"id":1,"productName":"Test Product","quantity":2,"price":10.0,"order":{"id":1,"customerName":"Test Customer","customerEmail":"test@example.com","status":"PENDING","createdAt":null,"updatedAt":null,"items":[{"id":1,"productName":"Test Product","quantity":2,"price":10.0,"order":{"id":1,"customerName":"Test Customer","customerEmail":"test@example.com","status":"PENDING","createdAt":null,"updatedAt":null,"items":[{"id":1,"productName":"Test Product","quantity":2,"price":10.0,"order":{"id":1,"customerName":"Test Customer","customerEmail":"test@example.com","status":"PENDING","createdAt":null,"updatedAt":null,"items":[{"id":1,"productName":"Test Product","quantity":2,"price":10.0,"order":{"id":1,"customerName":"Test Customer","customerEmail":"test@example.com","status":"PENDING","createdAt":null,"updatedAt":null,"items":[{"id":1,"productName":"Test Product","quantity":2,"price":10.0,"order":{"id":1,"customerName":"Test Customer","customerEmail":"test@example.com","status":"PENDING","createdAt":null,"updatedAt":null,"items":[{"id":1,"productName":"Test Product","quantity":2,"price":10.0,"order":{"id":1,"customerName":"Test Customer","customerEmail":"test@example.com","status":"PENDING","createdAt":null,"updatedAt":null,"items":[{"id":1,"productName":"Test Product","quantity":2,"price":10.0,"order":{"id":1,"customerName":"Test Customer","customerEmail":"test@example.com","status":"PENDING","createdAt":null,"updatedAt":null,"items":[{"id":1,"productName":"Test Product","quantity":2,"price":10.0,"order":{"id":1,"customerName":"Test Customer","customerEmail":"test@example.com","status":"PENDING","createdAt":null,"updatedAt":null,"items":[{"id":1,"productName":"Test Product","quantity":2,"price":10.0,"order":{"id":1,"customerName":"Test Customer","customerEmail":"test@example.com","status":"PENDING","createdAt":null,"updatedAt":null,"items":[{"id":1,"productName":"Test Product","quantity":2,"price":10.0,"order":{"id":1,"customerName":"Test Customer","customerEmail":"test@example.com","status":"PENDING","createdAt":null,"updatedAt":null,"items":[{"id":1,"productName":"Test Product","quantity":2,"price":10.0,"order":{"id":1,"customerName":"Test Customer","customerEmail":"test@example.com","status":"PENDING","createdAt":null,"updatedAt":null,"items":[{"id":1,"productName":"Test Product","quantity":2,"price":10.0,"order":{"id":1,"customerName":"Test Customer","customerEmail":"test@example.com","status":"PENDING","createdAt":null,"updatedAt":null,"items":[{"id":1,"productName":"Test Product","quantity":2,"price":10.0,"order":{"id":1,"customerName":"Test Customer","customerEmail":"test@example.com","status":"PENDING","createdAt":null,"updatedAt":null,"items":[{"id":1,"productName":"Test Product","quantity":2,"price":10.0,"order":{"id":1,"customerName":"Test Customer","customerEmail":"test@example.com","status":"PENDING","createdAt":null,"updatedAt":null,"items":[{"id":1,"productName":"Test Product","quantity":2,"price":10.0,"order":{"id":1,"customerName":"Test Customer","customerEmail":"test@example.com","status":"PENDING","createdAt":null,"updatedAt":null,"items":[{"id":1,"productName":"Test Product","quantity":2,"price":10.0,"order":{"id":1,"customerName":"Test Customer","customerEmail":"test@example.com","status":"PENDING","createdAt":null,"updatedAt":null,"items":[{"id":1,"productName":"Test Product","quantity":2,"price":10.0,"order":{"id":1,"customerName":"Test Customer","customerEmail":"test@example.com","status":"PENDING","createdAt":null,"updatedAt":null,"items":[{"id":1,"productName":"Test Product","quantity":2,"price":10.0,"order":{"id":1,"customerName":"Test Customer","customerEmail":"test@example.com","status":"PENDING","createdAt":null,"updatedAt":null,"items":[{"id":1,"productName":"Test Product","quantity":2,"price":10.0,"order":{"id":1,"customerName":"Test Customer","customerEmail":"test@example.com","status":"PENDING","createdAt":null,"updatedAt":null,"items":[{"id":1,"productName":"Test Product","quantity":2,"price":10.0,"order":{"id":1,"customerName":"Test Customer","customerEmail":"test@example.com","status":"PENDING","createdAt":null,"updatedAt":null,"items":[{"id":1,"productName":"Test Product","quantity":2,"price":10.0,"order":{"id":1,"customerName":"Test Customer","customerEmail":"test@example.com","status":"PENDING","createdAt":null,"updatedAt":null,"items":[{"id":1,"productName":"Test Product","quantity":2,"price":10.0,"order":{"id":1,"customerName":"Test Customer","customerEmail":"test@example.com","status":"PENDING","createdAt":null,"updatedAt":null,"items":[{"id":1,"productName":"Test Product","quantity":2,"price":10.0,"order":{"id":1,"customerName":"Test Customer","customerEmail":"test@example.com","status":"PENDING","createdAt":null,"updatedAt":null,"items":[{"id":1,"productName":"Test Product","quantity":2,"price":10.0,"order":{"id":1,"customerName":"Test Customer","customerEmail":"test@example.com","status":"PENDING","createdAt":null,"updatedAt":null,"items":[{"id":1,"productName":"Test Product","quantity":2,"price":10.0,"order":{"id":1,"customerName":"Test Customer","customerEmail":"test@example.com","status":"PENDING","createdAt":null,"updatedAt":null,"items":[{"id":1,"productName":"Test Product","quantity":2,"price":10.0,"order":{"id":1,"customerName":"Test Customer","customerEmail":"test@example.com","status":"PENDING","createdAt":null,"updatedAt":null,"items":[{"id":1,"productName":"Test Product","quantity":2,"price":10.0,"order":{"id":1,"customerName":"Test Customer","customerEmail":"test@example.com","status":"PENDING","createdAt":null,"updatedAt":null,"items":[{"id":1,"productName":"Test Product","quantity":2,"price":10.0,"order":{"id":1,"customerName":"Test Customer","customerEmail":"test@example.com","status":"PENDING","createdAt":null,"updatedAt":null,"items":[{"id":1,"productName":"Test Product","quantity":2,"price":10.0,"order":{"id":1,"customerName":"Test Customer","customerEmail":"test@example.com","status":"PENDING","createdAt":null,"updatedAt":null,"items":[{"id":1,"productName":"Test Product","quantity":2,"price":10.0,"order":{"id":1,"customerName":"Test Customer","customerEmail":"test@example.com","status":"PENDING","createdAt":null,"updatedAt":null,"items":[{"id":1,"productName":"Test Product","quantity":2,"price":10.0,"order":{"id":1,"customerName":"Test Customer","customerEmail":"test@example.com","status":"PENDING","createdAt":null,"updatedAt":null,"items":[{"id":1,"productName":"Test Product","quantity":2,"price":10.0,"order":{"id":1,"customerName":"Test Customer","customerEmail":"test@example.com","status":"PENDING","createdAt":null,"updatedAt":null,"items":[{"id":1,"productName":"Test Product","quantity":2,"price":10.0,"order":{"id":1,"customerName":"Test Customer","customerEmail":"test@example.com","status":"PENDING","createdAt":null,"updatedAt":null,"items":[{"id":1,"productName":"Test Product","quantity":2,"price":10.0,"order":{"id":1,"customerName":"Test Customer","customerEmail":"test@example.com","status":"PENDING","createdAt":null,"updatedAt":null,"items":[{"id":1,"productName":"Test Product","quantity":2,"price":10.0,"order":{"id":1,"customerName":"Test Customer","customerEmail":"test@example.com","status":"PENDING","createdAt":null,"updatedAt":null,"items":[{"id":1,"productName":"Test Product","quantity":2,"price":10.0,"order":{"id":1,"customerName":"Test Customer","customerEmail":"test@example.com","status":"PENDING","createdAt":null,"updatedAt":null,"items":[{"id":1,"productName":"Test Product","quantity":2,"price":10.0,"order":{"id":1,"customerName":"Test Customer","customerEmail":"test@example.com","status":"PENDING","createdAt":null,"updatedAt":null,"items":[{"id":1,"productName":"Test Product","quantity":2,"price":10.0,"order":{"id":1,"customerName":"Test Customer","customerEmail":"test@example.com","status":"PENDING","createdAt":null,"updatedAt":null,"items":[{"id":1,"productName":"Test Product","quantity":2,"price":10.0,"order":{"id":1,"customerName":"Test Customer","customerEmail":"test@example.com","status":"PENDING","createdAt":null,"updatedAt":null,"items":[{"id":1,"productName":"Test Product","quantity":2,"price":10.0,"order":{"id":1,"customerName":"Test Customer","customerEmail":"test@example.com","status":"PENDING","createdAt":null,"updatedAt":null,"items":[{"id":1,"productName":"Test Product","quantity":2,"price":10.0,"order":{"id":1,"customerName":"Test Customer","customerEmail":"test@example.com","status":"PENDING","createdAt":null,"updatedAt":null,"items":[{"id":1,"productName":"Test Product","quantity":2,"price":10.0,"order":{"id":1,"customerName":"Test Customer","customerEmail":"test@example.com","status":"PENDING","createdAt":null,"updatedAt":null,"items":[{"id":1,"productName":"Test Product","quantity":2,"price":10.0,"order":{"id":1,"customerName":"Test Customer","customerEmail":"test@example.com","status":"PENDING","createdAt":null,"updatedAt":null,"items":[{"id":1,"productName":"Test Product","quantity":2,"price":10.0,"order":{"id":1,"customerName":"Test Customer","customerEmail":"test@example.com","status":"PENDING","createdAt":null,"updatedAt":null,"items":[{"id":1,"productName":"Test Product","quantity":2,"price":10.0,"order":{"id":1,"customerName":"Test Customer","customerEmail":"test@example.com","status":"PENDING","createdAt":null,"updatedAt":null,"items":[{"id":1,"productName":"Test Product","quantity":2,"price":10.0,"order":{"id":1,"customerName":"Test Customer","customerEmail":"test@example.com","status":"PENDING","createdAt":null,"updatedAt":null,"items":[{"id":1,"productName":"Test Product","quantity":2,"price":10.0,"order":{"id":1,"customerName":"Test Customer","customerEmail":"test@example.com","status":"PENDING","createdAt":null,"updatedAt":null,"items":[{"id":1,"productName":"Test Product","quantity":2,"price":10.0,"order":{"id":1,"customerName":"Test Customer","customerEmail":"test@example.com","status":"PENDING","createdAt":null,"updatedAt":null,"items":[{"id":1,"productName":"Test Product","quantity":2,"price":10.0,"order":{"id":1,"customerName":"Test Customer","customerEmail":"test@example.com","status":"PENDING","createdAt":null,"updatedAt":null,"items":[{"id":1,"productName":"Test Product","quantity":2,"price":10.0,"order":{"id":1,"customerName":"Test Customer","customerEmail":"test@example.com","status":"PENDING","createdAt":null,"updatedAt":null,"items":[{"id":1,"productName":"Test Product","quantity":2,"price":10.0,"order":{"id":1,"customerName":"Test Customer","customerEmail":"test@example.com","status":"PENDING","createdAt":null,"updatedAt":null,"items":[{"id":1,"productName":"Test Product","quantity":2,"price":10.0,"order":{"id":1,"customerName":"Test Customer","customerEmail":"test@example.com","status":"PENDING","createdAt":null,"updatedAt":null,"items":[{"id":1,"productName":"Test Product","quantity":2,"price":10.0,"order":{"id":1,"customerName":"Test Customer","customerEmail":"test@example.com","status":"PENDING","createdAt":null,"updatedAt":null,"items":[{"id":1,"productName":"Test Product","quantity":2,"price":10.0,"order":{"id":1,"customerName":"Test Customer","customerEmail":"test@example.com","status":"PENDING","createdAt":null,"updatedAt":null,"items":[{"id":1,"productName":"Test Product","quantity":2,"price":10.0,"order":{"id":1,"customerName":"Test Customer","customerEmail":"test@example.com","status":"PEN
[...]
	at com.fasterxml.jackson.databind.ser.std.BeanSerializerBase.serializeFields(BeanSerializerBase.java:772)
	at com.fasterxml.jackson.databind.ser.BeanSerializer.serialize(BeanSerializer.java:178)
	at com.fasterxml.jackson.databind.ser.impl.IndexedListSerializer.serializeContents(IndexedListSerializer.java:119)
	at com.fasterxml.jackson.databind.ser.impl.IndexedListSerializer.serialize(IndexedListSerializer.java:79)
	at com.fasterxml.jackson.databind.ser.impl.IndexedListSerializer.serialize(IndexedListSerializer.java:18)
	at com.fasterxml.jackson.databind.ser.BeanPropertyWriter.serializeAsField(BeanPropertyWriter.java:732)
	at com.fasterxml.jackson.databind.ser.std.BeanSerializerBase.serializeFields(BeanSerializerBase.java:772)
	at com.fasterxml.jackson.databind.ser.BeanSerializer.serialize(BeanSerializer.java:178)
	at com.fasterxml.jackson.databind.ser.BeanPropertyWriter.serializeAsField(BeanPropertyWriter.java:732)
	at com.fasterxml.jackson.databind.ser.std.BeanSerializerBase.serializeFields(BeanSerializerBase.java:772)
	at com.fasterxml.jackson.databind.ser.BeanSerializer.serialize(BeanSerializer.java:178)
	at com.fasterxml.jackson.databind.ser.impl.IndexedListSerializer.serializeContents(IndexedListSerializer.java:119)
	at com.fasterxml.jackson.databind.ser.impl.IndexedListSerializer.serialize(IndexedListSerializer.java:79)
	at com.fasterxml.jackson.databind.ser.impl.IndexedListSerializer.serialize(IndexedListSerializer.java:18)
	at com.fasterxml.jackson.databind.ser.BeanPropertyWriter.serializeAsField(BeanPropertyWriter.java:732)
	at com.fasterxml.jackson.databind.ser.std.BeanSerializerBase.serializeFields(BeanSerializerBase.java:772)
	at com.fasterxml.jackson.databind.ser.BeanSerializer.serialize(BeanSerializer.java:178)
	at com.fasterxml.jackson.databind.ser.BeanPropertyWriter.serializeAsField(BeanPropertyWriter.java:732)
	at com.fasterxml.jackson.databind.ser.std.BeanSerializerBase.serializeFields(BeanSerializerBase.java:772)
	at com.fasterxml.jackson.databind.ser.BeanSerializer.serialize(BeanSerializer.java:178)
	at com.fasterxml.jackson.databind.ser.impl.IndexedListSerializer.serializeContents(IndexedListSerializer.java:119)
	at com.fasterxml.jackson.databind.ser.impl.IndexedListSerializer.serialize(IndexedListSerializer.java:79)
	at com.fasterxml.jackson.databind.ser.impl.IndexedListSerializer.serialize(IndexedListSerializer.java:18)
	at com.fasterxml.jackson.databind.ser.BeanPropertyWriter.serializeAsField(BeanPropertyWriter.java:732)
	at com.fasterxml.jackson.databind.ser.std.BeanSerializerBase.serializeFields(BeanSerializerBase.java:772)
	at com.fasterxml.jackson.databind.ser.BeanSerializer.serialize(BeanSerializer.java:178)
	at com.fasterxml.jackson.databind.ser.BeanPropertyWriter.serializeAsField(BeanPropertyWriter.java:732)
	at com.fasterxml.jackson.databind.ser.std.BeanSerializerBase.serializeFields(BeanSerializerBase.java:772)
	at com.fasterxml.jackson.databind.ser.BeanSerializer.serialize(BeanSerializer.java:178)
	at com.fasterxml.jackson.databind.ser.impl.IndexedListSerializer.serializeContents(IndexedListSerializer.java:119)
	at com.fasterxml.jackson.databind.ser.impl.IndexedListSerializer.serialize(IndexedListSerializer.java:79)
	at com.fasterxml.jackson.databind.ser.impl.IndexedListSerializer.serialize(IndexedListSerializer.java:18)
	at com.fasterxml.jackson.databind.ser.BeanPropertyWriter.serializeAsField(BeanPropertyWriter.java:732)
	at com.fasterxml.jackson.databind.ser.std.BeanSerializerBase.serializeFields(BeanSerializerBase.java:772)
	at com.fasterxml.jackson.databind.ser.BeanSerializer.serialize(BeanSerializer.java:178)
	at com.fasterxml.jackson.databind.ser.BeanPropertyWriter.serializeAsField(BeanPropertyWriter.java:732)
	at com.fasterxml.jackson.databind.ser.std.BeanSerializerBase.serializeFields(BeanSerializerBase.java:772)
	at com.fasterxml.jackson.databind.ser.BeanSerializer.serialize(BeanSerializer.java:178)
	at com.fasterxml.jackson.databind.ser.impl.IndexedListSerializer.serializeContents(IndexedListSerializer.java:119)
	at com.fasterxml.jackson.databind.ser.impl.IndexedListSerializer.serialize(IndexedListSerializer.java:79)
	at com.fasterxml.jackson.databind.ser.impl.IndexedListSerializer.serialize(IndexedListSerializer.java:18)
	at com.fasterxml.jackson.databind.ser.BeanPropertyWriter.serializeAsField(BeanPropertyWriter.java:732)
	at com.fasterxml.jackson.databind.ser.std.BeanSerializerBase.serializeFields(BeanSerializerBase.java:772)
	at com.fasterxml.jackson.databind.ser.BeanSerializer.serialize(BeanSerializer.java:178)
	at com.fasterxml.jackson.databind.ser.BeanPropertyWriter.serializeAsField(BeanPropertyWriter.java:732)
	at com.fasterxml.jackson.databind.ser.std.BeanSerializerBase.serializeFields(BeanSerializerBase.java:772)
	at com.fasterxml.jackson.databind.ser.BeanSerializer.serialize(BeanSerializer.java:178)
	at com.fasterxml.jackson.databind.ser.impl.IndexedListSerializer.serializeContents(IndexedListSerializer.java:119)
	at com.fasterxml.jackson.databind.ser.impl.IndexedListSerializer.serialize(IndexedListSerializer.java:79)
	at com.fasterxml.jackson.databind.ser.impl.IndexedListSerializer.serialize(IndexedListSerializer.java:18)
	at com.fasterxml.jackson.databind.ser.BeanPropertyWriter.serializeAsField(BeanPropertyWriter.java:732)
	at com.fasterxml.jackson.databind.ser.std.BeanSerializerBase.serializeFields(BeanSerializerBase.java:772)
	at com.fasterxml.jackson.databind.ser.BeanSerializer.serialize(BeanSerializer.java:178)
	at com.fasterxml.jackson.databind.ser.BeanPropertyWriter.serializeAsField(BeanPropertyWriter.java:732)
	at com.fasterxml.jackson.databind.ser.std.BeanSerializerBase.serializeFields(BeanSerializerBase.java:772)
	at com.fasterxml.jackson.databind.ser.BeanSerializer.serialize(BeanSerializer.java:178)
	at com.fasterxml.jackson.databind.ser.impl.IndexedListSerializer.serializeContents(IndexedListSerializer.java:119)
	at com.fasterxml.jackson.databind.ser.impl.IndexedListSerializer.serialize(IndexedListSerializer.java:79)
	at com.fasterxml.jackson.databind.ser.impl.IndexedListSerializer.serialize(IndexedListSerializer.java:18)
	at com.fasterxml.jackson.databind.ser.BeanPropertyWriter.serializeAsField(BeanPropertyWriter.java:732)
	at com.fasterxml.jackson.databind.ser.std.BeanSerializerBase.serializeFields(BeanSerializerBase.java:772)
	at com.fasterxml.jackson.databind.ser.BeanSerializer.serialize(BeanSerializer.java:178)
	at com.fasterxml.jackson.databind.ser.BeanPropertyWriter.serializeAsField(BeanPropertyWriter.java:732)
	at com.fasterxml.jackson.databind.ser.std.BeanSerializerBase.serializeFields(BeanSerializerBase.java:772)
	at com.fasterxml.jackson.databind.ser.BeanSerializer.serialize(BeanSerializer.java:178)
	at com.fasterxml.jackson.databind.ser.impl.IndexedListSerializer.serializeContents(IndexedListSerializer.java:119)
	at com.fasterxml.jackson.databind.ser.impl.IndexedListSerializer.serialize(IndexedListSerializer.java:79)
	at com.fasterxml.jackson.databind.ser.impl.IndexedListSerializer.serialize(IndexedListSerializer.java:18)
	at com.fasterxml.jackson.databind.ser.BeanPropertyWriter.serializeAsField(BeanPropertyWriter.java:732)
	at com.fasterxml.jackson.databind.ser.std.BeanSerializerBase.serializeFields(BeanSerializerBase.java:772)
	at com.fasterxml.jackson.databind.ser.BeanSerializer.serialize(BeanSerializer.java:178)
	at com.fasterxml.jackson.databind.ser.BeanPropertyWriter.serializeAsField(BeanPropertyWriter.java:732)
	at com.fasterxml.jackson.databind.ser.std.BeanSerializerBase.serializeFields(BeanSerializerBase.java:772)
	at com.fasterxml.jackson.databind.ser.BeanSerializer.serialize(BeanSerializer.java:178)
	at com.fasterxml.jackson.databind.ser.impl.IndexedListSerializer.serializeContents(IndexedListSerializer.java:119)
	at com.fasterxml.jackson.databind.ser.impl.IndexedListSerializer.serialize(IndexedListSerializer.java:79)
	at com.fasterxml.jackson.databind.ser.impl.IndexedListSerializer.serialize(IndexedListSerializer.java:18)
	at com.fasterxml.jackson.databind.ser.BeanPropertyWriter.serializeAsField(BeanPropertyWriter.java:732)
	at com.fasterxml.jackson.databind.ser.std.BeanSerializerBase.serializeFields(BeanSerializerBase.java:772)
	at com.fasterxml.jackson.databind.ser.BeanSerializer.serialize(BeanSerializer.java:178)
	at com.fasterxml.jackson.databind.ser.BeanPropertyWriter.serializeAsField(BeanPropertyWriter.java:732)
	at com.fasterxml.jackson.databind.ser.std.BeanSerializerBase.serializeFields(BeanSerializerBase.java:772)
	at com.fasterxml.jackson.databind.ser.BeanSerializer.serialize(BeanSerializer.java:178)
	at com.fasterxml.jackson.databind.ser.impl.IndexedListSerializer.serializeContents(IndexedListSerializer.java:119)
	at com.fasterxml.jackson.databind.ser.impl.IndexedListSerializer.serialize(IndexedListSerializer.java:79)
	at com.fasterxml.jackson.databind.ser.impl.IndexedListSerializer.serialize(IndexedListSerializer.java:18)
	at com.fasterxml.jackson.databind.ser.BeanPropertyWriter.serializeAsField(BeanPropertyWriter.java:732)
	at com.fasterxml.jackson.databind.ser.std.BeanSerializerBase.serializeFields(BeanSerializerBase.java:772)
	at com.fasterxml.jackson.databind.ser.BeanSerializer.serialize(BeanSerializer.java:178)
	at com.fasterxml.jackson.databind.ser.BeanPropertyWriter.serializeAsField(BeanPropertyWriter.java:732)
	at com.fasterxml.jackson.databind.ser.std.BeanSerializerBase.serializeFields(BeanSerializerBase.java:772)
	at com.fasterxml.jackson.databind.ser.BeanSerializer.serialize(BeanSerializer.java:178)
	at com.fasterxml.jackson.databind.ser.impl.IndexedListSerializer.serializeContents(IndexedListSerializer.java:119)
	at com.fasterxml.jackson.databind.ser.impl.IndexedListSerializer.serialize(IndexedListSerializer.java:79)
	at com.fasterxml.jackson.databind.ser.impl.IndexedListSerializer.serialize(IndexedListSerializer.java:18)
	at com.fasterxml.jackson.databind.ser.BeanPropertyWriter.serializeAsField(BeanPropertyWriter.java:732)
	at com.fasterxml.jackson.databind.ser.std.BeanSerializerBase.serializeFields(BeanSerializerBase.java:772)
	at com.fasterxml.jackson.databind.ser.BeanSerializer.serialize(BeanSerializer.java:178)
	at com.fasterxml.jackson.databind.ser.BeanPropertyWriter.serializeAsField(BeanPropertyWriter.java:732)
	at com.fasterxml.jackson.databind.ser.std.BeanSerializerBase.serializeFields(BeanSerializerBase.java:772)
	at com.fasterxml.jackson.databind.ser.BeanSerializer.serialize(BeanSerializer.java:178)
	at com.fasterxml.jackson.databind.ser.impl.IndexedListSerializer.serializeContents(IndexedListSerializer.java:119)
	at com.fasterxml.jackson.databind.ser.impl.IndexedListSerializer.serialize(IndexedListSerializer.java:79)
	at com.fasterxml.jackson.databind.ser.impl.IndexedListSerializer.serialize(IndexedListSerializer.java:18)
	at com.fasterxml.jackson.databind.ser.BeanPropertyWriter.serializeAsField(BeanPropertyWriter.java:732)
	at com.fasterxml.jackson.databind.ser.std.BeanSerializerBase.serializeFields(BeanSerializerBase.java:772)
	at com.fasterxml.jackson.databind.ser.BeanSerializer.serialize(BeanSerializer.java:178)
	at com.fasterxml.jackson.databind.ser.BeanPropertyWriter.serializeAsField(BeanPropertyWriter.java:732)
	at com.fasterxml.jackson.databind.ser.std.BeanSerializerBase.serializeFields(BeanSerializerBase.java:772)
	at com.fasterxml.jackson.databind.ser.BeanSerializer.serialize(BeanSerializer.java:178)
	at com.fasterxml.jackson.databind.ser.impl.IndexedListSerializer.serializeContents(IndexedListSerializer.java:119)
	at com.fasterxml.jackson.databind.ser.impl.IndexedListSerializer.serialize(IndexedListSerializer.java:79)
	at com.fasterxml.jackson.databind.ser.impl.IndexedListSerializer.serialize(IndexedListSerializer.java:18)
	at com.fasterxml.jackson.databind.ser.BeanPropertyWriter.serializeAsField(BeanPropertyWriter.java:732)
	at com.fasterxml.jackson.databind.ser.std.BeanSerializerBase.serializeFields(BeanSerializerBase.java:772)
	at com.fasterxml.jackson.databind.ser.BeanSerializer.serialize(BeanSerializer.java:178)
	at com.fasterxml.jackson.databind.ser.BeanPropertyWriter.serializeAsField(BeanPropertyWriter.java:732)
	at com.fasterxml.jackson.databind.ser.std.BeanSerializerBase.serializeFields(BeanSerializerBase.java:772)
	at com.fasterxml.jackson.databind.ser.BeanSerializer.serialize(BeanSerializer.java:178)
	at com.fasterxml.jackson.databind.ser.impl.IndexedListSerializer.serializeContents(IndexedListSerializer.java:119)
	at com.fasterxml.jackson.databind.ser.impl.IndexedListSerializer.serialize(IndexedListSerializer.java:79)
	at com.fasterxml.jackson.databind.ser.impl.IndexedListSerializer.serialize(IndexedListSerializer.java:18)
	at com.fasterxml.jackson.databind.ser.BeanPropertyWriter.serializeAsField(BeanPropertyWriter.java:732)
	at com.fasterxml.jackson.databind.ser.std.BeanSerializerBase.serializeFields(BeanSerializerBase.java:772)
	at com.fasterxml.jackson.databind.ser.BeanSerializer.serialize(BeanSerializer.java:178)
	at com.fasterxml.jackson.databind.ser.BeanPropertyWriter.serializeAsField(BeanPropertyWriter.java:732)
	at com.fasterxml.jackson.databind.ser.std.BeanSerializerBase.serializeFields(BeanSerializerBase.java:772)
	at com.fasterxml.jackson.databind.ser.BeanSerializer.serialize(BeanSerializer.java:178)
	at com.fasterxml.jackson.databind.ser.impl.IndexedListSerializer.serializeContents(IndexedListSerializer.java:119)
	at com.fasterxml.jackson.databind.ser.impl.IndexedListSerializer.serialize(IndexedListSerializer.java:79)
	at com.fasterxml.jackson.databind.ser.impl.IndexedListSerializer.serialize(IndexedListSerializer.java:18)
	at com.fasterxml.jackson.databind.ser.BeanPropertyWriter.serializeAsField(BeanPropertyWriter.java:732)
	at com.fasterxml.jackson.databind.ser.std.BeanSerializerBase.serializeFields(BeanSerializerBase.java:772)
	at com.fasterxml.jackson.databind.ser.BeanSerializer.serialize(BeanSerializer.java:178)
	at com.fasterxml.jackson.databind.ser.BeanPropertyWriter.serializeAsField(BeanPropertyWriter.java:732)
	at com.fasterxml.jackson.databind.ser.std.BeanSerializerBase.serializeFields(BeanSerializerBase.java:772)
	at com.fasterxml.jackson.databind.ser.BeanSerializer.serialize(BeanSerializer.java:178)
	at com.fasterxml.jackson.databind.ser.impl.IndexedListSerializer.serializeContents(IndexedListSerializer.java:119)
	at com.fasterxml.jackson.databind.ser.impl.IndexedListSerializer.serialize(IndexedListSerializer.java:79)
	at com.fasterxml.jackson.databind.ser.impl.IndexedListSerializer.serialize(IndexedListSerializer.java:18)
	at com.fasterxml.jackson.databind.ser.BeanPropertyWriter.serializeAsField(BeanPropertyWriter.java:732)
	at com.fasterxml.jackson.databind.ser.std.BeanSerializerBase.serializeFields(BeanSerializerBase.java:772)
	at com.fasterxml.jackson.databind.ser.BeanSerializer.serialize(BeanSerializer.java:178)
	at com.fasterxml.jackson.databind.ser.BeanPropertyWriter.serializeAsField(BeanPropertyWriter.java:732)
	at com.fasterxml.jackson.databind.ser.std.BeanSerializerBase.serializeFields(BeanSerializerBase.java:772)
	at com.fasterxml.jackson.databind.ser.BeanSerializer.serialize(BeanSerializer.java:178)
	at com.fasterxml.jackson.databind.ser.impl.IndexedListSerializer.serializeContents(IndexedListSerializer.java:119)
	at com.fasterxml.jackson.databind.ser.impl.IndexedListSerializer.serialize(IndexedListSerializer.java:79)
	at com.fasterxml.jackson.databind.ser.impl.IndexedListSerializer.serialize(IndexedListSerializer.java:18)
	at com.fasterxml.jackson.databind.ser.BeanPropertyWriter.serializeAsField(BeanPropertyWriter.java:732)
]]></error>
  </testcase>
  <testcase name="getOrderById_WhenOrderDoesNotExist_ShouldReturn404" classname="com.example.ordermanagement.controller.OrderControllerTest" time="0.016">
    <error message="Request processing failed: java.lang.RuntimeException: Order not found" type="jakarta.servlet.ServletException"><![CDATA[jakarta.servlet.ServletException: Request processing failed: java.lang.RuntimeException: Order not found
	at org.springframework.web.servlet.FrameworkServlet.processRequest(FrameworkServlet.java:1022)
	at org.springframework.web.servlet.FrameworkServlet.doGet(FrameworkServlet.java:903)
	at jakarta.servlet.http.HttpServlet.service(HttpServlet.java:564)
	at org.springframework.web.servlet.FrameworkServlet.service(FrameworkServlet.java:885)
	at org.springframework.test.web.servlet.TestDispatcherServlet.service(TestDispatcherServlet.java:72)
	at jakarta.servlet.http.HttpServlet.service(HttpServlet.java:658)
	at org.springframework.mock.web.MockFilterChain$ServletFilterProxy.doFilter(MockFilterChain.java:165)
	at org.springframework.mock.web.MockFilterChain.doFilter(MockFilterChain.java:132)
	at org.springframework.web.filter.RequestContextFilter.doFilterInternal(RequestContextFilter.java:100)
	at org.springframework.web.filter.OncePerRequestFilter.doFilter(OncePerRequestFilter.java:116)
	at org.springframework.test.web.servlet.setup.MockMvcFilterDecorator.doFilter(MockMvcFilterDecorator.java:151)
	at org.springframework.mock.web.MockFilterChain.doFilter(MockFilterChain.java:132)
	at org.springframework.web.filter.FormContentFilter.doFilterInternal(FormContentFilter.java:93)
	at org.springframework.web.filter.OncePerRequestFilter.doFilter(OncePerRequestFilter.java:116)
	at org.springframework.test.web.servlet.setup.MockMvcFilterDecorator.doFilter(MockMvcFilterDecorator.java:151)
	at org.springframework.mock.web.MockFilterChain.doFilter(MockFilterChain.java:132)
	at org.springframework.web.filter.CharacterEncodingFilter.doFilterInternal(CharacterEncodingFilter.java:201)
	at org.springframework.web.filter.OncePerRequestFilter.doFilter(OncePerRequestFilter.java:116)
	at org.springframework.test.web.servlet.setup.MockMvcFilterDecorator.doFilter(MockMvcFilterDecorator.java:151)
	at org.springframework.mock.web.MockFilterChain.doFilter(MockFilterChain.java:132)
	at org.springframework.test.web.servlet.MockMvc.perform(MockMvc.java:201)
	at com.example.ordermanagement.controller.OrderControllerTest.getOrderById_WhenOrderDoesNotExist_ShouldReturn404(OrderControllerTest.java:83)
	at java.base/java.lang.reflect.Method.invoke(Method.java:569)
	at java.base/java.util.ArrayList.forEach(ArrayList.java:1511)
	at java.base/java.util.ArrayList.forEach(ArrayList.java:1511)
Caused by: java.lang.RuntimeException: Order not found
	at com.example.ordermanagement.service.OrderService.getOrderById(OrderService.java:26)
	at com.example.ordermanagement.controller.OrderController.getOrderById(OrderController.java:26)
	at java.base/jdk.internal.reflect.NativeMethodAccessorImpl.invoke0(Native Method)
	at java.base/jdk.internal.reflect.NativeMethodAccessorImpl.invoke(NativeMethodAccessorImpl.java:77)
	at java.base/jdk.internal.reflect.DelegatingMethodAccessorImpl.invoke(DelegatingMethodAccessorImpl.java:43)
	at java.base/java.lang.reflect.Method.invoke(Method.java:569)
	at org.springframework.web.method.support.InvocableHandlerMethod.doInvoke(InvocableHandlerMethod.java:259)
	at org.springframework.web.method.support.InvocableHandlerMethod.invokeForRequest(InvocableHandlerMethod.java:192)
	at org.springframework.web.servlet.mvc.method.annotation.ServletInvocableHandlerMethod.invokeAndHandle(ServletInvocableHandlerMethod.java:118)
	at org.springframework.web.servlet.mvc.method.annotation.RequestMappingHandlerAdapter.invokeHandlerMethod(RequestMappingHandlerAdapter.java:920)
	at org.springframework.web.servlet.mvc.method.annotation.RequestMappingHandlerAdapter.handleInternal(RequestMappingHandlerAdapter.java:830)
	at org.springframework.web.servlet.mvc.method.AbstractHandlerMethodAdapter.handle(AbstractHandlerMethodAdapter.java:87)
	at org.springframework.web.servlet.DispatcherServlet.doDispatch(DispatcherServlet.java:1089)
	at org.springframework.web.servlet.DispatcherServlet.doService(DispatcherServlet.java:979)
	at org.springframework.web.servlet.FrameworkServlet.processRequest(FrameworkServlet.java:1014)
	... 24 more
]]></error>
  </testcase>
</testsuite>